     1 00000000                                 [FORMAT "WCOFF"]
     2 00000000                                 [INSTRSET "i486p"]
     3 00000000                                 [OPTIMIZE 1]
     4 00000000                                 [OPTION 1]
     5 00000000                                 [BITS 32]
     6 00000000                                 	EXTERN	_sprintf
     7 00000000                                 	EXTERN	_io_hlt
     8 00000000                                 	EXTERN	_io_load_eflags
     9 00000000                                 	EXTERN	_io_cli
    10 00000000                                 	EXTERN	_io_out8
    11 00000000                                 	EXTERN	_io_store_eflags
    12 00000000                                 	EXTERN	_hankaku
    13 00000000                                 [FILE "bootpack.c"]
    14                                          [SECTION .data]
    15 00000000                                 LC0:
    16 00000000 73 63 72 6E 78 20 3D 20 25 64   	DB	"scrnx = %d",0x00
       0000000A 00 
    17                                          [SECTION .text]
    18 00000000                                 	GLOBAL	_HariMain
    19 00000000                                 _HariMain:
    20 00000000 55                              	PUSH	EBP
    21 00000001 89 E5                           	MOV	EBP,ESP
    22 00000003 57                              	PUSH	EDI
    23 00000004 56                              	PUSH	ESI
    24 00000005 53                              	PUSH	EBX
    25 00000006 8D 9D FFFFFEC4                  	LEA	EBX,DWORD [-316+EBP]
    26 0000000C 81 EC 00000130                  	SUB	ESP,304
    27 00000012 E8 000000A3                     	CALL	_init_palette
    28 00000017 0F BF 05 00000FF6               	MOVSX	EAX,WORD [4086]
    29 0000001E 50                              	PUSH	EAX
    30 0000001F 0F BF 05 00000FF4               	MOVSX	EAX,WORD [4084]
    31 00000026 50                              	PUSH	EAX
    32 00000027 FF 35 00000FF8                  	PUSH	DWORD [4088]
    33 0000002D E8 00000174                     	CALL	_init_screen8
    34 00000032 B9 00000002                     	MOV	ECX,2
    35 00000037 0F BF 05 00000FF4               	MOVSX	EAX,WORD [4084]
    36 0000003E 8D 50 F0                        	LEA	EDX,DWORD [-16+EAX]
    37 00000041 89 D0                           	MOV	EAX,EDX
    38 00000043 99                              	CDQ
    39 00000044 F7 F9                           	IDIV	ECX
    40 00000046 0F BF 15 00000FF6               	MOVSX	EDX,WORD [4086]
    41 0000004D 83 EA 2C                        	SUB	EDX,44
    42 00000050 89 C7                           	MOV	EDI,EAX
    43 00000052 89 D0                           	MOV	EAX,EDX
    44 00000054 6A 0E                           	PUSH	14
    45 00000056 99                              	CDQ
    46 00000057 F7 F9                           	IDIV	ECX
    47 00000059 53                              	PUSH	EBX
    48 0000005A 89 C6                           	MOV	ESI,EAX
    49 0000005C E8 000003A5                     	CALL	_init_mouse_cursor8
    50 00000061 6A 10                           	PUSH	16
    51 00000063 53                              	PUSH	EBX
    52 00000064 8D 5D C4                        	LEA	EBX,DWORD [-60+EBP]
    53 00000067 56                              	PUSH	ESI
    54 00000068 57                              	PUSH	EDI
    55 00000069 6A 10                           	PUSH	16
    56 0000006B 6A 10                           	PUSH	16
    57 0000006D 0F BF 05 00000FF4               	MOVSX	EAX,WORD [4084]
    58 00000074 50                              	PUSH	EAX
    59 00000075 FF 35 00000FF8                  	PUSH	DWORD [4088]
    60 0000007B E8 000003E3                     	CALL	_putblock8_8
    61 00000080 83 C4 34                        	ADD	ESP,52
    62 00000083 0F BF 05 00000FF4               	MOVSX	EAX,WORD [4084]
    63 0000008A 50                              	PUSH	EAX
    64 0000008B 68 [00000000]                   	PUSH	LC0
    65 00000090 53                              	PUSH	EBX
    66 00000091 E8 [00000000]                   	CALL	_sprintf
    67 00000096 53                              	PUSH	EBX
    68 00000097 6A 07                           	PUSH	7
    69 00000099 6A 00                           	PUSH	0
    70 0000009B 6A 00                           	PUSH	0
    71 0000009D 0F BF 05 00000FF4               	MOVSX	EAX,WORD [4084]
    72 000000A4 50                              	PUSH	EAX
    73 000000A5 FF 35 00000FF8                  	PUSH	DWORD [4088]
    74 000000AB E8 00000307                     	CALL	_putfont8_asc
    75 000000B0 83 C4 24                        	ADD	ESP,36
    76 000000B3                                 L2:
    77 000000B3 E8 [00000000]                   	CALL	_io_hlt
    78 000000B8 EB F9                           	JMP	L2
    79                                          [SECTION .data]
    80 0000000B                                 _table_rgb.0:
    81 0000000B 00                              	DB	0
    82 0000000C 00                              	DB	0
    83 0000000D 00                              	DB	0
    84 0000000E FF                              	DB	-1
    85 0000000F 00                              	DB	0
    86 00000010 00                              	DB	0
    87 00000011 00                              	DB	0
    88 00000012 FF                              	DB	-1
    89 00000013 00                              	DB	0
    90 00000014 FF                              	DB	-1
    91 00000015 FF                              	DB	-1
    92 00000016 00                              	DB	0
    93 00000017 00                              	DB	0
    94 00000018 00                              	DB	0
    95 00000019 FF                              	DB	-1
    96 0000001A FF                              	DB	-1
    97 0000001B 00                              	DB	0
    98 0000001C FF                              	DB	-1
    99 0000001D 00                              	DB	0
   100 0000001E FF                              	DB	-1
   101 0000001F FF                              	DB	-1
   102 00000020 FF                              	DB	-1
   103 00000021 FF                              	DB	-1
   104 00000022 FF                              	DB	-1
   105 00000023 C6                              	DB	-58
   106 00000024 C6                              	DB	-58
   107 00000025 C6                              	DB	-58
   108 00000026 84                              	DB	-124
   109 00000027 00                              	DB	0
   110 00000028 00                              	DB	0
   111 00000029 00                              	DB	0
   112 0000002A 84                              	DB	-124
   113 0000002B 00                              	DB	0
   114 0000002C 84                              	DB	-124
   115 0000002D 84                              	DB	-124
   116 0000002E 00                              	DB	0
   117 0000002F 00                              	DB	0
   118 00000030 00                              	DB	0
   119 00000031 84                              	DB	-124
   120 00000032 84                              	DB	-124
   121 00000033 00                              	DB	0
   122 00000034 84                              	DB	-124
   123 00000035 00                              	DB	0
   124 00000036 84                              	DB	-124
   125 00000037 84                              	DB	-124
   126 00000038 84                              	DB	-124
   127 00000039 84                              	DB	-124
   128 0000003A 84                              	DB	-124
   129                                          [SECTION .text]
   130 000000BA                                 	GLOBAL	_init_palette
   131 000000BA                                 _init_palette:
   132 000000BA 55                              	PUSH	EBP
   133 000000BB 89 E5                           	MOV	EBP,ESP
   134 000000BD 68 [0000000B]                   	PUSH	_table_rgb.0
   135 000000C2 6A 0F                           	PUSH	15
   136 000000C4 6A 00                           	PUSH	0
   137 000000C6 E8 00000002                     	CALL	_set_palette
   138 000000CB C9                              	LEAVE
   139 000000CC C3                              	RET
   140 000000CD                                 	GLOBAL	_set_palette
   141 000000CD                                 _set_palette:
   142 000000CD 55                              	PUSH	EBP
   143 000000CE 89 E5                           	MOV	EBP,ESP
   144 000000D0 57                              	PUSH	EDI
   145 000000D1 56                              	PUSH	ESI
   146 000000D2 53                              	PUSH	EBX
   147 000000D3 51                              	PUSH	ECX
   148 000000D4 8B 5D 08                        	MOV	EBX,DWORD [8+EBP]
   149 000000D7 8B 7D 0C                        	MOV	EDI,DWORD [12+EBP]
   150 000000DA 8B 75 10                        	MOV	ESI,DWORD [16+EBP]
   151 000000DD E8 [00000000]                   	CALL	_io_load_eflags
   152 000000E2 89 45 F0                        	MOV	DWORD [-16+EBP],EAX
   153 000000E5 E8 [00000000]                   	CALL	_io_cli
   154 000000EA 53                              	PUSH	EBX
   155 000000EB 68 000003C8                     	PUSH	968
   156 000000F0 E8 [00000000]                   	CALL	_io_out8
   157 000000F5 39 FB                           	CMP	EBX,EDI
   158 000000F7 58                              	POP	EAX
   159 000000F8 5A                              	POP	EDX
   160 000000F9 7E 12                           	JLE	L11
   161 000000FB                                 L13:
   162 000000FB 8B 45 F0                        	MOV	EAX,DWORD [-16+EBP]
   163 000000FE 89 45 08                        	MOV	DWORD [8+EBP],EAX
   164 00000101 8D 65 F4                        	LEA	ESP,DWORD [-12+EBP]
   165 00000104 5B                              	POP	EBX
   166 00000105 5E                              	POP	ESI
   167 00000106 5F                              	POP	EDI
   168 00000107 5D                              	POP	EBP
   169 00000108 E9 [00000000]                   	JMP	_io_store_eflags
   170 0000010D                                 L11:
   171 0000010D 8A 06                           	MOV	AL,BYTE [ESI]
   172 0000010F 43                              	INC	EBX
   173 00000110 C0 E8 02                        	SHR	AL,2
   174 00000113 0F B6 C0                        	MOVZX	EAX,AL
   175 00000116 50                              	PUSH	EAX
   176 00000117 68 000003C9                     	PUSH	969
   177 0000011C E8 [00000000]                   	CALL	_io_out8
   178 00000121 8A 46 01                        	MOV	AL,BYTE [1+ESI]
   179 00000124 C0 E8 02                        	SHR	AL,2
   180 00000127 0F B6 C0                        	MOVZX	EAX,AL
   181 0000012A 50                              	PUSH	EAX
   182 0000012B 68 000003C9                     	PUSH	969
   183 00000130 E8 [00000000]                   	CALL	_io_out8
   184 00000135 8A 46 02                        	MOV	AL,BYTE [2+ESI]
   185 00000138 C0 E8 02                        	SHR	AL,2
   186 0000013B 83 C6 03                        	ADD	ESI,3
   187 0000013E 0F B6 C0                        	MOVZX	EAX,AL
   188 00000141 50                              	PUSH	EAX
   189 00000142 68 000003C9                     	PUSH	969
   190 00000147 E8 [00000000]                   	CALL	_io_out8
   191 0000014C 83 C4 18                        	ADD	ESP,24
   192 0000014F 39 FB                           	CMP	EBX,EDI
   193 00000151 7E BA                           	JLE	L11
   194 00000153 EB A6                           	JMP	L13
   195 00000155                                 	GLOBAL	_boxfill8
   196 00000155                                 _boxfill8:
   197 00000155 55                              	PUSH	EBP
   198 00000156 89 E5                           	MOV	EBP,ESP
   199 00000158 57                              	PUSH	EDI
   200 00000159 56                              	PUSH	ESI
   201 0000015A 53                              	PUSH	EBX
   202 0000015B 57                              	PUSH	EDI
   203 0000015C 57                              	PUSH	EDI
   204 0000015D 8A 45 10                        	MOV	AL,BYTE [16+EBP]
   205 00000160 8B 4D 18                        	MOV	ECX,DWORD [24+EBP]
   206 00000163 8B 7D 1C                        	MOV	EDI,DWORD [28+EBP]
   207 00000166 88 45 F3                        	MOV	BYTE [-13+EBP],AL
   208 00000169 3B 4D 20                        	CMP	ECX,DWORD [32+EBP]
   209 0000016C 7F 31                           	JG	L26
   210 0000016E 8B 5D 0C                        	MOV	EBX,DWORD [12+EBP]
   211 00000171 0F AF D9                        	IMUL	EBX,ECX
   212 00000174                                 L24:
   213 00000174 8B 55 14                        	MOV	EDX,DWORD [20+EBP]
   214 00000177 39 FA                           	CMP	EDX,EDI
   215 00000179 7F 1B                           	JG	L28
   216 0000017B 8B 75 08                        	MOV	ESI,DWORD [8+EBP]
   217 0000017E 01 DE                           	ADD	ESI,EBX
   218 00000180 01 D6                           	ADD	ESI,EDX
   219 00000182 89 75 EC                        	MOV	DWORD [-20+EBP],ESI
   220 00000185                                 L23:
   221 00000185 8B 75 EC                        	MOV	ESI,DWORD [-20+EBP]
   222 00000188 8A 45 F3                        	MOV	AL,BYTE [-13+EBP]
   223 0000018B 42                              	INC	EDX
   224 0000018C 88 06                           	MOV	BYTE [ESI],AL
   225 0000018E 46                              	INC	ESI
   226 0000018F 89 75 EC                        	MOV	DWORD [-20+EBP],ESI
   227 00000192 39 FA                           	CMP	EDX,EDI
   228 00000194 7E EF                           	JLE	L23
   229 00000196                                 L28:
   230 00000196 41                              	INC	ECX
   231 00000197 03 5D 0C                        	ADD	EBX,DWORD [12+EBP]
   232 0000019A 3B 4D 20                        	CMP	ECX,DWORD [32+EBP]
   233 0000019D 7E D5                           	JLE	L24
   234 0000019F                                 L26:
   235 0000019F 5B                              	POP	EBX
   236 000001A0 5E                              	POP	ESI
   237 000001A1 5B                              	POP	EBX
   238 000001A2 5E                              	POP	ESI
   239 000001A3 5F                              	POP	EDI
   240 000001A4 5D                              	POP	EBP
   241 000001A5 C3                              	RET
   242 000001A6                                 	GLOBAL	_init_screen8
   243 000001A6                                 _init_screen8:
   244 000001A6 55                              	PUSH	EBP
   245 000001A7 89 E5                           	MOV	EBP,ESP
   246 000001A9 57                              	PUSH	EDI
   247 000001AA 56                              	PUSH	ESI
   248 000001AB 53                              	PUSH	EBX
   249 000001AC 83 EC 0C                        	SUB	ESP,12
   250 000001AF 8B 45 10                        	MOV	EAX,DWORD [16+EBP]
   251 000001B2 8B 7D 0C                        	MOV	EDI,DWORD [12+EBP]
   252 000001B5 83 E8 1D                        	SUB	EAX,29
   253 000001B8 4F                              	DEC	EDI
   254 000001B9 50                              	PUSH	EAX
   255 000001BA 57                              	PUSH	EDI
   256 000001BB 6A 00                           	PUSH	0
   257 000001BD 6A 00                           	PUSH	0
   258 000001BF 6A 0E                           	PUSH	14
   259 000001C1 FF 75 0C                        	PUSH	DWORD [12+EBP]
   260 000001C4 FF 75 08                        	PUSH	DWORD [8+EBP]
   261 000001C7 E8 FFFFFF89                     	CALL	_boxfill8
   262 000001CC 8B 45 10                        	MOV	EAX,DWORD [16+EBP]
   263 000001CF 83 E8 1C                        	SUB	EAX,28
   264 000001D2 50                              	PUSH	EAX
   265 000001D3 57                              	PUSH	EDI
   266 000001D4 50                              	PUSH	EAX
   267 000001D5 6A 00                           	PUSH	0
   268 000001D7 6A 08                           	PUSH	8
   269 000001D9 FF 75 0C                        	PUSH	DWORD [12+EBP]
   270 000001DC FF 75 08                        	PUSH	DWORD [8+EBP]
   271 000001DF E8 FFFFFF71                     	CALL	_boxfill8
   272 000001E4 8B 45 10                        	MOV	EAX,DWORD [16+EBP]
   273 000001E7 83 C4 38                        	ADD	ESP,56
   274 000001EA 83 E8 1B                        	SUB	EAX,27
   275 000001ED 50                              	PUSH	EAX
   276 000001EE 57                              	PUSH	EDI
   277 000001EF 50                              	PUSH	EAX
   278 000001F0 6A 00                           	PUSH	0
   279 000001F2 6A 07                           	PUSH	7
   280 000001F4 FF 75 0C                        	PUSH	DWORD [12+EBP]
   281 000001F7 FF 75 08                        	PUSH	DWORD [8+EBP]
   282 000001FA E8 FFFFFF56                     	CALL	_boxfill8
   283 000001FF 8B 45 10                        	MOV	EAX,DWORD [16+EBP]
   284 00000202 48                              	DEC	EAX
   285 00000203 50                              	PUSH	EAX
   286 00000204 8B 45 10                        	MOV	EAX,DWORD [16+EBP]
   287 00000207 57                              	PUSH	EDI
   288 00000208 83 E8 1A                        	SUB	EAX,26
   289 0000020B 50                              	PUSH	EAX
   290 0000020C 6A 00                           	PUSH	0
   291 0000020E 6A 08                           	PUSH	8
   292 00000210 FF 75 0C                        	PUSH	DWORD [12+EBP]
   293 00000213 FF 75 08                        	PUSH	DWORD [8+EBP]
   294 00000216 E8 FFFFFF3A                     	CALL	_boxfill8
   295 0000021B 8B 75 10                        	MOV	ESI,DWORD [16+EBP]
   296 0000021E 83 C4 38                        	ADD	ESP,56
   297 00000221 83 EE 18                        	SUB	ESI,24
   298 00000224 56                              	PUSH	ESI
   299 00000225 6A 3B                           	PUSH	59
   300 00000227 56                              	PUSH	ESI
   301 00000228 6A 03                           	PUSH	3
   302 0000022A 6A 07                           	PUSH	7
   303 0000022C FF 75 0C                        	PUSH	DWORD [12+EBP]
   304 0000022F FF 75 08                        	PUSH	DWORD [8+EBP]
   305 00000232 E8 FFFFFF1E                     	CALL	_boxfill8
   306 00000237 8B 45 10                        	MOV	EAX,DWORD [16+EBP]
   307 0000023A 83 E8 04                        	SUB	EAX,4
   308 0000023D 50                              	PUSH	EAX
   309 0000023E 89 45 F0                        	MOV	DWORD [-16+EBP],EAX
   310 00000241 6A 02                           	PUSH	2
   311 00000243 56                              	PUSH	ESI
   312 00000244 6A 02                           	PUSH	2
   313 00000246 6A 07                           	PUSH	7
   314 00000248 FF 75 0C                        	PUSH	DWORD [12+EBP]
   315 0000024B FF 75 08                        	PUSH	DWORD [8+EBP]
   316 0000024E E8 FFFFFF02                     	CALL	_boxfill8
   317 00000253 83 C4 38                        	ADD	ESP,56
   318 00000256 FF 75 F0                        	PUSH	DWORD [-16+EBP]
   319 00000259 6A 3B                           	PUSH	59
   320 0000025B FF 75 F0                        	PUSH	DWORD [-16+EBP]
   321 0000025E 6A 03                           	PUSH	3
   322 00000260 6A 0F                           	PUSH	15
   323 00000262 FF 75 0C                        	PUSH	DWORD [12+EBP]
   324 00000265 FF 75 08                        	PUSH	DWORD [8+EBP]
   325 00000268 E8 FFFFFEE8                     	CALL	_boxfill8
   326 0000026D 8B 45 10                        	MOV	EAX,DWORD [16+EBP]
   327 00000270 83 E8 05                        	SUB	EAX,5
   328 00000273 50                              	PUSH	EAX
   329 00000274 8B 45 10                        	MOV	EAX,DWORD [16+EBP]
   330 00000277 6A 3B                           	PUSH	59
   331 00000279 83 E8 17                        	SUB	EAX,23
   332 0000027C 50                              	PUSH	EAX
   333 0000027D 89 45 EC                        	MOV	DWORD [-20+EBP],EAX
   334 00000280 6A 3B                           	PUSH	59
   335 00000282 6A 0F                           	PUSH	15
   336 00000284 FF 75 0C                        	PUSH	DWORD [12+EBP]
   337 00000287 FF 75 08                        	PUSH	DWORD [8+EBP]
   338 0000028A E8 FFFFFEC6                     	CALL	_boxfill8
   339 0000028F 8B 45 10                        	MOV	EAX,DWORD [16+EBP]
   340 00000292 83 C4 38                        	ADD	ESP,56
   341 00000295 83 E8 03                        	SUB	EAX,3
   342 00000298 89 45 E8                        	MOV	DWORD [-24+EBP],EAX
   343 0000029B 50                              	PUSH	EAX
   344 0000029C 6A 3B                           	PUSH	59
   345 0000029E 50                              	PUSH	EAX
   346 0000029F 6A 02                           	PUSH	2
   347 000002A1 6A 00                           	PUSH	0
   348 000002A3 FF 75 0C                        	PUSH	DWORD [12+EBP]
   349 000002A6 FF 75 08                        	PUSH	DWORD [8+EBP]
   350 000002A9 E8 FFFFFEA7                     	CALL	_boxfill8
   351 000002AE FF 75 E8                        	PUSH	DWORD [-24+EBP]
   352 000002B1 6A 3C                           	PUSH	60
   353 000002B3 56                              	PUSH	ESI
   354 000002B4 6A 3C                           	PUSH	60
   355 000002B6 6A 00                           	PUSH	0
   356 000002B8 FF 75 0C                        	PUSH	DWORD [12+EBP]
   357 000002BB FF 75 08                        	PUSH	DWORD [8+EBP]
   358 000002BE E8 FFFFFE92                     	CALL	_boxfill8
   359 000002C3 8B 7D 0C                        	MOV	EDI,DWORD [12+EBP]
   360 000002C6 83 C4 38                        	ADD	ESP,56
   361 000002C9 8B 5D 0C                        	MOV	EBX,DWORD [12+EBP]
   362 000002CC 83 EB 04                        	SUB	EBX,4
   363 000002CF 83 EF 2F                        	SUB	EDI,47
   364 000002D2 56                              	PUSH	ESI
   365 000002D3 53                              	PUSH	EBX
   366 000002D4 56                              	PUSH	ESI
   367 000002D5 57                              	PUSH	EDI
   368 000002D6 6A 0F                           	PUSH	15
   369 000002D8 FF 75 0C                        	PUSH	DWORD [12+EBP]
   370 000002DB FF 75 08                        	PUSH	DWORD [8+EBP]
   371 000002DE E8 FFFFFE72                     	CALL	_boxfill8
   372 000002E3 FF 75 F0                        	PUSH	DWORD [-16+EBP]
   373 000002E6 57                              	PUSH	EDI
   374 000002E7 FF 75 EC                        	PUSH	DWORD [-20+EBP]
   375 000002EA 57                              	PUSH	EDI
   376 000002EB 6A 0F                           	PUSH	15
   377 000002ED FF 75 0C                        	PUSH	DWORD [12+EBP]
   378 000002F0 FF 75 08                        	PUSH	DWORD [8+EBP]
   379 000002F3 E8 FFFFFE5D                     	CALL	_boxfill8
   380 000002F8 83 C4 38                        	ADD	ESP,56
   381 000002FB FF 75 E8                        	PUSH	DWORD [-24+EBP]
   382 000002FE 53                              	PUSH	EBX
   383 000002FF FF 75 E8                        	PUSH	DWORD [-24+EBP]
   384 00000302 57                              	PUSH	EDI
   385 00000303 6A 07                           	PUSH	7
   386 00000305 FF 75 0C                        	PUSH	DWORD [12+EBP]
   387 00000308 FF 75 08                        	PUSH	DWORD [8+EBP]
   388 0000030B E8 FFFFFE45                     	CALL	_boxfill8
   389 00000310 8B 45 0C                        	MOV	EAX,DWORD [12+EBP]
   390 00000313 FF 75 E8                        	PUSH	DWORD [-24+EBP]
   391 00000316 83 E8 03                        	SUB	EAX,3
   392 00000319 50                              	PUSH	EAX
   393 0000031A 56                              	PUSH	ESI
   394 0000031B 50                              	PUSH	EAX
   395 0000031C 6A 07                           	PUSH	7
   396 0000031E FF 75 0C                        	PUSH	DWORD [12+EBP]
   397 00000321 FF 75 08                        	PUSH	DWORD [8+EBP]
   398 00000324 E8 FFFFFE2C                     	CALL	_boxfill8
   399 00000329 8D 65 F4                        	LEA	ESP,DWORD [-12+EBP]
   400 0000032C 5B                              	POP	EBX
   401 0000032D 5E                              	POP	ESI
   402 0000032E 5F                              	POP	EDI
   403 0000032F 5D                              	POP	EBP
   404 00000330 C3                              	RET
   405 00000331                                 	GLOBAL	_putfont8
   406 00000331                                 _putfont8:
   407 00000331 55                              	PUSH	EBP
   408 00000332 89 E5                           	MOV	EBP,ESP
   409 00000334 57                              	PUSH	EDI
   410 00000335 56                              	PUSH	ESI
   411 00000336 31 F6                           	XOR	ESI,ESI
   412 00000338 53                              	PUSH	EBX
   413 00000339 8B 7D 1C                        	MOV	EDI,DWORD [28+EBP]
   414 0000033C 8A 5D 18                        	MOV	BL,BYTE [24+EBP]
   415 0000033F                                 L43:
   416 0000033F 8B 45 14                        	MOV	EAX,DWORD [20+EBP]
   417 00000342 8B 55 10                        	MOV	EDX,DWORD [16+EBP]
   418 00000345 01 F0                           	ADD	EAX,ESI
   419 00000347 0F AF 45 0C                     	IMUL	EAX,DWORD [12+EBP]
   420 0000034B 03 45 08                        	ADD	EAX,DWORD [8+EBP]
   421 0000034E 8D 0C 02                        	LEA	ECX,DWORD [EDX+EAX*1]
   422 00000351 8A 14 3E                        	MOV	DL,BYTE [ESI+EDI*1]
   423 00000354 84 D2                           	TEST	DL,DL
   424 00000356 79 02                           	JNS	L35
   425 00000358 88 19                           	MOV	BYTE [ECX],BL
   426 0000035A                                 L35:
   427 0000035A 88 D0                           	MOV	AL,DL
   428 0000035C 83 E0 40                        	AND	EAX,64
   429 0000035F 84 C0                           	TEST	AL,AL
   430 00000361 74 03                           	JE	L36
   431 00000363 88 59 01                        	MOV	BYTE [1+ECX],BL
   432 00000366                                 L36:
   433 00000366 88 D0                           	MOV	AL,DL
   434 00000368 83 E0 20                        	AND	EAX,32
   435 0000036B 84 C0                           	TEST	AL,AL
   436 0000036D 74 03                           	JE	L37
   437 0000036F 88 59 02                        	MOV	BYTE [2+ECX],BL
   438 00000372                                 L37:
   439 00000372 88 D0                           	MOV	AL,DL
   440 00000374 83 E0 10                        	AND	EAX,16
   441 00000377 84 C0                           	TEST	AL,AL
   442 00000379 74 03                           	JE	L38
   443 0000037B 88 59 03                        	MOV	BYTE [3+ECX],BL
   444 0000037E                                 L38:
   445 0000037E 88 D0                           	MOV	AL,DL
   446 00000380 83 E0 08                        	AND	EAX,8
   447 00000383 84 C0                           	TEST	AL,AL
   448 00000385 74 03                           	JE	L39
   449 00000387 88 59 04                        	MOV	BYTE [4+ECX],BL
   450 0000038A                                 L39:
   451 0000038A 88 D0                           	MOV	AL,DL
   452 0000038C 83 E0 04                        	AND	EAX,4
   453 0000038F 84 C0                           	TEST	AL,AL
   454 00000391 74 03                           	JE	L40
   455 00000393 88 59 05                        	MOV	BYTE [5+ECX],BL
   456 00000396                                 L40:
   457 00000396 88 D0                           	MOV	AL,DL
   458 00000398 83 E0 02                        	AND	EAX,2
   459 0000039B 84 C0                           	TEST	AL,AL
   460 0000039D 74 03                           	JE	L41
   461 0000039F 88 59 06                        	MOV	BYTE [6+ECX],BL
   462 000003A2                                 L41:
   463 000003A2 83 E2 01                        	AND	EDX,1
   464 000003A5 84 D2                           	TEST	DL,DL
   465 000003A7 74 03                           	JE	L33
   466 000003A9 88 59 07                        	MOV	BYTE [7+ECX],BL
   467 000003AC                                 L33:
   468 000003AC 46                              	INC	ESI
   469 000003AD 83 FE 0F                        	CMP	ESI,15
   470 000003B0 7E 8D                           	JLE	L43
   471 000003B2 5B                              	POP	EBX
   472 000003B3 5E                              	POP	ESI
   473 000003B4 5F                              	POP	EDI
   474 000003B5 5D                              	POP	EBP
   475 000003B6 C3                              	RET
   476 000003B7                                 	GLOBAL	_putfont8_asc
   477 000003B7                                 _putfont8_asc:
   478 000003B7 55                              	PUSH	EBP
   479 000003B8 89 E5                           	MOV	EBP,ESP
   480 000003BA 57                              	PUSH	EDI
   481 000003BB 56                              	PUSH	ESI
   482 000003BC 53                              	PUSH	EBX
   483 000003BD 50                              	PUSH	EAX
   484 000003BE 8B 5D 1C                        	MOV	EBX,DWORD [28+EBP]
   485 000003C1 8A 45 18                        	MOV	AL,BYTE [24+EBP]
   486 000003C4 88 45 F3                        	MOV	BYTE [-13+EBP],AL
   487 000003C7 8B 75 10                        	MOV	ESI,DWORD [16+EBP]
   488 000003CA 8B 7D 14                        	MOV	EDI,DWORD [20+EBP]
   489 000003CD 80 3B 00                        	CMP	BYTE [EBX],0
   490 000003D0 75 08                           	JNE	L51
   491 000003D2                                 L53:
   492 000003D2 8D 65 F4                        	LEA	ESP,DWORD [-12+EBP]
   493 000003D5 5B                              	POP	EBX
   494 000003D6 5E                              	POP	ESI
   495 000003D7 5F                              	POP	EDI
   496 000003D8 5D                              	POP	EBP
   497 000003D9 C3                              	RET
   498 000003DA                                 L51:
   499 000003DA 0F B6 03                        	MOVZX	EAX,BYTE [EBX]
   500 000003DD C1 E0 04                        	SAL	EAX,4
   501 000003E0 43                              	INC	EBX
   502 000003E1 05 [00000000]                   	ADD	EAX,_hankaku
   503 000003E6 50                              	PUSH	EAX
   504 000003E7 0F BE 45 F3                     	MOVSX	EAX,BYTE [-13+EBP]
   505 000003EB 50                              	PUSH	EAX
   506 000003EC 57                              	PUSH	EDI
   507 000003ED 56                              	PUSH	ESI
   508 000003EE 83 C6 08                        	ADD	ESI,8
   509 000003F1 FF 75 0C                        	PUSH	DWORD [12+EBP]
   510 000003F4 FF 75 08                        	PUSH	DWORD [8+EBP]
   511 000003F7 E8 FFFFFF35                     	CALL	_putfont8
   512 000003FC 83 C4 18                        	ADD	ESP,24
   513 000003FF 80 3B 00                        	CMP	BYTE [EBX],0
   514 00000402 75 D6                           	JNE	L51
   515 00000404 EB CC                           	JMP	L53
   516                                          [SECTION .data]
   517 0000003B                                 _cursor.1:
   518 0000003B 2A 2A 2A 2A 2A 2A 2A 2A 2A 2A   	DB	"**************.."
       00000045 2A 2A 2A 2A 2E 2E 
   519 0000004B 2A 4F 4F 4F 4F 4F 4F 4F 4F 4F   	DB	"*OOOOOOOOOOO*..."
       00000055 4F 4F 2A 2E 2E 2E 
   520 0000005B 2A 4F 4F 4F 4F 4F 4F 4F 4F 4F   	DB	"*OOOOOOOOOO*...."
       00000065 4F 2A 2E 2E 2E 2E 
   521 0000006B 2A 4F 4F 4F 4F 4F 4F 4F 4F 4F   	DB	"*OOOOOOOOO*....."
       00000075 2A 2E 2E 2E 2E 2E 
   522 0000007B 2A 4F 4F 4F 4F 4F 4F 4F 4F 2A   	DB	"*OOOOOOOO*......"
       00000085 2E 2E 2E 2E 2E 2E 
   523 0000008B 2A 4F 4F 4F 4F 4F 4F 4F 2A 2E   	DB	"*OOOOOOO*......."
       00000095 2E 2E 2E 2E 2E 2E 
   524 0000009B 2A 4F 4F 4F 4F 4F 4F 4F 2A 2E   	DB	"*OOOOOOO*......."
       000000A5 2E 2E 2E 2E 2E 2E 
   525 000000AB 2A 4F 4F 4F 4F 4F 4F 4F 4F 2A   	DB	"*OOOOOOOO*......"
       000000B5 2E 2E 2E 2E 2E 2E 
   526 000000BB 2A 4F 4F 4F 4F 2A 2A 4F 4F 4F   	DB	"*OOOO**OOO*....."
       000000C5 2A 2E 2E 2E 2E 2E 
   527 000000CB 2A 4F 4F 4F 2A 2E 2E 2A 4F 4F   	DB	"*OOO*..*OOO*...."
       000000D5 4F 2A 2E 2E 2E 2E 
   528 000000DB 2A 4F 4F 2A 2E 2E 2E 2E 2A 4F   	DB	"*OO*....*OOO*..."
       000000E5 4F 4F 2A 2E 2E 2E 
   529 000000EB 2A 4F 2A 2E 2E 2E 2E 2E 2E 2A   	DB	"*O*......*OOO*.."
       000000F5 4F 4F 4F 2A 2E 2E 
   530 000000FB 2A 2A 2E 2E 2E 2E 2E 2E 2E 2E   	DB	"**........*OOO*."
       00000105 2A 4F 4F 4F 2A 2E 
   531 0000010B 2A 2E 2E 2E 2E 2E 2E 2E 2E 2E   	DB	"*..........*OOO*"
       00000115 2E 2A 4F 4F 4F 2A 
   532 0000011B 2E 2E 2E 2E 2E 2E 2E 2E 2E 2E   	DB	"............*OO*"
       00000125 2E 2E 2A 4F 4F 2A 
   533 0000012B 2E 2E 2E 2E 2E 2E 2E 2E 2E 2E   	DB	".............***"
       00000135 2E 2E 2E 2A 2A 2A 
   534                                          [SECTION .text]
   535 00000406                                 	GLOBAL	_init_mouse_cursor8
   536 00000406                                 _init_mouse_cursor8:
   537 00000406 55                              	PUSH	EBP
   538 00000407 89 E5                           	MOV	EBP,ESP
   539 00000409 57                              	PUSH	EDI
   540 0000040A 56                              	PUSH	ESI
   541 0000040B 31 FF                           	XOR	EDI,EDI
   542 0000040D 53                              	PUSH	EBX
   543 0000040E 31 DB                           	XOR	EBX,EBX
   544 00000410 50                              	PUSH	EAX
   545 00000411 8A 45 0C                        	MOV	AL,BYTE [12+EBP]
   546 00000414 8B 75 08                        	MOV	ESI,DWORD [8+EBP]
   547 00000417 88 45 F3                        	MOV	BYTE [-13+EBP],AL
   548 0000041A                                 L67:
   549 0000041A 31 D2                           	XOR	EDX,EDX
   550 0000041C                                 L66:
   551 0000041C 8D 04 3A                        	LEA	EAX,DWORD [EDX+EDI*1]
   552 0000041F 80 B8 [0000003B] 2A             	CMP	BYTE [_cursor.1+EAX],42
   553 00000426 74 35                           	JE	L72
   554 00000428                                 L63:
   555 00000428 80 B8 [0000003B] 4F             	CMP	BYTE [_cursor.1+EAX],79
   556 0000042F 74 26                           	JE	L73
   557 00000431                                 L64:
   558 00000431 80 B8 [0000003B] 2E             	CMP	BYTE [_cursor.1+EAX],46
   559 00000438 74 15                           	JE	L74
   560 0000043A                                 L61:
   561 0000043A 42                              	INC	EDX
   562 0000043B 83 FA 0F                        	CMP	EDX,15
   563 0000043E 7E DC                           	JLE	L66
   564 00000440 43                              	INC	EBX
   565 00000441 83 C7 10                        	ADD	EDI,16
   566 00000444 83 FB 0F                        	CMP	EBX,15
   567 00000447 7E D1                           	JLE	L67
   568 00000449 58                              	POP	EAX
   569 0000044A 5B                              	POP	EBX
   570 0000044B 5E                              	POP	ESI
   571 0000044C 5F                              	POP	EDI
   572 0000044D 5D                              	POP	EBP
   573 0000044E C3                              	RET
   574 0000044F                                 L74:
   575 0000044F 8A 4D F3                        	MOV	CL,BYTE [-13+EBP]
   576 00000452 88 0C 30                        	MOV	BYTE [EAX+ESI*1],CL
   577 00000455 EB E3                           	JMP	L61
   578 00000457                                 L73:
   579 00000457 C6 04 30 07                     	MOV	BYTE [EAX+ESI*1],7
   580 0000045B EB D4                           	JMP	L64
   581 0000045D                                 L72:
   582 0000045D C6 04 30 00                     	MOV	BYTE [EAX+ESI*1],0
   583 00000461 EB C5                           	JMP	L63
   584 00000463                                 	GLOBAL	_putblock8_8
   585 00000463                                 _putblock8_8:
   586 00000463 55                              	PUSH	EBP
   587 00000464 89 E5                           	MOV	EBP,ESP
   588 00000466 57                              	PUSH	EDI
   589 00000467 56                              	PUSH	ESI
   590 00000468 31 F6                           	XOR	ESI,ESI
   591 0000046A 53                              	PUSH	EBX
   592 0000046B 83 EC 0C                        	SUB	ESP,12
   593 0000046E 3B 75 14                        	CMP	ESI,DWORD [20+EBP]
   594 00000471 7D 3E                           	JGE	L87
   595 00000473 31 FF                           	XOR	EDI,EDI
   596 00000475                                 L85:
   597 00000475 31 DB                           	XOR	EBX,EBX
   598 00000477 3B 5D 10                        	CMP	EBX,DWORD [16+EBP]
   599 0000047A 7D 2C                           	JGE	L89
   600 0000047C 8B 45 20                        	MOV	EAX,DWORD [32+EBP]
   601 0000047F 01 F8                           	ADD	EAX,EDI
   602 00000481 89 45 EC                        	MOV	DWORD [-20+EBP],EAX
   603 00000484                                 L84:
   604 00000484 8B 45 1C                        	MOV	EAX,DWORD [28+EBP]
   605 00000487 8B 55 18                        	MOV	EDX,DWORD [24+EBP]
   606 0000048A 01 F0                           	ADD	EAX,ESI
   607 0000048C 01 DA                           	ADD	EDX,EBX
   608 0000048E 0F AF 45 0C                     	IMUL	EAX,DWORD [12+EBP]
   609 00000492 01 D0                           	ADD	EAX,EDX
   610 00000494 8B 4D 08                        	MOV	ECX,DWORD [8+EBP]
   611 00000497 8B 55 EC                        	MOV	EDX,DWORD [-20+EBP]
   612 0000049A 43                              	INC	EBX
   613 0000049B 8A 12                           	MOV	DL,BYTE [EDX]
   614 0000049D 88 14 08                        	MOV	BYTE [EAX+ECX*1],DL
   615 000004A0 FF 45 EC                        	INC	DWORD [-20+EBP]
   616 000004A3 3B 5D 10                        	CMP	EBX,DWORD [16+EBP]
   617 000004A6 7C DC                           	JL	L84
   618 000004A8                                 L89:
   619 000004A8 46                              	INC	ESI
   620 000004A9 03 7D 24                        	ADD	EDI,DWORD [36+EBP]
   621 000004AC 3B 75 14                        	CMP	ESI,DWORD [20+EBP]
   622 000004AF 7C C4                           	JL	L85
   623 000004B1                                 L87:
   624 000004B1 83 C4 0C                        	ADD	ESP,12
   625 000004B4 5B                              	POP	EBX
   626 000004B5 5E                              	POP	ESI
   627 000004B6 5F                              	POP	EDI
   628 000004B7 5D                              	POP	EBP
   629 000004B8 C3                              	RET
