     1 00000000                                 [FORMAT "WCOFF"]
     2 00000000                                 [INSTRSET "i486p"]
     3 00000000                                 [OPTIMIZE 1]
     4 00000000                                 [OPTION 1]
     5 00000000                                 [BITS 32]
     6 00000000                                 	EXTERN	_memman_alloc_4k
     7 00000000                                 [FILE "sheet.c"]
     8                                          [SECTION .text]
     9 00000000                                 	GLOBAL	_shtctl_init
    10 00000000                                 _shtctl_init:
    11 00000000 55                              	PUSH	EBP
    12 00000001 89 E5                           	MOV	EBP,ESP
    13 00000003 68 00002410                     	PUSH	9232
    14 00000008 FF 75 08                        	PUSH	DWORD [8+EBP]
    15 0000000B E8 [00000000]                   	CALL	_memman_alloc_4k
    16 00000010 89 C2                           	MOV	EDX,EAX
    17 00000012 58                              	POP	EAX
    18 00000013 59                              	POP	ECX
    19 00000014 85 D2                           	TEST	EDX,EDX
    20 00000016 74 2F                           	JE	L3
    21 00000018 8B 45 0C                        	MOV	EAX,DWORD [12+EBP]
    22 0000001B B9 000000FF                     	MOV	ECX,255
    23 00000020 89 02                           	MOV	DWORD [EDX],EAX
    24 00000022 8B 45 10                        	MOV	EAX,DWORD [16+EBP]
    25 00000025 89 42 04                        	MOV	DWORD [4+EDX],EAX
    26 00000028 8B 45 14                        	MOV	EAX,DWORD [20+EBP]
    27 0000002B 89 42 08                        	MOV	DWORD [8+EDX],EAX
    28 0000002E 8D 82 0000042C                  	LEA	EAX,DWORD [1068+EDX]
    29 00000034 C7 42 0C FFFFFFFF               	MOV	DWORD [12+EDX],-1
    30 0000003B                                 L8:
    31 0000003B C7 00 00000000                  	MOV	DWORD [EAX],0
    32 00000041 83 C0 20                        	ADD	EAX,32
    33 00000044 49                              	DEC	ECX
    34 00000045 79 F4                           	JNS	L8
    35 00000047                                 L3:
    36 00000047 89 D0                           	MOV	EAX,EDX
    37 00000049 C9                              	LEAVE
    38 0000004A C3                              	RET
    39 0000004B                                 	GLOBAL	_sheet_alloc
    40 0000004B                                 _sheet_alloc:
    41 0000004B 55                              	PUSH	EBP
    42 0000004C 31 D2                           	XOR	EDX,EDX
    43 0000004E 89 E5                           	MOV	EBP,ESP
    44 00000050 8B 45 08                        	MOV	EAX,DWORD [8+EBP]
    45 00000053 05 00000410                     	ADD	EAX,1040
    46 00000058                                 L16:
    47 00000058 83 78 1C 00                     	CMP	DWORD [28+EAX],0
    48 0000005C 74 10                           	JE	L19
    49 0000005E 42                              	INC	EDX
    50 0000005F 83 C0 20                        	ADD	EAX,32
    51 00000062 81 FA 000000FF                  	CMP	EDX,255
    52 00000068 7E EE                           	JLE	L16
    53 0000006A 31 C0                           	XOR	EAX,EAX
    54 0000006C                                 L10:
    55 0000006C 5D                              	POP	EBP
    56 0000006D C3                              	RET
    57 0000006E                                 L19:
    58 0000006E C7 40 1C 00000001               	MOV	DWORD [28+EAX],1
    59 00000075 C7 40 18 FFFFFFFF               	MOV	DWORD [24+EAX],-1
    60 0000007C EB EE                           	JMP	L10
    61 0000007E                                 	GLOBAL	_sheet_setbuf
    62 0000007E                                 _sheet_setbuf:
    63 0000007E 55                              	PUSH	EBP
    64 0000007F 89 E5                           	MOV	EBP,ESP
    65 00000081 8B 55 08                        	MOV	EDX,DWORD [8+EBP]
    66 00000084 8B 45 0C                        	MOV	EAX,DWORD [12+EBP]
    67 00000087 89 02                           	MOV	DWORD [EDX],EAX
    68 00000089 8B 45 10                        	MOV	EAX,DWORD [16+EBP]
    69 0000008C 89 42 04                        	MOV	DWORD [4+EDX],EAX
    70 0000008F 8B 45 14                        	MOV	EAX,DWORD [20+EBP]
    71 00000092 89 42 08                        	MOV	DWORD [8+EDX],EAX
    72 00000095 8B 45 18                        	MOV	EAX,DWORD [24+EBP]
    73 00000098 89 42 14                        	MOV	DWORD [20+EDX],EAX
    74 0000009B 5D                              	POP	EBP
    75 0000009C C3                              	RET
    76 0000009D                                 	GLOBAL	_sheet_refreshsub
    77 0000009D                                 _sheet_refreshsub:
    78 0000009D 55                              	PUSH	EBP
    79 0000009E 89 E5                           	MOV	EBP,ESP
    80 000000A0 57                              	PUSH	EDI
    81 000000A1 56                              	PUSH	ESI
    82 000000A2 53                              	PUSH	EBX
    83 000000A3 83 EC 28                        	SUB	ESP,40
    84 000000A6 8B 45 08                        	MOV	EAX,DWORD [8+EBP]
    85 000000A9 83 7D 0C 00                     	CMP	DWORD [12+EBP],0
    86 000000AD 8B 00                           	MOV	EAX,DWORD [EAX]
    87 000000AF 89 45 D8                        	MOV	DWORD [-40+EBP],EAX
    88 000000B2 0F 88 00000128                  	JS	L52
    89 000000B8                                 L22:
    90 000000B8 83 7D 10 00                     	CMP	DWORD [16+EBP],0
    91 000000BC 0F 88 00000112                  	JS	L53
    92 000000C2                                 L23:
    93 000000C2 8B 55 08                        	MOV	EDX,DWORD [8+EBP]
    94 000000C5 8B 42 04                        	MOV	EAX,DWORD [4+EDX]
    95 000000C8 39 45 14                        	CMP	DWORD [20+EBP],EAX
    96 000000CB 7E 03                           	JLE	L24
    97 000000CD 89 45 14                        	MOV	DWORD [20+EBP],EAX
    98 000000D0                                 L24:
    99 000000D0 8B 75 08                        	MOV	ESI,DWORD [8+EBP]
   100 000000D3 8B 46 08                        	MOV	EAX,DWORD [8+ESI]
   101 000000D6 39 45 18                        	CMP	DWORD [24+EBP],EAX
   102 000000D9 7E 03                           	JLE	L25
   103 000000DB 89 45 18                        	MOV	DWORD [24+EBP],EAX
   104 000000DE                                 L25:
   105 000000DE 8B 45 08                        	MOV	EAX,DWORD [8+EBP]
   106 000000E1 31 FF                           	XOR	EDI,EDI
   107 000000E3 C7 45 F0 00000000               	MOV	DWORD [-16+EBP],0
   108 000000EA 3B 78 0C                        	CMP	EDI,DWORD [12+EAX]
   109 000000ED 0F 8F 000000C6                  	JG	L47
   110 000000F3                                 L45:
   111 000000F3 8B 55 F0                        	MOV	EDX,DWORD [-16+EBP]
   112 000000F6 8B 75 08                        	MOV	ESI,DWORD [8+EBP]
   113 000000F9 8B 5D 10                        	MOV	EBX,DWORD [16+EBP]
   114 000000FC 8B 4C 96 10                     	MOV	ECX,DWORD [16+ESI+EDX*4]
   115 00000100 8B 75 14                        	MOV	ESI,DWORD [20+EBP]
   116 00000103 8B 39                           	MOV	EDI,DWORD [ECX]
   117 00000105 8B 51 10                        	MOV	EDX,DWORD [16+ECX]
   118 00000108 89 7D E0                        	MOV	DWORD [-32+EBP],EDI
   119 0000010B 8B 41 0C                        	MOV	EAX,DWORD [12+ECX]
   120 0000010E 8B 7D 18                        	MOV	EDI,DWORD [24+EBP]
   121 00000111 29 D3                           	SUB	EBX,EDX
   122 00000113 29 D7                           	SUB	EDI,EDX
   123 00000115 29 C6                           	SUB	ESI,EAX
   124 00000117 8B 55 0C                        	MOV	EDX,DWORD [12+EBP]
   125 0000011A 89 75 CC                        	MOV	DWORD [-52+EBP],ESI
   126 0000011D 29 C2                           	SUB	EDX,EAX
   127 0000011F 89 7D D4                        	MOV	DWORD [-44+EBP],EDI
   128 00000122 89 55 E4                        	MOV	DWORD [-28+EBP],EDX
   129 00000125 0F 88 0000009D                  	JS	L54
   130 0000012B                                 L30:
   131 0000012B 85 DB                           	TEST	EBX,EBX
   132 0000012D 0F 88 0000008E                  	JS	L55
   133 00000133                                 L31:
   134 00000133 8B 41 04                        	MOV	EAX,DWORD [4+ECX]
   135 00000136 39 45 CC                        	CMP	DWORD [-52+EBP],EAX
   136 00000139 7E 03                           	JLE	L32
   137 0000013B 89 45 CC                        	MOV	DWORD [-52+EBP],EAX
   138 0000013E                                 L32:
   139 0000013E 8B 41 08                        	MOV	EAX,DWORD [8+ECX]
   140 00000141 39 45 D4                        	CMP	DWORD [-44+EBP],EAX
   141 00000144 7E 03                           	JLE	L33
   142 00000146 89 45 D4                        	MOV	DWORD [-44+EBP],EAX
   143 00000149                                 L33:
   144 00000149 3B 5D D4                        	CMP	EBX,DWORD [-44+EBP]
   145 0000014C 7D 59                           	JGE	L49
   146 0000014E                                 L44:
   147 0000014E 8B 71 10                        	MOV	ESI,DWORD [16+ECX]
   148 00000151 8B 55 E4                        	MOV	EDX,DWORD [-28+EBP]
   149 00000154 01 DE                           	ADD	ESI,EBX
   150 00000156 3B 55 CC                        	CMP	EDX,DWORD [-52+EBP]
   151 00000159 89 75 E8                        	MOV	DWORD [-24+EBP],ESI
   152 0000015C 7D 43                           	JGE	L51
   153 0000015E                                 L43:
   154 0000015E 89 D8                           	MOV	EAX,EBX
   155 00000160 8B 79 0C                        	MOV	EDI,DWORD [12+ECX]
   156 00000163 0F AF 41 04                     	IMUL	EAX,DWORD [4+ECX]
   157 00000167 01 D7                           	ADD	EDI,EDX
   158 00000169 8B 75 E0                        	MOV	ESI,DWORD [-32+EBP]
   159 0000016C 01 D0                           	ADD	EAX,EDX
   160 0000016E 89 7D EC                        	MOV	DWORD [-20+EBP],EDI
   161 00000171 8A 04 30                        	MOV	AL,BYTE [EAX+ESI*1]
   162 00000174 88 45 DF                        	MOV	BYTE [-33+EBP],AL
   163 00000177 0F B6 C0                        	MOVZX	EAX,AL
   164 0000017A 3B 41 14                        	CMP	EAX,DWORD [20+ECX]
   165 0000017D 74 1C                           	JE	L40
   166 0000017F 8B 7D 08                        	MOV	EDI,DWORD [8+EBP]
   167 00000182 8B 45 E8                        	MOV	EAX,DWORD [-24+EBP]
   168 00000185 8B 75 D8                        	MOV	ESI,DWORD [-40+EBP]
   169 00000188 0F AF 47 04                     	IMUL	EAX,DWORD [4+EDI]
   170 0000018C 03 45 EC                        	ADD	EAX,DWORD [-20+EBP]
   171 0000018F 89 45 D0                        	MOV	DWORD [-48+EBP],EAX
   172 00000192 8A 45 DF                        	MOV	AL,BYTE [-33+EBP]
   173 00000195 8B 7D D0                        	MOV	EDI,DWORD [-48+EBP]
   174 00000198 88 04 37                        	MOV	BYTE [EDI+ESI*1],AL
   175 0000019B                                 L40:
   176 0000019B 42                              	INC	EDX
   177 0000019C 3B 55 CC                        	CMP	EDX,DWORD [-52+EBP]
   178 0000019F 7C BD                           	JL	L43
   179 000001A1                                 L51:
   180 000001A1 43                              	INC	EBX
   181 000001A2 3B 5D D4                        	CMP	EBX,DWORD [-44+EBP]
   182 000001A5 7C A7                           	JL	L44
   183 000001A7                                 L49:
   184 000001A7 8B 55 08                        	MOV	EDX,DWORD [8+EBP]
   185 000001AA FF 45 F0                        	INC	DWORD [-16+EBP]
   186 000001AD 8B 45 F0                        	MOV	EAX,DWORD [-16+EBP]
   187 000001B0 3B 42 0C                        	CMP	EAX,DWORD [12+EDX]
   188 000001B3 0F 8E FFFFFF3A                  	JLE	L45
   189 000001B9                                 L47:
   190 000001B9 83 C4 28                        	ADD	ESP,40
   191 000001BC 5B                              	POP	EBX
   192 000001BD 5E                              	POP	ESI
   193 000001BE 5F                              	POP	EDI
   194 000001BF 5D                              	POP	EBP
   195 000001C0 C3                              	RET
   196 000001C1                                 L55:
   197 000001C1 31 DB                           	XOR	EBX,EBX
   198 000001C3 E9 FFFFFF6B                     	JMP	L31
   199 000001C8                                 L54:
   200 000001C8 C7 45 E4 00000000               	MOV	DWORD [-28+EBP],0
   201 000001CF E9 FFFFFF57                     	JMP	L30
   202 000001D4                                 L53:
   203 000001D4 C7 45 10 00000000               	MOV	DWORD [16+EBP],0
   204 000001DB E9 FFFFFEE2                     	JMP	L23
   205 000001E0                                 L52:
   206 000001E0 C7 45 0C 00000000               	MOV	DWORD [12+EBP],0
   207 000001E7 E9 FFFFFECC                     	JMP	L22
   208 000001EC                                 	GLOBAL	_sheet_updown
   209 000001EC                                 _sheet_updown:
   210 000001EC 55                              	PUSH	EBP
   211 000001ED 89 E5                           	MOV	EBP,ESP
   212 000001EF 57                              	PUSH	EDI
   213 000001F0 56                              	PUSH	ESI
   214 000001F1 8B 75 08                        	MOV	ESI,DWORD [8+EBP]
   215 000001F4 53                              	PUSH	EBX
   216 000001F5 8B 7D 0C                        	MOV	EDI,DWORD [12+EBP]
   217 000001F8 8B 5D 10                        	MOV	EBX,DWORD [16+EBP]
   218 000001FB 8B 56 0C                        	MOV	EDX,DWORD [12+ESI]
   219 000001FE 42                              	INC	EDX
   220 000001FF 8B 47 18                        	MOV	EAX,DWORD [24+EDI]
   221 00000202 39 D3                           	CMP	EBX,EDX
   222 00000204 7E 02                           	JLE	L57
   223 00000206 89 D3                           	MOV	EBX,EDX
   224 00000208                                 L57:
   225 00000208 83 FB FF                        	CMP	EBX,-1
   226 0000020B 7D 03                           	JGE	L58
   227 0000020D 83 CB FF                        	OR	EBX,-1
   228 00000210                                 L58:
   229 00000210 89 5F 18                        	MOV	DWORD [24+EDI],EBX
   230 00000213 39 D8                           	CMP	EAX,EBX
   231 00000215 7E 62                           	JLE	L59
   232 00000217 85 DB                           	TEST	EBX,EBX
   233 00000219 78 3B                           	JS	L60
   234 0000021B 89 C1                           	MOV	ECX,EAX
   235 0000021D                                 L65:
   236 0000021D 8B 44 8E 0C                     	MOV	EAX,DWORD [12+ESI+ECX*4]
   237 00000221 89 44 8E 10                     	MOV	DWORD [16+ESI+ECX*4],EAX
   238 00000225 89 48 18                        	MOV	DWORD [24+EAX],ECX
   239 00000228 49                              	DEC	ECX
   240 00000229 39 D9                           	CMP	ECX,EBX
   241 0000022B 7F F0                           	JG	L65
   242 0000022D                                 L91:
   243 0000022D 89 7C 9E 10                     	MOV	DWORD [16+ESI+EBX*4],EDI
   244 00000231                                 L81:
   245 00000231 8B 4F 10                        	MOV	ECX,DWORD [16+EDI]
   246 00000234 89 C8                           	MOV	EAX,ECX
   247 00000236 03 47 08                        	ADD	EAX,DWORD [8+EDI]
   248 00000239 50                              	PUSH	EAX
   249 0000023A 8B 57 0C                        	MOV	EDX,DWORD [12+EDI]
   250 0000023D 89 D0                           	MOV	EAX,EDX
   251 0000023F 03 47 04                        	ADD	EAX,DWORD [4+EDI]
   252 00000242 50                              	PUSH	EAX
   253 00000243 51                              	PUSH	ECX
   254 00000244 52                              	PUSH	EDX
   255 00000245 56                              	PUSH	ESI
   256 00000246 E8 FFFFFE52                     	CALL	_sheet_refreshsub
   257 0000024B 83 C4 14                        	ADD	ESP,20
   258 0000024E                                 L56:
   259 0000024E 8D 65 F4                        	LEA	ESP,DWORD [-12+EBP]
   260 00000251 5B                              	POP	EBX
   261 00000252 5E                              	POP	ESI
   262 00000253 5F                              	POP	EDI
   263 00000254 5D                              	POP	EBP
   264 00000255 C3                              	RET
   265 00000256                                 L60:
   266 00000256 8B 56 0C                        	MOV	EDX,DWORD [12+ESI]
   267 00000259 39 C2                           	CMP	EDX,EAX
   268 0000025B 7E 17                           	JLE	L67
   269 0000025D 89 C1                           	MOV	ECX,EAX
   270 0000025F 39 D0                           	CMP	EAX,EDX
   271 00000261 7D 11                           	JGE	L67
   272 00000263                                 L72:
   273 00000263 8B 44 8E 14                     	MOV	EAX,DWORD [20+ESI+ECX*4]
   274 00000267 89 44 8E 10                     	MOV	DWORD [16+ESI+ECX*4],EAX
   275 0000026B 89 48 18                        	MOV	DWORD [24+EAX],ECX
   276 0000026E 41                              	INC	ECX
   277 0000026F 3B 4E 0C                        	CMP	ECX,DWORD [12+ESI]
   278 00000272 7C EF                           	JL	L72
   279 00000274                                 L67:
   280 00000274 FF 4E 0C                        	DEC	DWORD [12+ESI]
   281 00000277 EB B8                           	JMP	L81
   282 00000279                                 L59:
   283 00000279 39 D8                           	CMP	EAX,EBX
   284 0000027B 7D D1                           	JGE	L56
   285 0000027D 85 C0                           	TEST	EAX,EAX
   286 0000027F 78 18                           	JS	L75
   287 00000281 89 C1                           	MOV	ECX,EAX
   288 00000283 39 D8                           	CMP	EAX,EBX
   289 00000285 7D A6                           	JGE	L91
   290 00000287                                 L80:
   291 00000287 8B 44 8E 14                     	MOV	EAX,DWORD [20+ESI+ECX*4]
   292 0000028B 89 44 8E 10                     	MOV	DWORD [16+ESI+ECX*4],EAX
   293 0000028F 89 48 18                        	MOV	DWORD [24+EAX],ECX
   294 00000292 41                              	INC	ECX
   295 00000293 39 D9                           	CMP	ECX,EBX
   296 00000295 7C F0                           	JL	L80
   297 00000297 EB 94                           	JMP	L91
   298 00000299                                 L75:
   299 00000299 8B 4E 0C                        	MOV	ECX,DWORD [12+ESI]
   300 0000029C 39 D9                           	CMP	ECX,EBX
   301 0000029E 7C 13                           	JL	L93
   302 000002A0                                 L86:
   303 000002A0 8B 54 8E 10                     	MOV	EDX,DWORD [16+ESI+ECX*4]
   304 000002A4 8D 41 01                        	LEA	EAX,DWORD [1+ECX]
   305 000002A7 89 54 8E 14                     	MOV	DWORD [20+ESI+ECX*4],EDX
   306 000002AB 49                              	DEC	ECX
   307 000002AC 89 42 18                        	MOV	DWORD [24+EDX],EAX
   308 000002AF 39 D9                           	CMP	ECX,EBX
   309 000002B1 7D ED                           	JGE	L86
   310 000002B3                                 L93:
   311 000002B3 89 7C 9E 10                     	MOV	DWORD [16+ESI+EBX*4],EDI
   312 000002B7 FF 46 0C                        	INC	DWORD [12+ESI]
   313 000002BA E9 FFFFFF72                     	JMP	L81
   314 000002BF                                 	GLOBAL	_sheet_refresh
   315 000002BF                                 _sheet_refresh:
   316 000002BF 55                              	PUSH	EBP
   317 000002C0 89 E5                           	MOV	EBP,ESP
   318 000002C2 57                              	PUSH	EDI
   319 000002C3 56                              	PUSH	ESI
   320 000002C4 53                              	PUSH	EBX
   321 000002C5 57                              	PUSH	EDI
   322 000002C6 8B 55 0C                        	MOV	EDX,DWORD [12+EBP]
   323 000002C9 8B 45 08                        	MOV	EAX,DWORD [8+EBP]
   324 000002CC 89 45 F0                        	MOV	DWORD [-16+EBP],EAX
   325 000002CF 8B 7D 10                        	MOV	EDI,DWORD [16+EBP]
   326 000002D2 8B 75 14                        	MOV	ESI,DWORD [20+EBP]
   327 000002D5 8B 5D 18                        	MOV	EBX,DWORD [24+EBP]
   328 000002D8 8B 45 1C                        	MOV	EAX,DWORD [28+EBP]
   329 000002DB 83 7A 18 00                     	CMP	DWORD [24+EDX],0
   330 000002DF 78 26                           	JS	L94
   331 000002E1 8B 4A 10                        	MOV	ECX,DWORD [16+EDX]
   332 000002E4 8B 52 0C                        	MOV	EDX,DWORD [12+EDX]
   333 000002E7 8D 04 08                        	LEA	EAX,DWORD [EAX+ECX*1]
   334 000002EA 01 F1                           	ADD	ECX,ESI
   335 000002EC 89 45 18                        	MOV	DWORD [24+EBP],EAX
   336 000002EF 89 4D 10                        	MOV	DWORD [16+EBP],ECX
   337 000002F2 8D 04 13                        	LEA	EAX,DWORD [EBX+EDX*1]
   338 000002F5 01 FA                           	ADD	EDX,EDI
   339 000002F7 89 45 14                        	MOV	DWORD [20+EBP],EAX
   340 000002FA 89 55 0C                        	MOV	DWORD [12+EBP],EDX
   341 000002FD 5E                              	POP	ESI
   342 000002FE 5B                              	POP	EBX
   343 000002FF 5E                              	POP	ESI
   344 00000300 5F                              	POP	EDI
   345 00000301 5D                              	POP	EBP
   346 00000302 E9 FFFFFD96                     	JMP	_sheet_refreshsub
   347 00000307                                 L94:
   348 00000307 5B                              	POP	EBX
   349 00000308 5B                              	POP	EBX
   350 00000309 5E                              	POP	ESI
   351 0000030A 5F                              	POP	EDI
   352 0000030B 5D                              	POP	EBP
   353 0000030C C3                              	RET
   354 0000030D                                 	GLOBAL	_sheet_slide
   355 0000030D                                 _sheet_slide:
   356 0000030D 55                              	PUSH	EBP
   357 0000030E 89 E5                           	MOV	EBP,ESP
   358 00000310 57                              	PUSH	EDI
   359 00000311 56                              	PUSH	ESI
   360 00000312 53                              	PUSH	EBX
   361 00000313 8B 7D 10                        	MOV	EDI,DWORD [16+EBP]
   362 00000316 8B 5D 0C                        	MOV	EBX,DWORD [12+EBP]
   363 00000319 8B 75 14                        	MOV	ESI,DWORD [20+EBP]
   364 0000031C 8B 4B 0C                        	MOV	ECX,DWORD [12+EBX]
   365 0000031F 8B 53 10                        	MOV	EDX,DWORD [16+EBX]
   366 00000322 89 7B 0C                        	MOV	DWORD [12+EBX],EDI
   367 00000325 89 73 10                        	MOV	DWORD [16+EBX],ESI
   368 00000328 83 7B 18 00                     	CMP	DWORD [24+EBX],0
   369 0000032C 78 2F                           	JS	L96
   370 0000032E 89 D0                           	MOV	EAX,EDX
   371 00000330 03 43 08                        	ADD	EAX,DWORD [8+EBX]
   372 00000333 50                              	PUSH	EAX
   373 00000334 89 C8                           	MOV	EAX,ECX
   374 00000336 03 43 04                        	ADD	EAX,DWORD [4+EBX]
   375 00000339 50                              	PUSH	EAX
   376 0000033A 52                              	PUSH	EDX
   377 0000033B 51                              	PUSH	ECX
   378 0000033C FF 75 08                        	PUSH	DWORD [8+EBP]
   379 0000033F E8 FFFFFD59                     	CALL	_sheet_refreshsub
   380 00000344 89 F0                           	MOV	EAX,ESI
   381 00000346 03 43 08                        	ADD	EAX,DWORD [8+EBX]
   382 00000349 50                              	PUSH	EAX
   383 0000034A 89 F8                           	MOV	EAX,EDI
   384 0000034C 03 43 04                        	ADD	EAX,DWORD [4+EBX]
   385 0000034F 50                              	PUSH	EAX
   386 00000350 56                              	PUSH	ESI
   387 00000351 57                              	PUSH	EDI
   388 00000352 FF 75 08                        	PUSH	DWORD [8+EBP]
   389 00000355 E8 FFFFFD43                     	CALL	_sheet_refreshsub
   390 0000035A 83 C4 28                        	ADD	ESP,40
   391 0000035D                                 L96:
   392 0000035D 8D 65 F4                        	LEA	ESP,DWORD [-12+EBP]
   393 00000360 5B                              	POP	EBX
   394 00000361 5E                              	POP	ESI
   395 00000362 5F                              	POP	EDI
   396 00000363 5D                              	POP	EBP
   397 00000364 C3                              	RET
   398 00000365                                 	GLOBAL	_sheet_free
   399 00000365                                 _sheet_free:
   400 00000365 55                              	PUSH	EBP
   401 00000366 89 E5                           	MOV	EBP,ESP
   402 00000368 53                              	PUSH	EBX
   403 00000369 8B 5D 0C                        	MOV	EBX,DWORD [12+EBP]
   404 0000036C 83 7B 18 00                     	CMP	DWORD [24+EBX],0
   405 00000370 78 0E                           	JS	L99
   406 00000372 6A FF                           	PUSH	-1
   407 00000374 53                              	PUSH	EBX
   408 00000375 FF 75 08                        	PUSH	DWORD [8+EBP]
   409 00000378 E8 FFFFFE6F                     	CALL	_sheet_updown
   410 0000037D 83 C4 0C                        	ADD	ESP,12
   411 00000380                                 L99:
   412 00000380 C7 43 1C 00000000               	MOV	DWORD [28+EBX],0
   413 00000387 8B 5D FC                        	MOV	EBX,DWORD [-4+EBP]
   414 0000038A C9                              	LEAVE
   415 0000038B C3                              	RET
