     1 00000000                                 [FORMAT "WCOFF"]
     2 00000000                                 [INSTRSET "i486p"]
     3 00000000                                 [OPTIMIZE 1]
     4 00000000                                 [OPTION 1]
     5 00000000                                 [BITS 32]
     6 00000000                                 	EXTERN	_init_gdtidt
     7 00000000                                 	EXTERN	_init_pic
     8 00000000                                 	EXTERN	_io_sti
     9 00000000                                 	EXTERN	_keyfifo
    10 00000000                                 	EXTERN	_fifo8_init
    11 00000000                                 	EXTERN	_mousefifo
    12 00000000                                 	EXTERN	_init_pit
    13 00000000                                 	EXTERN	_io_out8
    14 00000000                                 	EXTERN	_init_keyboard
    15 00000000                                 	EXTERN	_enable_mouse
    16 00000000                                 	EXTERN	_memtest
    17 00000000                                 	EXTERN	_memman_init
    18 00000000                                 	EXTERN	_memman_free
    19 00000000                                 	EXTERN	_init_palette
    20 00000000                                 	EXTERN	_shtctl_init
    21 00000000                                 	EXTERN	_sheet_alloc
    22 00000000                                 	EXTERN	_memman_alloc_4k
    23 00000000                                 	EXTERN	_sheet_setbuf
    24 00000000                                 	EXTERN	_init_screen8
    25 00000000                                 	EXTERN	_init_mouse_cursor8
    26 00000000                                 	EXTERN	_sheet_slide
    27 00000000                                 	EXTERN	_sheet_updown
    28 00000000                                 	EXTERN	_sprintf
    29 00000000                                 	EXTERN	_putfonts8_asc
    30 00000000                                 	EXTERN	_memman_total
    31 00000000                                 	EXTERN	_sheet_refresh
    32 00000000                                 	EXTERN	_timerctl
    33 00000000                                 	EXTERN	_boxfill8
    34 00000000                                 	EXTERN	_io_cli
    35 00000000                                 	EXTERN	_fifo8_status
    36 00000000                                 	EXTERN	_fifo8_get
    37 00000000                                 	EXTERN	_mouse_decode
    38 00000000                                 [FILE "bootpack.c"]
    39                                          [SECTION .data]
    40 00000000                                 LC0:
    41 00000000 63 6F 75 6E 74 65 72 00         	DB	"counter",0x00
    42 00000008                                 LC1:
    43 00000008 28 25 33 64 2C 20 25 33 64 29   	DB	"(%3d, %3d)",0x00
       00000012 00 
    44 00000013                                 LC2:
    45 00000013 6D 65 6D 6F 72 79 20 25 64 4D   	DB	"memory %dMB   free : %dKB",0x00
       0000001D 42 20 20 20 66 72 65 65 20 3A 
       00000027 20 25 64 4B 42 00 
    46 0000002D                                 LC3:
    47 0000002D 25 30 31 30 64 00               	DB	"%010d",0x00
    48 00000033                                 LC5:
    49 00000033 5B 6C 63 72 20 25 34 64 20 25   	DB	"[lcr %4d %4d]",0x00
       0000003D 34 64 5D 00 
    50 00000041                                 LC4:
    51 00000041 25 30 32 58 00                  	DB	"%02X",0x00
    52                                          [SECTION .text]
    53 00000000                                 	GLOBAL	_HariMain
    54 00000000                                 _HariMain:
    55 00000000 55                              	PUSH	EBP
    56 00000001 89 E5                           	MOV	EBP,ESP
    57 00000003 57                              	PUSH	EDI
    58 00000004 56                              	PUSH	ESI
    59 00000005 53                              	PUSH	EBX
    60 00000006 81 EC 00000200                  	SUB	ESP,512
    61 0000000C E8 [00000000]                   	CALL	_init_gdtidt
    62 00000011 E8 [00000000]                   	CALL	_init_pic
    63 00000016 E8 [00000000]                   	CALL	_io_sti
    64 0000001B 8D 45 A4                        	LEA	EAX,DWORD [-92+EBP]
    65 0000001E 50                              	PUSH	EAX
    66 0000001F 6A 20                           	PUSH	32
    67 00000021 68 [00000000]                   	PUSH	_keyfifo
    68 00000026 E8 [00000000]                   	CALL	_fifo8_init
    69 0000002B 8D 85 FFFFFF24                  	LEA	EAX,DWORD [-220+EBP]
    70 00000031 50                              	PUSH	EAX
    71 00000032 68 00000080                     	PUSH	128
    72 00000037 68 [00000000]                   	PUSH	_mousefifo
    73 0000003C E8 [00000000]                   	CALL	_fifo8_init
    74 00000041 E8 [00000000]                   	CALL	_init_pit
    75 00000046 68 000000F8                     	PUSH	248
    76 0000004B 6A 21                           	PUSH	33
    77 0000004D E8 [00000000]                   	CALL	_io_out8
    78 00000052 83 C4 20                        	ADD	ESP,32
    79 00000055 68 000000EF                     	PUSH	239
    80 0000005A 68 000000A1                     	PUSH	161
    81 0000005F E8 [00000000]                   	CALL	_io_out8
    82 00000064 E8 [00000000]                   	CALL	_init_keyboard
    83 00000069 8D 85 FFFFFF14                  	LEA	EAX,DWORD [-236+EBP]
    84 0000006F 50                              	PUSH	EAX
    85 00000070 E8 [00000000]                   	CALL	_enable_mouse
    86 00000075 68 BFFFFFFF                     	PUSH	-1073741825
    87 0000007A 68 00400000                     	PUSH	4194304
    88 0000007F E8 [00000000]                   	CALL	_memtest
    89 00000084 68 003C0000                     	PUSH	3932160
    90 00000089 89 85 FFFFFE10                  	MOV	DWORD [-496+EBP],EAX
    91 0000008F E8 [00000000]                   	CALL	_memman_init
    92 00000094 68 0009E000                     	PUSH	647168
    93 00000099 68 00001000                     	PUSH	4096
    94 0000009E 68 003C0000                     	PUSH	3932160
    95 000000A3 E8 [00000000]                   	CALL	_memman_free
    96 000000A8 8B 85 FFFFFE10                  	MOV	EAX,DWORD [-496+EBP]
    97 000000AE 83 C4 24                        	ADD	ESP,36
    98 000000B1 2D 00400000                     	SUB	EAX,4194304
    99 000000B6 50                              	PUSH	EAX
   100 000000B7 68 00400000                     	PUSH	4194304
   101 000000BC 68 003C0000                     	PUSH	3932160
   102 000000C1 E8 [00000000]                   	CALL	_memman_free
   103 000000C6 E8 [00000000]                   	CALL	_init_palette
   104 000000CB 0F BF 05 00000FF6               	MOVSX	EAX,WORD [4086]
   105 000000D2 50                              	PUSH	EAX
   106 000000D3 0F BF 05 00000FF4               	MOVSX	EAX,WORD [4084]
   107 000000DA 50                              	PUSH	EAX
   108 000000DB FF 35 00000FF8                  	PUSH	DWORD [4088]
   109 000000E1 68 003C0000                     	PUSH	3932160
   110 000000E6 E8 [00000000]                   	CALL	_shtctl_init
   111 000000EB 89 C3                           	MOV	EBX,EAX
   112 000000ED 50                              	PUSH	EAX
   113 000000EE E8 [00000000]                   	CALL	_sheet_alloc
   114 000000F3 83 C4 20                        	ADD	ESP,32
   115 000000F6 53                              	PUSH	EBX
   116 000000F7 89 85 FFFFFE0C                  	MOV	DWORD [-500+EBP],EAX
   117 000000FD E8 [00000000]                   	CALL	_sheet_alloc
   118 00000102 53                              	PUSH	EBX
   119 00000103 8D 9D FFFFFE14                  	LEA	EBX,DWORD [-492+EBP]
   120 00000109 89 85 FFFFFE08                  	MOV	DWORD [-504+EBP],EAX
   121 0000010F E8 [00000000]                   	CALL	_sheet_alloc
   122 00000114 0F BF 15 00000FF6               	MOVSX	EDX,WORD [4086]
   123 0000011B 89 85 FFFFFE04                  	MOV	DWORD [-508+EBP],EAX
   124 00000121 0F BF 05 00000FF4               	MOVSX	EAX,WORD [4084]
   125 00000128 0F AF C2                        	IMUL	EAX,EDX
   126 0000012B 50                              	PUSH	EAX
   127 0000012C 68 003C0000                     	PUSH	3932160
   128 00000131 E8 [00000000]                   	CALL	_memman_alloc_4k
   129 00000136 68 00002080                     	PUSH	8320
   130 0000013B 68 003C0000                     	PUSH	3932160
   131 00000140 89 85 FFFFFE00                  	MOV	DWORD [-512+EBP],EAX
   132 00000146 E8 [00000000]                   	CALL	_memman_alloc_4k
   133 0000014B 6A FF                           	PUSH	-1
   134 0000014D 89 85 FFFFFDFC                  	MOV	DWORD [-516+EBP],EAX
   135 00000153 0F BF 05 00000FF6               	MOVSX	EAX,WORD [4086]
   136 0000015A 50                              	PUSH	EAX
   137 0000015B 0F BF 05 00000FF4               	MOVSX	EAX,WORD [4084]
   138 00000162 50                              	PUSH	EAX
   139 00000163 FF B5 FFFFFE00                  	PUSH	DWORD [-512+EBP]
   140 00000169 FF B5 FFFFFE0C                  	PUSH	DWORD [-500+EBP]
   141 0000016F E8 [00000000]                   	CALL	_sheet_setbuf
   142 00000174 83 C4 2C                        	ADD	ESP,44
   143 00000177 6A 63                           	PUSH	99
   144 00000179 6A 10                           	PUSH	16
   145 0000017B 6A 10                           	PUSH	16
   146 0000017D 53                              	PUSH	EBX
   147 0000017E FF B5 FFFFFE08                  	PUSH	DWORD [-504+EBP]
   148 00000184 E8 [00000000]                   	CALL	_sheet_setbuf
   149 00000189 6A FF                           	PUSH	-1
   150 0000018B 6A 34                           	PUSH	52
   151 0000018D 68 000000A0                     	PUSH	160
   152 00000192 FF B5 FFFFFDFC                  	PUSH	DWORD [-516+EBP]
   153 00000198 FF B5 FFFFFE04                  	PUSH	DWORD [-508+EBP]
   154 0000019E E8 [00000000]                   	CALL	_sheet_setbuf
   155 000001A3 83 C4 28                        	ADD	ESP,40
   156 000001A6 0F BF 05 00000FF6               	MOVSX	EAX,WORD [4086]
   157 000001AD 50                              	PUSH	EAX
   158 000001AE 0F BF 05 00000FF4               	MOVSX	EAX,WORD [4084]
   159 000001B5 50                              	PUSH	EAX
   160 000001B6 FF B5 FFFFFE00                  	PUSH	DWORD [-512+EBP]
   161 000001BC E8 [00000000]                   	CALL	_init_screen8
   162 000001C1 6A 63                           	PUSH	99
   163 000001C3 53                              	PUSH	EBX
   164 000001C4 BB 00000002                     	MOV	EBX,2
   165 000001C9 E8 [00000000]                   	CALL	_init_mouse_cursor8
   166 000001CE 68 [00000000]                   	PUSH	LC0
   167 000001D3 6A 44                           	PUSH	68
   168 000001D5 68 000000A0                     	PUSH	160
   169 000001DA FF B5 FFFFFDFC                  	PUSH	DWORD [-516+EBP]
   170 000001E0 E8 000003C5                     	CALL	_make_window8
   171 000001E5 83 C4 24                        	ADD	ESP,36
   172 000001E8 6A 00                           	PUSH	0
   173 000001EA 6A 00                           	PUSH	0
   174 000001EC FF B5 FFFFFE0C                  	PUSH	DWORD [-500+EBP]
   175 000001F2 E8 [00000000]                   	CALL	_sheet_slide
   176 000001F7 0F BF 05 00000FF4               	MOVSX	EAX,WORD [4084]
   177 000001FE 8D 48 F0                        	LEA	ECX,DWORD [-16+EAX]
   178 00000201 89 C8                           	MOV	EAX,ECX
   179 00000203 99                              	CDQ
   180 00000204 F7 FB                           	IDIV	EBX
   181 00000206 89 C6                           	MOV	ESI,EAX
   182 00000208 0F BF 05 00000FF6               	MOVSX	EAX,WORD [4086]
   183 0000020F 8D 48 D4                        	LEA	ECX,DWORD [-44+EAX]
   184 00000212 89 C8                           	MOV	EAX,ECX
   185 00000214 99                              	CDQ
   186 00000215 F7 FB                           	IDIV	EBX
   187 00000217 50                              	PUSH	EAX
   188 00000218 89 C7                           	MOV	EDI,EAX
   189 0000021A 56                              	PUSH	ESI
   190 0000021B 8D 5D C4                        	LEA	EBX,DWORD [-60+EBP]
   191 0000021E FF B5 FFFFFE08                  	PUSH	DWORD [-504+EBP]
   192 00000224 E8 [00000000]                   	CALL	_sheet_slide
   193 00000229 6A 48                           	PUSH	72
   194 0000022B 6A 50                           	PUSH	80
   195 0000022D FF B5 FFFFFE04                  	PUSH	DWORD [-508+EBP]
   196 00000233 E8 [00000000]                   	CALL	_sheet_slide
   197 00000238 83 C4 24                        	ADD	ESP,36
   198 0000023B 6A 00                           	PUSH	0
   199 0000023D FF B5 FFFFFE0C                  	PUSH	DWORD [-500+EBP]
   200 00000243 E8 [00000000]                   	CALL	_sheet_updown
   201 00000248 6A 01                           	PUSH	1
   202 0000024A FF B5 FFFFFE04                  	PUSH	DWORD [-508+EBP]
   203 00000250 E8 [00000000]                   	CALL	_sheet_updown
   204 00000255 6A 02                           	PUSH	2
   205 00000257 FF B5 FFFFFE08                  	PUSH	DWORD [-504+EBP]
   206 0000025D E8 [00000000]                   	CALL	_sheet_updown
   207 00000262 57                              	PUSH	EDI
   208 00000263 56                              	PUSH	ESI
   209 00000264 68 [00000008]                   	PUSH	LC1
   210 00000269 53                              	PUSH	EBX
   211 0000026A E8 [00000000]                   	CALL	_sprintf
   212 0000026F 83 C4 28                        	ADD	ESP,40
   213 00000272 53                              	PUSH	EBX
   214 00000273 6A 07                           	PUSH	7
   215 00000275 6A 00                           	PUSH	0
   216 00000277 6A 00                           	PUSH	0
   217 00000279 0F BF 05 00000FF4               	MOVSX	EAX,WORD [4084]
   218 00000280 50                              	PUSH	EAX
   219 00000281 FF B5 FFFFFE00                  	PUSH	DWORD [-512+EBP]
   220 00000287 E8 [00000000]                   	CALL	_putfonts8_asc
   221 0000028C 68 003C0000                     	PUSH	3932160
   222 00000291 E8 [00000000]                   	CALL	_memman_total
   223 00000296 C1 AD FFFFFE10 14               	SHR	DWORD [-496+EBP],20
   224 0000029D C1 E8 0A                        	SHR	EAX,10
   225 000002A0 89 04 24                        	MOV	DWORD [ESP],EAX
   226 000002A3 FF B5 FFFFFE10                  	PUSH	DWORD [-496+EBP]
   227 000002A9 68 [00000013]                   	PUSH	LC2
   228 000002AE 53                              	PUSH	EBX
   229 000002AF E8 [00000000]                   	CALL	_sprintf
   230 000002B4 83 C4 28                        	ADD	ESP,40
   231 000002B7 53                              	PUSH	EBX
   232 000002B8 6A 07                           	PUSH	7
   233 000002BA 6A 20                           	PUSH	32
   234 000002BC 6A 00                           	PUSH	0
   235 000002BE 0F BF 05 00000FF4               	MOVSX	EAX,WORD [4084]
   236 000002C5 50                              	PUSH	EAX
   237 000002C6 FF B5 FFFFFE00                  	PUSH	DWORD [-512+EBP]
   238 000002CC E8 [00000000]                   	CALL	_putfonts8_asc
   239 000002D1 6A 30                           	PUSH	48
   240 000002D3 0F BF 05 00000FF4               	MOVSX	EAX,WORD [4084]
   241 000002DA 50                              	PUSH	EAX
   242 000002DB 6A 00                           	PUSH	0
   243 000002DD                                 L18:
   244 000002DD 6A 00                           	PUSH	0
   245 000002DF FF B5 FFFFFE0C                  	PUSH	DWORD [-500+EBP]
   246 000002E5 E8 [00000000]                   	CALL	_sheet_refresh
   247 000002EA 83 C4 2C                        	ADD	ESP,44
   248 000002ED                                 L2:
   249 000002ED FF 35 [00000000]                	PUSH	DWORD [_timerctl]
   250 000002F3 68 [0000002D]                   	PUSH	LC3
   251 000002F8 8D 5D C4                        	LEA	EBX,DWORD [-60+EBP]
   252 000002FB 53                              	PUSH	EBX
   253 000002FC E8 [00000000]                   	CALL	_sprintf
   254 00000301 6A 2B                           	PUSH	43
   255 00000303 6A 77                           	PUSH	119
   256 00000305 6A 1C                           	PUSH	28
   257 00000307 6A 28                           	PUSH	40
   258 00000309 6A 08                           	PUSH	8
   259 0000030B 68 000000A0                     	PUSH	160
   260 00000310 FF B5 FFFFFDFC                  	PUSH	DWORD [-516+EBP]
   261 00000316 E8 [00000000]                   	CALL	_boxfill8
   262 0000031B 83 C4 28                        	ADD	ESP,40
   263 0000031E 53                              	PUSH	EBX
   264 0000031F 6A 00                           	PUSH	0
   265 00000321 6A 1C                           	PUSH	28
   266 00000323 6A 28                           	PUSH	40
   267 00000325 68 000000A0                     	PUSH	160
   268 0000032A FF B5 FFFFFDFC                  	PUSH	DWORD [-516+EBP]
   269 00000330 E8 [00000000]                   	CALL	_putfonts8_asc
   270 00000335 6A 2C                           	PUSH	44
   271 00000337 6A 78                           	PUSH	120
   272 00000339 6A 1C                           	PUSH	28
   273 0000033B 6A 28                           	PUSH	40
   274 0000033D FF B5 FFFFFE04                  	PUSH	DWORD [-508+EBP]
   275 00000343 E8 [00000000]                   	CALL	_sheet_refresh
   276 00000348 83 C4 2C                        	ADD	ESP,44
   277 0000034B E8 [00000000]                   	CALL	_io_cli
   278 00000350 68 [00000000]                   	PUSH	_keyfifo
   279 00000355 E8 [00000000]                   	CALL	_fifo8_status
   280 0000035A 68 [00000000]                   	PUSH	_mousefifo
   281 0000035F 89 C3                           	MOV	EBX,EAX
   282 00000361 E8 [00000000]                   	CALL	_fifo8_status
   283 00000366 8D 04 18                        	LEA	EAX,DWORD [EAX+EBX*1]
   284 00000369 5B                              	POP	EBX
   285 0000036A 5A                              	POP	EDX
   286 0000036B 85 C0                           	TEST	EAX,EAX
   287 0000036D 0F 84 0000022D                  	JE	L19
   288 00000373 68 [00000000]                   	PUSH	_keyfifo
   289 00000378 E8 [00000000]                   	CALL	_fifo8_status
   290 0000037D 59                              	POP	ECX
   291 0000037E 85 C0                           	TEST	EAX,EAX
   292 00000380 0F 85 000001B2                  	JNE	L20
   293 00000386 68 [00000000]                   	PUSH	_mousefifo
   294 0000038B E8 [00000000]                   	CALL	_fifo8_status
   295 00000390 5A                              	POP	EDX
   296 00000391 85 C0                           	TEST	EAX,EAX
   297 00000393 0F 84 FFFFFF54                  	JE	L2
   298 00000399 68 [00000000]                   	PUSH	_mousefifo
   299 0000039E E8 [00000000]                   	CALL	_fifo8_get
   300 000003A3 89 C3                           	MOV	EBX,EAX
   301 000003A5 E8 [00000000]                   	CALL	_io_sti
   302 000003AA 0F B6 C3                        	MOVZX	EAX,BL
   303 000003AD 50                              	PUSH	EAX
   304 000003AE 8D 85 FFFFFF14                  	LEA	EAX,DWORD [-236+EBP]
   305 000003B4 50                              	PUSH	EAX
   306 000003B5 E8 [00000000]                   	CALL	_mouse_decode
   307 000003BA 83 C4 0C                        	ADD	ESP,12
   308 000003BD 85 C0                           	TEST	EAX,EAX
   309 000003BF 0F 84 FFFFFF28                  	JE	L2
   310 000003C5 FF B5 FFFFFF1C                  	PUSH	DWORD [-228+EBP]
   311 000003CB FF B5 FFFFFF18                  	PUSH	DWORD [-232+EBP]
   312 000003D1 68 [00000033]                   	PUSH	LC5
   313 000003D6 8D 45 C4                        	LEA	EAX,DWORD [-60+EBP]
   314 000003D9 50                              	PUSH	EAX
   315 000003DA E8 [00000000]                   	CALL	_sprintf
   316 000003DF 83 C4 10                        	ADD	ESP,16
   317 000003E2 8B 85 FFFFFF20                  	MOV	EAX,DWORD [-224+EBP]
   318 000003E8 A9 00000001                     	TEST	EAX,1
   319 000003ED 74 04                           	JE	L11
   320 000003EF C6 45 C5 4C                     	MOV	BYTE [-59+EBP],76
   321 000003F3                                 L11:
   322 000003F3 A9 00000002                     	TEST	EAX,2
   323 000003F8 74 04                           	JE	L12
   324 000003FA C6 45 C7 52                     	MOV	BYTE [-57+EBP],82
   325 000003FE                                 L12:
   326 000003FE 83 E0 04                        	AND	EAX,4
   327 00000401 74 04                           	JE	L13
   328 00000403 C6 45 C6 43                     	MOV	BYTE [-58+EBP],67
   329 00000407                                 L13:
   330 00000407 6A 1F                           	PUSH	31
   331 00000409 68 00000097                     	PUSH	151
   332 0000040E 6A 10                           	PUSH	16
   333 00000410 6A 20                           	PUSH	32
   334 00000412 6A 0E                           	PUSH	14
   335 00000414 0F BF 05 00000FF4               	MOVSX	EAX,WORD [4084]
   336 0000041B 50                              	PUSH	EAX
   337 0000041C FF B5 FFFFFE00                  	PUSH	DWORD [-512+EBP]
   338 00000422 E8 [00000000]                   	CALL	_boxfill8
   339 00000427 8D 55 C4                        	LEA	EDX,DWORD [-60+EBP]
   340 0000042A 52                              	PUSH	EDX
   341 0000042B 6A 07                           	PUSH	7
   342 0000042D 6A 10                           	PUSH	16
   343 0000042F 6A 20                           	PUSH	32
   344 00000431 0F BF 05 00000FF4               	MOVSX	EAX,WORD [4084]
   345 00000438 50                              	PUSH	EAX
   346 00000439 FF B5 FFFFFE00                  	PUSH	DWORD [-512+EBP]
   347 0000043F E8 [00000000]                   	CALL	_putfonts8_asc
   348 00000444 83 C4 34                        	ADD	ESP,52
   349 00000447 6A 20                           	PUSH	32
   350 00000449 68 00000098                     	PUSH	152
   351 0000044E 6A 10                           	PUSH	16
   352 00000450 6A 20                           	PUSH	32
   353 00000452 FF B5 FFFFFE0C                  	PUSH	DWORD [-500+EBP]
   354 00000458 E8 [00000000]                   	CALL	_sheet_refresh
   355 0000045D 8D 47 0F                        	LEA	EAX,DWORD [15+EDI]
   356 00000460 50                              	PUSH	EAX
   357 00000461 8D 46 0F                        	LEA	EAX,DWORD [15+ESI]
   358 00000464 50                              	PUSH	EAX
   359 00000465 57                              	PUSH	EDI
   360 00000466 56                              	PUSH	ESI
   361 00000467 6A 0E                           	PUSH	14
   362 00000469 0F BF 05 00000FF4               	MOVSX	EAX,WORD [4084]
   363 00000470 50                              	PUSH	EAX
   364 00000471 FF 35 00000FF8                  	PUSH	DWORD [4088]
   365 00000477 E8 [00000000]                   	CALL	_boxfill8
   366 0000047C 83 C4 30                        	ADD	ESP,48
   367 0000047F 03 BD FFFFFF1C                  	ADD	EDI,DWORD [-228+EBP]
   368 00000485 03 B5 FFFFFF18                  	ADD	ESI,DWORD [-232+EBP]
   369 0000048B 0F 88 000000A0                  	JS	L21
   370 00000491                                 L14:
   371 00000491 85 FF                           	TEST	EDI,EDI
   372 00000493 0F 88 00000091                  	JS	L22
   373 00000499                                 L15:
   374 00000499 0F BF 05 00000FF4               	MOVSX	EAX,WORD [4084]
   375 000004A0 48                              	DEC	EAX
   376 000004A1 39 C6                           	CMP	ESI,EAX
   377 000004A3 7E 02                           	JLE	L16
   378 000004A5 89 C6                           	MOV	ESI,EAX
   379 000004A7                                 L16:
   380 000004A7 0F BF 05 00000FF6               	MOVSX	EAX,WORD [4086]
   381 000004AE 48                              	DEC	EAX
   382 000004AF 39 C7                           	CMP	EDI,EAX
   383 000004B1 7E 02                           	JLE	L17
   384 000004B3 89 C7                           	MOV	EDI,EAX
   385 000004B5                                 L17:
   386 000004B5 57                              	PUSH	EDI
   387 000004B6 8D 5D C4                        	LEA	EBX,DWORD [-60+EBP]
   388 000004B9 56                              	PUSH	ESI
   389 000004BA 68 [00000008]                   	PUSH	LC1
   390 000004BF 53                              	PUSH	EBX
   391 000004C0 E8 [00000000]                   	CALL	_sprintf
   392 000004C5 6A 0F                           	PUSH	15
   393 000004C7 6A 4F                           	PUSH	79
   394 000004C9 6A 00                           	PUSH	0
   395 000004CB 6A 00                           	PUSH	0
   396 000004CD 6A 0E                           	PUSH	14
   397 000004CF 0F BF 05 00000FF4               	MOVSX	EAX,WORD [4084]
   398 000004D6 50                              	PUSH	EAX
   399 000004D7 FF B5 FFFFFE00                  	PUSH	DWORD [-512+EBP]
   400 000004DD E8 [00000000]                   	CALL	_boxfill8
   401 000004E2 83 C4 2C                        	ADD	ESP,44
   402 000004E5 53                              	PUSH	EBX
   403 000004E6 6A 07                           	PUSH	7
   404 000004E8 6A 00                           	PUSH	0
   405 000004EA 6A 00                           	PUSH	0
   406 000004EC 0F BF 05 00000FF4               	MOVSX	EAX,WORD [4084]
   407 000004F3 50                              	PUSH	EAX
   408 000004F4 FF B5 FFFFFE00                  	PUSH	DWORD [-512+EBP]
   409 000004FA E8 [00000000]                   	CALL	_putfonts8_asc
   410 000004FF 6A 10                           	PUSH	16
   411 00000501 6A 50                           	PUSH	80
   412 00000503 6A 00                           	PUSH	0
   413 00000505 6A 00                           	PUSH	0
   414 00000507 FF B5 FFFFFE0C                  	PUSH	DWORD [-500+EBP]
   415 0000050D E8 [00000000]                   	CALL	_sheet_refresh
   416 00000512 83 C4 2C                        	ADD	ESP,44
   417 00000515 57                              	PUSH	EDI
   418 00000516 56                              	PUSH	ESI
   419 00000517 FF B5 FFFFFE08                  	PUSH	DWORD [-504+EBP]
   420 0000051D E8 [00000000]                   	CALL	_sheet_slide
   421 00000522 83 C4 0C                        	ADD	ESP,12
   422 00000525 E9 FFFFFDC3                     	JMP	L2
   423 0000052A                                 L22:
   424 0000052A 31 FF                           	XOR	EDI,EDI
   425 0000052C E9 FFFFFF68                     	JMP	L15
   426 00000531                                 L21:
   427 00000531 31 F6                           	XOR	ESI,ESI
   428 00000533 E9 FFFFFF59                     	JMP	L14
   429 00000538                                 L20:
   430 00000538 68 [00000000]                   	PUSH	_keyfifo
   431 0000053D E8 [00000000]                   	CALL	_fifo8_get
   432 00000542 89 C3                           	MOV	EBX,EAX
   433 00000544 E8 [00000000]                   	CALL	_io_sti
   434 00000549 53                              	PUSH	EBX
   435 0000054A 8D 55 C4                        	LEA	EDX,DWORD [-60+EBP]
   436 0000054D 68 [00000041]                   	PUSH	LC4
   437 00000552 8D 5D C4                        	LEA	EBX,DWORD [-60+EBP]
   438 00000555 52                              	PUSH	EDX
   439 00000556 E8 [00000000]                   	CALL	_sprintf
   440 0000055B 6A 1F                           	PUSH	31
   441 0000055D 6A 0F                           	PUSH	15
   442 0000055F 6A 10                           	PUSH	16
   443 00000561 6A 00                           	PUSH	0
   444 00000563 6A 0E                           	PUSH	14
   445 00000565 0F BF 05 00000FF4               	MOVSX	EAX,WORD [4084]
   446 0000056C 50                              	PUSH	EAX
   447 0000056D FF B5 FFFFFE00                  	PUSH	DWORD [-512+EBP]
   448 00000573 E8 [00000000]                   	CALL	_boxfill8
   449 00000578 83 C4 2C                        	ADD	ESP,44
   450 0000057B 53                              	PUSH	EBX
   451 0000057C 6A 07                           	PUSH	7
   452 0000057E 6A 10                           	PUSH	16
   453 00000580 6A 00                           	PUSH	0
   454 00000582 0F BF 05 00000FF4               	MOVSX	EAX,WORD [4084]
   455 00000589 50                              	PUSH	EAX
   456 0000058A FF B5 FFFFFE00                  	PUSH	DWORD [-512+EBP]
   457 00000590 E8 [00000000]                   	CALL	_putfonts8_asc
   458 00000595 6A 20                           	PUSH	32
   459 00000597 6A 10                           	PUSH	16
   460 00000599 6A 10                           	PUSH	16
   461 0000059B E9 FFFFFD3D                     	JMP	L18
   462 000005A0                                 L19:
   463 000005A0 E8 [00000000]                   	CALL	_io_sti
   464 000005A5 E9 FFFFFD43                     	JMP	L2
   465                                          [SECTION .data]
   466 00000046                                 _closebtn.0:
   467 00000046 4F 4F 4F 4F 4F 4F 4F 4F 4F 4F   	DB	"OOOOOOOOOOOOOOO@"
       00000050 4F 4F 4F 4F 4F 40 
   468 00000056 4F 51 51 51 51 51 51 51 51 51   	DB	"OQQQQQQQQQQQQQ$@"
       00000060 51 51 51 51 24 40 
   469 00000066 4F 51 51 51 51 51 51 51 51 51   	DB	"OQQQQQQQQQQQQQ$@"
       00000070 51 51 51 51 24 40 
   470 00000076 4F 51 51 51 40 40 51 51 51 51   	DB	"OQQQ@@QQQQ@@QQ$@"
       00000080 40 40 51 51 24 40 
   471 00000086 4F 51 51 51 51 40 40 51 51 40   	DB	"OQQQQ@@QQ@@QQQ$@"
       00000090 40 51 51 51 24 40 
   472 00000096 4F 51 51 51 51 51 40 40 40 40   	DB	"OQQQQQ@@@@QQQQ$@"
       000000A0 51 51 51 51 24 40 
   473 000000A6 4F 51 51 51 51 51 51 40 40 51   	DB	"OQQQQQQ@@QQQQQ$@"
       000000B0 51 51 51 51 24 40 
   474 000000B6 4F 51 51 51 51 51 40 40 40 40   	DB	"OQQQQQ@@@@QQQQ$@"
       000000C0 51 51 51 51 24 40 
   475 000000C6 4F 51 51 51 51 40 40 51 51 40   	DB	"OQQQQ@@QQ@@QQQ$@"
       000000D0 40 51 51 51 24 40 
   476 000000D6 4F 51 51 51 40 40 51 51 51 51   	DB	"OQQQ@@QQQQ@@QQ$@"
       000000E0 40 40 51 51 24 40 
   477 000000E6 4F 51 51 51 51 51 51 51 51 51   	DB	"OQQQQQQQQQQQQQ$@"
       000000F0 51 51 51 51 24 40 
   478 000000F6 4F 51 51 51 51 51 51 51 51 51   	DB	"OQQQQQQQQQQQQQ$@"
       00000100 51 51 51 51 24 40 
   479 00000106 4F 24 24 24 24 24 24 24 24 24   	DB	"O$$$$$$$$$$$$$$@"
       00000110 24 24 24 24 24 40 
   480 00000116 40 40 40 40 40 40 40 40 40 40   	DB	"@@@@@@@@@@@@@@@@"
       00000120 40 40 40 40 40 40 
   481                                          [SECTION .text]
   482 000005AA                                 	GLOBAL	_make_window8
   483 000005AA                                 _make_window8:
   484 000005AA 55                              	PUSH	EBP
   485 000005AB 89 E5                           	MOV	EBP,ESP
   486 000005AD 57                              	PUSH	EDI
   487 000005AE 56                              	PUSH	ESI
   488 000005AF 53                              	PUSH	EBX
   489 000005B0 83 EC 10                        	SUB	ESP,16
   490 000005B3 8B 5D 0C                        	MOV	EBX,DWORD [12+EBP]
   491 000005B6 6A 00                           	PUSH	0
   492 000005B8 8D 43 FF                        	LEA	EAX,DWORD [-1+EBX]
   493 000005BB 8D 7B FE                        	LEA	EDI,DWORD [-2+EBX]
   494 000005BE 50                              	PUSH	EAX
   495 000005BF 89 45 EC                        	MOV	DWORD [-20+EBP],EAX
   496 000005C2 6A 00                           	PUSH	0
   497 000005C4 6A 00                           	PUSH	0
   498 000005C6 6A 08                           	PUSH	8
   499 000005C8 53                              	PUSH	EBX
   500 000005C9 FF 75 08                        	PUSH	DWORD [8+EBP]
   501 000005CC E8 [00000000]                   	CALL	_boxfill8
   502 000005D1 6A 01                           	PUSH	1
   503 000005D3 57                              	PUSH	EDI
   504 000005D4 6A 01                           	PUSH	1
   505 000005D6 6A 01                           	PUSH	1
   506 000005D8 6A 07                           	PUSH	7
   507 000005DA 53                              	PUSH	EBX
   508 000005DB FF 75 08                        	PUSH	DWORD [8+EBP]
   509 000005DE E8 [00000000]                   	CALL	_boxfill8
   510 000005E3 8B 45 10                        	MOV	EAX,DWORD [16+EBP]
   511 000005E6 83 C4 38                        	ADD	ESP,56
   512 000005E9 48                              	DEC	EAX
   513 000005EA 89 45 E8                        	MOV	DWORD [-24+EBP],EAX
   514 000005ED 50                              	PUSH	EAX
   515 000005EE 6A 00                           	PUSH	0
   516 000005F0 6A 00                           	PUSH	0
   517 000005F2 6A 00                           	PUSH	0
   518 000005F4 6A 08                           	PUSH	8
   519 000005F6 53                              	PUSH	EBX
   520 000005F7 FF 75 08                        	PUSH	DWORD [8+EBP]
   521 000005FA E8 [00000000]                   	CALL	_boxfill8
   522 000005FF 8B 75 10                        	MOV	ESI,DWORD [16+EBP]
   523 00000602 83 EE 02                        	SUB	ESI,2
   524 00000605 56                              	PUSH	ESI
   525 00000606 6A 01                           	PUSH	1
   526 00000608 6A 01                           	PUSH	1
   527 0000060A 6A 01                           	PUSH	1
   528 0000060C 6A 07                           	PUSH	7
   529 0000060E 53                              	PUSH	EBX
   530 0000060F FF 75 08                        	PUSH	DWORD [8+EBP]
   531 00000612 E8 [00000000]                   	CALL	_boxfill8
   532 00000617 83 C4 38                        	ADD	ESP,56
   533 0000061A 56                              	PUSH	ESI
   534 0000061B 57                              	PUSH	EDI
   535 0000061C 6A 01                           	PUSH	1
   536 0000061E 57                              	PUSH	EDI
   537 0000061F 6A 0F                           	PUSH	15
   538 00000621 53                              	PUSH	EBX
   539 00000622 FF 75 08                        	PUSH	DWORD [8+EBP]
   540 00000625 E8 [00000000]                   	CALL	_boxfill8
   541 0000062A FF 75 E8                        	PUSH	DWORD [-24+EBP]
   542 0000062D FF 75 EC                        	PUSH	DWORD [-20+EBP]
   543 00000630 6A 00                           	PUSH	0
   544 00000632 FF 75 EC                        	PUSH	DWORD [-20+EBP]
   545 00000635 6A 00                           	PUSH	0
   546 00000637 53                              	PUSH	EBX
   547 00000638 FF 75 08                        	PUSH	DWORD [8+EBP]
   548 0000063B E8 [00000000]                   	CALL	_boxfill8
   549 00000640 8B 45 10                        	MOV	EAX,DWORD [16+EBP]
   550 00000643 83 C4 38                        	ADD	ESP,56
   551 00000646 83 E8 03                        	SUB	EAX,3
   552 00000649 50                              	PUSH	EAX
   553 0000064A 8D 43 FD                        	LEA	EAX,DWORD [-3+EBX]
   554 0000064D 50                              	PUSH	EAX
   555 0000064E 6A 02                           	PUSH	2
   556 00000650 6A 02                           	PUSH	2
   557 00000652 6A 08                           	PUSH	8
   558 00000654 53                              	PUSH	EBX
   559 00000655 FF 75 08                        	PUSH	DWORD [8+EBP]
   560 00000658 E8 [00000000]                   	CALL	_boxfill8
   561 0000065D 8D 43 FC                        	LEA	EAX,DWORD [-4+EBX]
   562 00000660 6A 14                           	PUSH	20
   563 00000662 50                              	PUSH	EAX
   564 00000663 6A 03                           	PUSH	3
   565 00000665 6A 03                           	PUSH	3
   566 00000667 6A 0C                           	PUSH	12
   567 00000669 53                              	PUSH	EBX
   568 0000066A FF 75 08                        	PUSH	DWORD [8+EBP]
   569 0000066D E8 [00000000]                   	CALL	_boxfill8
   570 00000672 83 C4 38                        	ADD	ESP,56
   571 00000675 56                              	PUSH	ESI
   572 00000676 57                              	PUSH	EDI
   573 00000677 31 FF                           	XOR	EDI,EDI
   574 00000679 56                              	PUSH	ESI
   575 0000067A 6A 01                           	PUSH	1
   576 0000067C 6A 0F                           	PUSH	15
   577 0000067E 53                              	PUSH	EBX
   578 0000067F FF 75 08                        	PUSH	DWORD [8+EBP]
   579 00000682 E8 [00000000]                   	CALL	_boxfill8
   580 00000687 FF 75 E8                        	PUSH	DWORD [-24+EBP]
   581 0000068A FF 75 EC                        	PUSH	DWORD [-20+EBP]
   582 0000068D FF 75 E8                        	PUSH	DWORD [-24+EBP]
   583 00000690 6A 00                           	PUSH	0
   584 00000692 6A 00                           	PUSH	0
   585 00000694 53                              	PUSH	EBX
   586 00000695 FF 75 08                        	PUSH	DWORD [8+EBP]
   587 00000698 E8 [00000000]                   	CALL	_boxfill8
   588 0000069D 83 C4 38                        	ADD	ESP,56
   589 000006A0 FF 75 14                        	PUSH	DWORD [20+EBP]
   590 000006A3 6A 07                           	PUSH	7
   591 000006A5 6A 04                           	PUSH	4
   592 000006A7 6A 18                           	PUSH	24
   593 000006A9 53                              	PUSH	EBX
   594 000006AA FF 75 08                        	PUSH	DWORD [8+EBP]
   595 000006AD E8 [00000000]                   	CALL	_putfonts8_asc
   596 000006B2 83 C4 18                        	ADD	ESP,24
   597 000006B5 6B CB 05                        	IMUL	ECX,EBX,5
   598 000006B8 C7 45 F0 00000000               	MOV	DWORD [-16+EBP],0
   599 000006BF                                 L38:
   600 000006BF 8D 14 19                        	LEA	EDX,DWORD [ECX+EBX*1]
   601 000006C2 8B 45 08                        	MOV	EAX,DWORD [8+EBP]
   602 000006C5 31 F6                           	XOR	ESI,ESI
   603 000006C7 8D 54 10 EB                     	LEA	EDX,DWORD [-21+EAX+EDX*1]
   604 000006CB                                 L37:
   605 000006CB 8A 84 3E [00000046]             	MOV	AL,BYTE [_closebtn.0+ESI+EDI*1]
   606 000006D2 3C 40                           	CMP	AL,64
   607 000006D4 74 2F                           	JE	L43
   608 000006D6 3C 24                           	CMP	AL,36
   609 000006D8 74 27                           	JE	L44
   610 000006DA 3C 51                           	CMP	AL,81
   611 000006DC 74 1F                           	JE	L45
   612 000006DE                                 L33:
   613 000006DE 46                              	INC	ESI
   614 000006DF 88 02                           	MOV	BYTE [EDX],AL
   615 000006E1 42                              	INC	EDX
   616 000006E2 83 FE 0F                        	CMP	ESI,15
   617 000006E5 7E E4                           	JLE	L37
   618 000006E7 FF 45 F0                        	INC	DWORD [-16+EBP]
   619 000006EA 01 D9                           	ADD	ECX,EBX
   620 000006EC 83 C7 10                        	ADD	EDI,16
   621 000006EF 83 7D F0 0D                     	CMP	DWORD [-16+EBP],13
   622 000006F3 7E CA                           	JLE	L38
   623 000006F5 8D 65 F4                        	LEA	ESP,DWORD [-12+EBP]
   624 000006F8 5B                              	POP	EBX
   625 000006F9 5E                              	POP	ESI
   626 000006FA 5F                              	POP	EDI
   627 000006FB 5D                              	POP	EBP
   628 000006FC C3                              	RET
   629 000006FD                                 L45:
   630 000006FD B0 07                           	MOV	AL,7
   631 000006FF EB DD                           	JMP	L33
   632 00000701                                 L44:
   633 00000701 B0 0F                           	MOV	AL,15
   634 00000703 EB D9                           	JMP	L33
   635 00000705                                 L43:
   636 00000705 31 C0                           	XOR	EAX,EAX
   637 00000707 EB D5                           	JMP	L33
