     1 00000000                                 [FORMAT "WCOFF"]
     2 00000000                                 [INSTRSET "i486p"]
     3 00000000                                 [OPTIMIZE 1]
     4 00000000                                 [OPTION 1]
     5 00000000                                 [BITS 32]
     6 00000000                                 	EXTERN	_init_gdtidt
     7 00000000                                 	EXTERN	_init_pic
     8 00000000                                 	EXTERN	_io_sti
     9 00000000                                 	EXTERN	_keyfifo
    10 00000000                                 	EXTERN	_fifo8_init
    11 00000000                                 	EXTERN	_mousefifo
    12 00000000                                 	EXTERN	_init_pit
    13 00000000                                 	EXTERN	_io_out8
    14 00000000                                 	EXTERN	_settimer
    15 00000000                                 	EXTERN	_init_keyboard
    16 00000000                                 	EXTERN	_enable_mouse
    17 00000000                                 	EXTERN	_memtest
    18 00000000                                 	EXTERN	_memman_init
    19 00000000                                 	EXTERN	_memman_free
    20 00000000                                 	EXTERN	_init_palette
    21 00000000                                 	EXTERN	_shtctl_init
    22 00000000                                 	EXTERN	_sheet_alloc
    23 00000000                                 	EXTERN	_memman_alloc_4k
    24 00000000                                 	EXTERN	_sheet_setbuf
    25 00000000                                 	EXTERN	_init_screen8
    26 00000000                                 	EXTERN	_init_mouse_cursor8
    27 00000000                                 	EXTERN	_sheet_slide
    28 00000000                                 	EXTERN	_sheet_updown
    29 00000000                                 	EXTERN	_sprintf
    30 00000000                                 	EXTERN	_putfonts8_asc
    31 00000000                                 	EXTERN	_memman_total
    32 00000000                                 	EXTERN	_sheet_refresh
    33 00000000                                 	EXTERN	_timerctl
    34 00000000                                 	EXTERN	_boxfill8
    35 00000000                                 	EXTERN	_io_cli
    36 00000000                                 	EXTERN	_fifo8_status
    37 00000000                                 	EXTERN	_fifo8_get
    38 00000000                                 	EXTERN	_mouse_decode
    39 00000000                                 [FILE "bootpack.c"]
    40                                          [SECTION .data]
    41 00000000                                 LC0:
    42 00000000 63 6F 75 6E 74 65 72 00         	DB	"counter",0x00
    43 00000008                                 LC1:
    44 00000008 28 25 33 64 2C 20 25 33 64 29   	DB	"(%3d, %3d)",0x00
       00000012 00 
    45 00000013                                 LC2:
    46 00000013 6D 65 6D 6F 72 79 20 25 64 4D   	DB	"memory %dMB   free : %dKB",0x00
       0000001D 42 20 20 20 66 72 65 65 20 3A 
       00000027 20 25 64 4B 42 00 
    47 0000002D                                 LC3:
    48 0000002D 25 30 31 30 64 00               	DB	"%010d",0x00
    49 00000033                                 LC6:
    50 00000033 31 30 5B 73 65 63 5D 00         	DB	"10[sec]",0x00
    51 0000003B                                 LC5:
    52 0000003B 5B 6C 63 72 20 25 34 64 20 25   	DB	"[lcr %4d %4d]",0x00
       00000045 34 64 5D 00 
    53 00000049                                 LC4:
    54 00000049 25 30 32 58 00                  	DB	"%02X",0x00
    55                                          [SECTION .text]
    56 00000000                                 	GLOBAL	_HariMain
    57 00000000                                 _HariMain:
    58 00000000 55                              	PUSH	EBP
    59 00000001 89 E5                           	MOV	EBP,ESP
    60 00000003 57                              	PUSH	EDI
    61 00000004 56                              	PUSH	ESI
    62 00000005 53                              	PUSH	EBX
    63 00000006 8D 5D D4                        	LEA	EBX,DWORD [-44+EBP]
    64 00000009 81 EC 00000228                  	SUB	ESP,552
    65 0000000F E8 [00000000]                   	CALL	_init_gdtidt
    66 00000014 E8 [00000000]                   	CALL	_init_pic
    67 00000019 E8 [00000000]                   	CALL	_io_sti
    68 0000001E 8D 45 84                        	LEA	EAX,DWORD [-124+EBP]
    69 00000021 50                              	PUSH	EAX
    70 00000022 6A 20                           	PUSH	32
    71 00000024 68 [00000000]                   	PUSH	_keyfifo
    72 00000029 E8 [00000000]                   	CALL	_fifo8_init
    73 0000002E 8D 85 FFFFFF04                  	LEA	EAX,DWORD [-252+EBP]
    74 00000034 50                              	PUSH	EAX
    75 00000035 68 00000080                     	PUSH	128
    76 0000003A 68 [00000000]                   	PUSH	_mousefifo
    77 0000003F E8 [00000000]                   	CALL	_fifo8_init
    78 00000044 E8 [00000000]                   	CALL	_init_pit
    79 00000049 68 000000F8                     	PUSH	248
    80 0000004E 6A 21                           	PUSH	33
    81 00000050 E8 [00000000]                   	CALL	_io_out8
    82 00000055 83 C4 20                        	ADD	ESP,32
    83 00000058 68 000000EF                     	PUSH	239
    84 0000005D 68 000000A1                     	PUSH	161
    85 00000062 E8 [00000000]                   	CALL	_io_out8
    86 00000067 8D 85 FFFFFDEC                  	LEA	EAX,DWORD [-532+EBP]
    87 0000006D 50                              	PUSH	EAX
    88 0000006E 6A 08                           	PUSH	8
    89 00000070 53                              	PUSH	EBX
    90 00000071 E8 [00000000]                   	CALL	_fifo8_init
    91 00000076 6A 01                           	PUSH	1
    92 00000078 53                              	PUSH	EBX
    93 00000079 68 000003E8                     	PUSH	1000
    94 0000007E E8 [00000000]                   	CALL	_settimer
    95 00000083 83 C4 20                        	ADD	ESP,32
    96 00000086 E8 [00000000]                   	CALL	_init_keyboard
    97 0000008B 8D 85 FFFFFEF4                  	LEA	EAX,DWORD [-268+EBP]
    98 00000091 50                              	PUSH	EAX
    99 00000092 E8 [00000000]                   	CALL	_enable_mouse
   100 00000097 68 BFFFFFFF                     	PUSH	-1073741825
   101 0000009C 68 00400000                     	PUSH	4194304
   102 000000A1 E8 [00000000]                   	CALL	_memtest
   103 000000A6 68 003C0000                     	PUSH	3932160
   104 000000AB 89 C6                           	MOV	ESI,EAX
   105 000000AD E8 [00000000]                   	CALL	_memman_init
   106 000000B2 68 0009E000                     	PUSH	647168
   107 000000B7 68 00001000                     	PUSH	4096
   108 000000BC 68 003C0000                     	PUSH	3932160
   109 000000C1 E8 [00000000]                   	CALL	_memman_free
   110 000000C6 8D 86 FFC00000                  	LEA	EAX,DWORD [-4194304+ESI]
   111 000000CC C1 EE 14                        	SHR	ESI,20
   112 000000CF 50                              	PUSH	EAX
   113 000000D0 68 00400000                     	PUSH	4194304
   114 000000D5 68 003C0000                     	PUSH	3932160
   115 000000DA E8 [00000000]                   	CALL	_memman_free
   116 000000DF 83 C4 28                        	ADD	ESP,40
   117 000000E2 E8 [00000000]                   	CALL	_init_palette
   118 000000E7 0F BF 05 00000FF6               	MOVSX	EAX,WORD [4086]
   119 000000EE 50                              	PUSH	EAX
   120 000000EF 0F BF 05 00000FF4               	MOVSX	EAX,WORD [4084]
   121 000000F6 50                              	PUSH	EAX
   122 000000F7 FF 35 00000FF8                  	PUSH	DWORD [4088]
   123 000000FD 68 003C0000                     	PUSH	3932160
   124 00000102 E8 [00000000]                   	CALL	_shtctl_init
   125 00000107 89 C3                           	MOV	EBX,EAX
   126 00000109 50                              	PUSH	EAX
   127 0000010A E8 [00000000]                   	CALL	_sheet_alloc
   128 0000010F 53                              	PUSH	EBX
   129 00000110 89 85 FFFFFDE4                  	MOV	DWORD [-540+EBP],EAX
   130 00000116 E8 [00000000]                   	CALL	_sheet_alloc
   131 0000011B 53                              	PUSH	EBX
   132 0000011C 8D 9D FFFFFDF4                  	LEA	EBX,DWORD [-524+EBP]
   133 00000122 89 85 FFFFFDE0                  	MOV	DWORD [-544+EBP],EAX
   134 00000128 E8 [00000000]                   	CALL	_sheet_alloc
   135 0000012D 0F BF 15 00000FF6               	MOVSX	EDX,WORD [4086]
   136 00000134 89 85 FFFFFDDC                  	MOV	DWORD [-548+EBP],EAX
   137 0000013A 0F BF 05 00000FF4               	MOVSX	EAX,WORD [4084]
   138 00000141 0F AF C2                        	IMUL	EAX,EDX
   139 00000144 50                              	PUSH	EAX
   140 00000145 68 003C0000                     	PUSH	3932160
   141 0000014A E8 [00000000]                   	CALL	_memman_alloc_4k
   142 0000014F 83 C4 24                        	ADD	ESP,36
   143 00000152 68 00002080                     	PUSH	8320
   144 00000157 89 85 FFFFFDD8                  	MOV	DWORD [-552+EBP],EAX
   145 0000015D 68 003C0000                     	PUSH	3932160
   146 00000162 E8 [00000000]                   	CALL	_memman_alloc_4k
   147 00000167 6A FF                           	PUSH	-1
   148 00000169 89 85 FFFFFDD4                  	MOV	DWORD [-556+EBP],EAX
   149 0000016F 0F BF 05 00000FF6               	MOVSX	EAX,WORD [4086]
   150 00000176 50                              	PUSH	EAX
   151 00000177 0F BF 05 00000FF4               	MOVSX	EAX,WORD [4084]
   152 0000017E 50                              	PUSH	EAX
   153 0000017F FF B5 FFFFFDD8                  	PUSH	DWORD [-552+EBP]
   154 00000185 FF B5 FFFFFDE4                  	PUSH	DWORD [-540+EBP]
   155 0000018B E8 [00000000]                   	CALL	_sheet_setbuf
   156 00000190 6A 63                           	PUSH	99
   157 00000192 6A 10                           	PUSH	16
   158 00000194 6A 10                           	PUSH	16
   159 00000196 53                              	PUSH	EBX
   160 00000197 FF B5 FFFFFDE0                  	PUSH	DWORD [-544+EBP]
   161 0000019D E8 [00000000]                   	CALL	_sheet_setbuf
   162 000001A2 83 C4 30                        	ADD	ESP,48
   163 000001A5 6A FF                           	PUSH	-1
   164 000001A7 6A 34                           	PUSH	52
   165 000001A9 68 000000A0                     	PUSH	160
   166 000001AE FF B5 FFFFFDD4                  	PUSH	DWORD [-556+EBP]
   167 000001B4 FF B5 FFFFFDDC                  	PUSH	DWORD [-548+EBP]
   168 000001BA E8 [00000000]                   	CALL	_sheet_setbuf
   169 000001BF 0F BF 05 00000FF6               	MOVSX	EAX,WORD [4086]
   170 000001C6 50                              	PUSH	EAX
   171 000001C7 0F BF 05 00000FF4               	MOVSX	EAX,WORD [4084]
   172 000001CE 50                              	PUSH	EAX
   173 000001CF FF B5 FFFFFDD8                  	PUSH	DWORD [-552+EBP]
   174 000001D5 E8 [00000000]                   	CALL	_init_screen8
   175 000001DA 83 C4 20                        	ADD	ESP,32
   176 000001DD 6A 63                           	PUSH	99
   177 000001DF 53                              	PUSH	EBX
   178 000001E0 BB 00000002                     	MOV	EBX,2
   179 000001E5 E8 [00000000]                   	CALL	_init_mouse_cursor8
   180 000001EA 68 [00000000]                   	PUSH	LC0
   181 000001EF 6A 44                           	PUSH	68
   182 000001F1 68 000000A0                     	PUSH	160
   183 000001F6 FF B5 FFFFFDD4                  	PUSH	DWORD [-556+EBP]
   184 000001FC E8 00000450                     	CALL	_make_window8
   185 00000201 6A 00                           	PUSH	0
   186 00000203 6A 00                           	PUSH	0
   187 00000205 FF B5 FFFFFDE4                  	PUSH	DWORD [-540+EBP]
   188 0000020B E8 [00000000]                   	CALL	_sheet_slide
   189 00000210 83 C4 24                        	ADD	ESP,36
   190 00000213 0F BF 05 00000FF4               	MOVSX	EAX,WORD [4084]
   191 0000021A 8D 48 F0                        	LEA	ECX,DWORD [-16+EAX]
   192 0000021D 89 C8                           	MOV	EAX,ECX
   193 0000021F 99                              	CDQ
   194 00000220 F7 FB                           	IDIV	EBX
   195 00000222 89 85 FFFFFDE8                  	MOV	DWORD [-536+EBP],EAX
   196 00000228 0F BF 05 00000FF6               	MOVSX	EAX,WORD [4086]
   197 0000022F 8D 48 D4                        	LEA	ECX,DWORD [-44+EAX]
   198 00000232 89 C8                           	MOV	EAX,ECX
   199 00000234 99                              	CDQ
   200 00000235 F7 FB                           	IDIV	EBX
   201 00000237 50                              	PUSH	EAX
   202 00000238 89 C7                           	MOV	EDI,EAX
   203 0000023A FF B5 FFFFFDE8                  	PUSH	DWORD [-536+EBP]
   204 00000240 FF B5 FFFFFDE0                  	PUSH	DWORD [-544+EBP]
   205 00000246 8D 5D A4                        	LEA	EBX,DWORD [-92+EBP]
   206 00000249 E8 [00000000]                   	CALL	_sheet_slide
   207 0000024E 6A 48                           	PUSH	72
   208 00000250 6A 50                           	PUSH	80
   209 00000252 FF B5 FFFFFDDC                  	PUSH	DWORD [-548+EBP]
   210 00000258 E8 [00000000]                   	CALL	_sheet_slide
   211 0000025D 6A 00                           	PUSH	0
   212 0000025F FF B5 FFFFFDE4                  	PUSH	DWORD [-540+EBP]
   213 00000265 E8 [00000000]                   	CALL	_sheet_updown
   214 0000026A 83 C4 20                        	ADD	ESP,32
   215 0000026D 6A 01                           	PUSH	1
   216 0000026F FF B5 FFFFFDDC                  	PUSH	DWORD [-548+EBP]
   217 00000275 E8 [00000000]                   	CALL	_sheet_updown
   218 0000027A 6A 02                           	PUSH	2
   219 0000027C FF B5 FFFFFDE0                  	PUSH	DWORD [-544+EBP]
   220 00000282 E8 [00000000]                   	CALL	_sheet_updown
   221 00000287 57                              	PUSH	EDI
   222 00000288 FF B5 FFFFFDE8                  	PUSH	DWORD [-536+EBP]
   223 0000028E 68 [00000008]                   	PUSH	LC1
   224 00000293 53                              	PUSH	EBX
   225 00000294 E8 [00000000]                   	CALL	_sprintf
   226 00000299 83 C4 20                        	ADD	ESP,32
   227 0000029C 53                              	PUSH	EBX
   228 0000029D 6A 07                           	PUSH	7
   229 0000029F 6A 00                           	PUSH	0
   230 000002A1 6A 00                           	PUSH	0
   231 000002A3 0F BF 05 00000FF4               	MOVSX	EAX,WORD [4084]
   232 000002AA 50                              	PUSH	EAX
   233 000002AB FF B5 FFFFFDD8                  	PUSH	DWORD [-552+EBP]
   234 000002B1 E8 [00000000]                   	CALL	_putfonts8_asc
   235 000002B6 68 003C0000                     	PUSH	3932160
   236 000002BB E8 [00000000]                   	CALL	_memman_total
   237 000002C0 C1 E8 0A                        	SHR	EAX,10
   238 000002C3 89 04 24                        	MOV	DWORD [ESP],EAX
   239 000002C6 56                              	PUSH	ESI
   240 000002C7 68 [00000013]                   	PUSH	LC2
   241 000002CC 53                              	PUSH	EBX
   242 000002CD E8 [00000000]                   	CALL	_sprintf
   243 000002D2 83 C4 28                        	ADD	ESP,40
   244 000002D5 53                              	PUSH	EBX
   245 000002D6 6A 07                           	PUSH	7
   246 000002D8 6A 20                           	PUSH	32
   247 000002DA 6A 00                           	PUSH	0
   248 000002DC 0F BF 05 00000FF4               	MOVSX	EAX,WORD [4084]
   249 000002E3 50                              	PUSH	EAX
   250 000002E4 FF B5 FFFFFDD8                  	PUSH	DWORD [-552+EBP]
   251 000002EA E8 [00000000]                   	CALL	_putfonts8_asc
   252 000002EF 6A 30                           	PUSH	48
   253 000002F1 0F BF 05 00000FF4               	MOVSX	EAX,WORD [4084]
   254 000002F8 50                              	PUSH	EAX
   255 000002F9 6A 00                           	PUSH	0
   256 000002FB                                 L20:
   257 000002FB 6A 00                           	PUSH	0
   258 000002FD FF B5 FFFFFDE4                  	PUSH	DWORD [-540+EBP]
   259 00000303 E8 [00000000]                   	CALL	_sheet_refresh
   260 00000308 83 C4 2C                        	ADD	ESP,44
   261 0000030B                                 L2:
   262 0000030B FF 35 [00000000]                	PUSH	DWORD [_timerctl]
   263 00000311 68 [0000002D]                   	PUSH	LC3
   264 00000316 8D 5D A4                        	LEA	EBX,DWORD [-92+EBP]
   265 00000319 53                              	PUSH	EBX
   266 0000031A 8D 75 D4                        	LEA	ESI,DWORD [-44+EBP]
   267 0000031D E8 [00000000]                   	CALL	_sprintf
   268 00000322 6A 2B                           	PUSH	43
   269 00000324 6A 77                           	PUSH	119
   270 00000326 6A 1C                           	PUSH	28
   271 00000328 6A 28                           	PUSH	40
   272 0000032A 6A 08                           	PUSH	8
   273 0000032C 68 000000A0                     	PUSH	160
   274 00000331 FF B5 FFFFFDD4                  	PUSH	DWORD [-556+EBP]
   275 00000337 E8 [00000000]                   	CALL	_boxfill8
   276 0000033C 83 C4 28                        	ADD	ESP,40
   277 0000033F 53                              	PUSH	EBX
   278 00000340 6A 00                           	PUSH	0
   279 00000342 6A 1C                           	PUSH	28
   280 00000344 6A 28                           	PUSH	40
   281 00000346 68 000000A0                     	PUSH	160
   282 0000034B FF B5 FFFFFDD4                  	PUSH	DWORD [-556+EBP]
   283 00000351 E8 [00000000]                   	CALL	_putfonts8_asc
   284 00000356 6A 2C                           	PUSH	44
   285 00000358 6A 78                           	PUSH	120
   286 0000035A 6A 1C                           	PUSH	28
   287 0000035C 6A 28                           	PUSH	40
   288 0000035E FF B5 FFFFFDDC                  	PUSH	DWORD [-548+EBP]
   289 00000364 E8 [00000000]                   	CALL	_sheet_refresh
   290 00000369 83 C4 2C                        	ADD	ESP,44
   291 0000036C E8 [00000000]                   	CALL	_io_cli
   292 00000371 68 [00000000]                   	PUSH	_keyfifo
   293 00000376 E8 [00000000]                   	CALL	_fifo8_status
   294 0000037B 68 [00000000]                   	PUSH	_mousefifo
   295 00000380 89 C3                           	MOV	EBX,EAX
   296 00000382 E8 [00000000]                   	CALL	_fifo8_status
   297 00000387 56                              	PUSH	ESI
   298 00000388 01 C3                           	ADD	EBX,EAX
   299 0000038A E8 [00000000]                   	CALL	_fifo8_status
   300 0000038F 83 C4 0C                        	ADD	ESP,12
   301 00000392 8D 04 18                        	LEA	EAX,DWORD [EAX+EBX*1]
   302 00000395 85 C0                           	TEST	EAX,EAX
   303 00000397 0F 84 000002AA                  	JE	L21
   304 0000039D 68 [00000000]                   	PUSH	_keyfifo
   305 000003A2 E8 [00000000]                   	CALL	_fifo8_status
   306 000003A7 5B                              	POP	EBX
   307 000003A8 85 C0                           	TEST	EAX,EAX
   308 000003AA 0F 85 0000022F                  	JNE	L22
   309 000003B0 68 [00000000]                   	PUSH	_mousefifo
   310 000003B5 E8 [00000000]                   	CALL	_fifo8_status
   311 000003BA 59                              	POP	ECX
   312 000003BB 85 C0                           	TEST	EAX,EAX
   313 000003BD 75 53                           	JNE	L23
   314 000003BF 56                              	PUSH	ESI
   315 000003C0 E8 [00000000]                   	CALL	_fifo8_status
   316 000003C5 5A                              	POP	EDX
   317 000003C6 85 C0                           	TEST	EAX,EAX
   318 000003C8 0F 84 FFFFFF3D                  	JE	L2
   319 000003CE 56                              	PUSH	ESI
   320 000003CF E8 [00000000]                   	CALL	_fifo8_get
   321 000003D4 E8 [00000000]                   	CALL	_io_sti
   322 000003D9 68 [00000033]                   	PUSH	LC6
   323 000003DE 6A 07                           	PUSH	7
   324 000003E0 6A 40                           	PUSH	64
   325 000003E2 6A 00                           	PUSH	0
   326 000003E4 0F BF 05 00000FF4               	MOVSX	EAX,WORD [4084]
   327 000003EB 50                              	PUSH	EAX
   328 000003EC FF B5 FFFFFDD8                  	PUSH	DWORD [-552+EBP]
   329 000003F2 E8 [00000000]                   	CALL	_putfonts8_asc
   330 000003F7 6A 50                           	PUSH	80
   331 000003F9 6A 38                           	PUSH	56
   332 000003FB 6A 40                           	PUSH	64
   333 000003FD 6A 00                           	PUSH	0
   334 000003FF FF B5 FFFFFDE4                  	PUSH	DWORD [-540+EBP]
   335 00000405 E8 [00000000]                   	CALL	_sheet_refresh
   336 0000040A 83 C4 30                        	ADD	ESP,48
   337 0000040D E9 FFFFFEF9                     	JMP	L2
   338 00000412                                 L23:
   339 00000412 68 [00000000]                   	PUSH	_mousefifo
   340 00000417 E8 [00000000]                   	CALL	_fifo8_get
   341 0000041C 89 C3                           	MOV	EBX,EAX
   342 0000041E E8 [00000000]                   	CALL	_io_sti
   343 00000423 0F B6 C3                        	MOVZX	EAX,BL
   344 00000426 50                              	PUSH	EAX
   345 00000427 8D 85 FFFFFEF4                  	LEA	EAX,DWORD [-268+EBP]
   346 0000042D 50                              	PUSH	EAX
   347 0000042E E8 [00000000]                   	CALL	_mouse_decode
   348 00000433 83 C4 0C                        	ADD	ESP,12
   349 00000436 85 C0                           	TEST	EAX,EAX
   350 00000438 0F 84 FFFFFECD                  	JE	L2
   351 0000043E FF B5 FFFFFEFC                  	PUSH	DWORD [-260+EBP]
   352 00000444 FF B5 FFFFFEF8                  	PUSH	DWORD [-264+EBP]
   353 0000044A 68 [0000003B]                   	PUSH	LC5
   354 0000044F 8D 45 A4                        	LEA	EAX,DWORD [-92+EBP]
   355 00000452 50                              	PUSH	EAX
   356 00000453 E8 [00000000]                   	CALL	_sprintf
   357 00000458 83 C4 10                        	ADD	ESP,16
   358 0000045B 8B 85 FFFFFF00                  	MOV	EAX,DWORD [-256+EBP]
   359 00000461 A9 00000001                     	TEST	EAX,1
   360 00000466 74 04                           	JE	L11
   361 00000468 C6 45 A5 4C                     	MOV	BYTE [-91+EBP],76
   362 0000046C                                 L11:
   363 0000046C A9 00000002                     	TEST	EAX,2
   364 00000471 74 04                           	JE	L12
   365 00000473 C6 45 A7 52                     	MOV	BYTE [-89+EBP],82
   366 00000477                                 L12:
   367 00000477 83 E0 04                        	AND	EAX,4
   368 0000047A 74 04                           	JE	L13
   369 0000047C C6 45 A6 43                     	MOV	BYTE [-90+EBP],67
   370 00000480                                 L13:
   371 00000480 6A 1F                           	PUSH	31
   372 00000482 68 00000097                     	PUSH	151
   373 00000487 6A 10                           	PUSH	16
   374 00000489 6A 20                           	PUSH	32
   375 0000048B 6A 0E                           	PUSH	14
   376 0000048D 0F BF 05 00000FF4               	MOVSX	EAX,WORD [4084]
   377 00000494 50                              	PUSH	EAX
   378 00000495 FF B5 FFFFFDD8                  	PUSH	DWORD [-552+EBP]
   379 0000049B E8 [00000000]                   	CALL	_boxfill8
   380 000004A0 8D 55 A4                        	LEA	EDX,DWORD [-92+EBP]
   381 000004A3 52                              	PUSH	EDX
   382 000004A4 6A 07                           	PUSH	7
   383 000004A6 6A 10                           	PUSH	16
   384 000004A8 6A 20                           	PUSH	32
   385 000004AA 0F BF 05 00000FF4               	MOVSX	EAX,WORD [4084]
   386 000004B1 50                              	PUSH	EAX
   387 000004B2 FF B5 FFFFFDD8                  	PUSH	DWORD [-552+EBP]
   388 000004B8 E8 [00000000]                   	CALL	_putfonts8_asc
   389 000004BD 83 C4 34                        	ADD	ESP,52
   390 000004C0 6A 20                           	PUSH	32
   391 000004C2 68 00000098                     	PUSH	152
   392 000004C7 6A 10                           	PUSH	16
   393 000004C9 6A 20                           	PUSH	32
   394 000004CB FF B5 FFFFFDE4                  	PUSH	DWORD [-540+EBP]
   395 000004D1 E8 [00000000]                   	CALL	_sheet_refresh
   396 000004D6 8D 47 0F                        	LEA	EAX,DWORD [15+EDI]
   397 000004D9 50                              	PUSH	EAX
   398 000004DA 8B 85 FFFFFDE8                  	MOV	EAX,DWORD [-536+EBP]
   399 000004E0 83 C0 0F                        	ADD	EAX,15
   400 000004E3 50                              	PUSH	EAX
   401 000004E4 57                              	PUSH	EDI
   402 000004E5 FF B5 FFFFFDE8                  	PUSH	DWORD [-536+EBP]
   403 000004EB 6A 0E                           	PUSH	14
   404 000004ED 0F BF 05 00000FF4               	MOVSX	EAX,WORD [4084]
   405 000004F4 50                              	PUSH	EAX
   406 000004F5 FF 35 00000FF8                  	PUSH	DWORD [4088]
   407 000004FB E8 [00000000]                   	CALL	_boxfill8
   408 00000500 8B 9D FFFFFEF8                  	MOV	EBX,DWORD [-264+EBP]
   409 00000506 03 BD FFFFFEFC                  	ADD	EDI,DWORD [-260+EBP]
   410 0000050C 83 C4 30                        	ADD	ESP,48
   411 0000050F 01 9D FFFFFDE8                  	ADD	DWORD [-536+EBP],EBX
   412 00000515 0F 88 000000B5                  	JS	L24
   413 0000051B                                 L14:
   414 0000051B 85 FF                           	TEST	EDI,EDI
   415 0000051D 0F 88 000000A6                  	JS	L25
   416 00000523                                 L15:
   417 00000523 0F BF 05 00000FF4               	MOVSX	EAX,WORD [4084]
   418 0000052A 48                              	DEC	EAX
   419 0000052B 39 85 FFFFFDE8                  	CMP	DWORD [-536+EBP],EAX
   420 00000531 7E 06                           	JLE	L16
   421 00000533 89 85 FFFFFDE8                  	MOV	DWORD [-536+EBP],EAX
   422 00000539                                 L16:
   423 00000539 0F BF 05 00000FF6               	MOVSX	EAX,WORD [4086]
   424 00000540 48                              	DEC	EAX
   425 00000541 39 C7                           	CMP	EDI,EAX
   426 00000543 7E 02                           	JLE	L17
   427 00000545 89 C7                           	MOV	EDI,EAX
   428 00000547                                 L17:
   429 00000547 57                              	PUSH	EDI
   430 00000548 8D 45 A4                        	LEA	EAX,DWORD [-92+EBP]
   431 0000054B FF B5 FFFFFDE8                  	PUSH	DWORD [-536+EBP]
   432 00000551 68 [00000008]                   	PUSH	LC1
   433 00000556 50                              	PUSH	EAX
   434 00000557 E8 [00000000]                   	CALL	_sprintf
   435 0000055C 6A 0F                           	PUSH	15
   436 0000055E 6A 4F                           	PUSH	79
   437 00000560 6A 00                           	PUSH	0
   438 00000562 6A 00                           	PUSH	0
   439 00000564 6A 0E                           	PUSH	14
   440 00000566 0F BF 05 00000FF4               	MOVSX	EAX,WORD [4084]
   441 0000056D 50                              	PUSH	EAX
   442 0000056E FF B5 FFFFFDD8                  	PUSH	DWORD [-552+EBP]
   443 00000574 E8 [00000000]                   	CALL	_boxfill8
   444 00000579 8D 55 A4                        	LEA	EDX,DWORD [-92+EBP]
   445 0000057C 83 C4 2C                        	ADD	ESP,44
   446 0000057F 52                              	PUSH	EDX
   447 00000580 6A 07                           	PUSH	7
   448 00000582 6A 00                           	PUSH	0
   449 00000584 6A 00                           	PUSH	0
   450 00000586 0F BF 05 00000FF4               	MOVSX	EAX,WORD [4084]
   451 0000058D 50                              	PUSH	EAX
   452 0000058E FF B5 FFFFFDD8                  	PUSH	DWORD [-552+EBP]
   453 00000594 E8 [00000000]                   	CALL	_putfonts8_asc
   454 00000599 6A 10                           	PUSH	16
   455 0000059B 6A 50                           	PUSH	80
   456 0000059D 6A 00                           	PUSH	0
   457 0000059F 6A 00                           	PUSH	0
   458 000005A1 FF B5 FFFFFDE4                  	PUSH	DWORD [-540+EBP]
   459 000005A7 E8 [00000000]                   	CALL	_sheet_refresh
   460 000005AC 83 C4 2C                        	ADD	ESP,44
   461 000005AF 57                              	PUSH	EDI
   462 000005B0 FF B5 FFFFFDE8                  	PUSH	DWORD [-536+EBP]
   463 000005B6 FF B5 FFFFFDE0                  	PUSH	DWORD [-544+EBP]
   464 000005BC E8 [00000000]                   	CALL	_sheet_slide
   465 000005C1 83 C4 0C                        	ADD	ESP,12
   466 000005C4 E9 FFFFFD42                     	JMP	L2
   467 000005C9                                 L25:
   468 000005C9 31 FF                           	XOR	EDI,EDI
   469 000005CB E9 FFFFFF53                     	JMP	L15
   470 000005D0                                 L24:
   471 000005D0 C7 85 FFFFFDE8 00000000         	MOV	DWORD [-536+EBP],0
   472 000005DA E9 FFFFFF3C                     	JMP	L14
   473 000005DF                                 L22:
   474 000005DF 68 [00000000]                   	PUSH	_keyfifo
   475 000005E4 E8 [00000000]                   	CALL	_fifo8_get
   476 000005E9 89 C3                           	MOV	EBX,EAX
   477 000005EB E8 [00000000]                   	CALL	_io_sti
   478 000005F0 53                              	PUSH	EBX
   479 000005F1 8D 55 A4                        	LEA	EDX,DWORD [-92+EBP]
   480 000005F4 68 [00000049]                   	PUSH	LC4
   481 000005F9 8D 5D A4                        	LEA	EBX,DWORD [-92+EBP]
   482 000005FC 52                              	PUSH	EDX
   483 000005FD E8 [00000000]                   	CALL	_sprintf
   484 00000602 6A 1F                           	PUSH	31
   485 00000604 6A 0F                           	PUSH	15
   486 00000606 6A 10                           	PUSH	16
   487 00000608 6A 00                           	PUSH	0
   488 0000060A 6A 0E                           	PUSH	14
   489 0000060C 0F BF 05 00000FF4               	MOVSX	EAX,WORD [4084]
   490 00000613 50                              	PUSH	EAX
   491 00000614 FF B5 FFFFFDD8                  	PUSH	DWORD [-552+EBP]
   492 0000061A E8 [00000000]                   	CALL	_boxfill8
   493 0000061F 83 C4 2C                        	ADD	ESP,44
   494 00000622 53                              	PUSH	EBX
   495 00000623 6A 07                           	PUSH	7
   496 00000625 6A 10                           	PUSH	16
   497 00000627 6A 00                           	PUSH	0
   498 00000629 0F BF 05 00000FF4               	MOVSX	EAX,WORD [4084]
   499 00000630 50                              	PUSH	EAX
   500 00000631 FF B5 FFFFFDD8                  	PUSH	DWORD [-552+EBP]
   501 00000637 E8 [00000000]                   	CALL	_putfonts8_asc
   502 0000063C 6A 20                           	PUSH	32
   503 0000063E 6A 10                           	PUSH	16
   504 00000640 6A 10                           	PUSH	16
   505 00000642 E9 FFFFFCB4                     	JMP	L20
   506 00000647                                 L21:
   507 00000647 E8 [00000000]                   	CALL	_io_sti
   508 0000064C E9 FFFFFCBA                     	JMP	L2
   509                                          [SECTION .data]
   510 0000004E                                 _closebtn.0:
   511 0000004E 4F 4F 4F 4F 4F 4F 4F 4F 4F 4F   	DB	"OOOOOOOOOOOOOOO@"
       00000058 4F 4F 4F 4F 4F 40 
   512 0000005E 4F 51 51 51 51 51 51 51 51 51   	DB	"OQQQQQQQQQQQQQ$@"
       00000068 51 51 51 51 24 40 
   513 0000006E 4F 51 51 51 51 51 51 51 51 51   	DB	"OQQQQQQQQQQQQQ$@"
       00000078 51 51 51 51 24 40 
   514 0000007E 4F 51 51 51 40 40 51 51 51 51   	DB	"OQQQ@@QQQQ@@QQ$@"
       00000088 40 40 51 51 24 40 
   515 0000008E 4F 51 51 51 51 40 40 51 51 40   	DB	"OQQQQ@@QQ@@QQQ$@"
       00000098 40 51 51 51 24 40 
   516 0000009E 4F 51 51 51 51 51 40 40 40 40   	DB	"OQQQQQ@@@@QQQQ$@"
       000000A8 51 51 51 51 24 40 
   517 000000AE 4F 51 51 51 51 51 51 40 40 51   	DB	"OQQQQQQ@@QQQQQ$@"
       000000B8 51 51 51 51 24 40 
   518 000000BE 4F 51 51 51 51 51 40 40 40 40   	DB	"OQQQQQ@@@@QQQQ$@"
       000000C8 51 51 51 51 24 40 
   519 000000CE 4F 51 51 51 51 40 40 51 51 40   	DB	"OQQQQ@@QQ@@QQQ$@"
       000000D8 40 51 51 51 24 40 
   520 000000DE 4F 51 51 51 40 40 51 51 51 51   	DB	"OQQQ@@QQQQ@@QQ$@"
       000000E8 40 40 51 51 24 40 
   521 000000EE 4F 51 51 51 51 51 51 51 51 51   	DB	"OQQQQQQQQQQQQQ$@"
       000000F8 51 51 51 51 24 40 
   522 000000FE 4F 51 51 51 51 51 51 51 51 51   	DB	"OQQQQQQQQQQQQQ$@"
       00000108 51 51 51 51 24 40 
   523 0000010E 4F 24 24 24 24 24 24 24 24 24   	DB	"O$$$$$$$$$$$$$$@"
       00000118 24 24 24 24 24 40 
   524 0000011E 40 40 40 40 40 40 40 40 40 40   	DB	"@@@@@@@@@@@@@@@@"
       00000128 40 40 40 40 40 40 
   525                                          [SECTION .text]
   526 00000651                                 	GLOBAL	_make_window8
   527 00000651                                 _make_window8:
   528 00000651 55                              	PUSH	EBP
   529 00000652 89 E5                           	MOV	EBP,ESP
   530 00000654 57                              	PUSH	EDI
   531 00000655 56                              	PUSH	ESI
   532 00000656 53                              	PUSH	EBX
   533 00000657 83 EC 10                        	SUB	ESP,16
   534 0000065A 8B 5D 0C                        	MOV	EBX,DWORD [12+EBP]
   535 0000065D 6A 00                           	PUSH	0
   536 0000065F 8D 43 FF                        	LEA	EAX,DWORD [-1+EBX]
   537 00000662 8D 7B FE                        	LEA	EDI,DWORD [-2+EBX]
   538 00000665 50                              	PUSH	EAX
   539 00000666 89 45 EC                        	MOV	DWORD [-20+EBP],EAX
   540 00000669 6A 00                           	PUSH	0
   541 0000066B 6A 00                           	PUSH	0
   542 0000066D 6A 08                           	PUSH	8
   543 0000066F 53                              	PUSH	EBX
   544 00000670 FF 75 08                        	PUSH	DWORD [8+EBP]
   545 00000673 E8 [00000000]                   	CALL	_boxfill8
   546 00000678 6A 01                           	PUSH	1
   547 0000067A 57                              	PUSH	EDI
   548 0000067B 6A 01                           	PUSH	1
   549 0000067D 6A 01                           	PUSH	1
   550 0000067F 6A 07                           	PUSH	7
   551 00000681 53                              	PUSH	EBX
   552 00000682 FF 75 08                        	PUSH	DWORD [8+EBP]
   553 00000685 E8 [00000000]                   	CALL	_boxfill8
   554 0000068A 8B 45 10                        	MOV	EAX,DWORD [16+EBP]
   555 0000068D 83 C4 38                        	ADD	ESP,56
   556 00000690 48                              	DEC	EAX
   557 00000691 89 45 E8                        	MOV	DWORD [-24+EBP],EAX
   558 00000694 50                              	PUSH	EAX
   559 00000695 6A 00                           	PUSH	0
   560 00000697 6A 00                           	PUSH	0
   561 00000699 6A 00                           	PUSH	0
   562 0000069B 6A 08                           	PUSH	8
   563 0000069D 53                              	PUSH	EBX
   564 0000069E FF 75 08                        	PUSH	DWORD [8+EBP]
   565 000006A1 E8 [00000000]                   	CALL	_boxfill8
   566 000006A6 8B 75 10                        	MOV	ESI,DWORD [16+EBP]
   567 000006A9 83 EE 02                        	SUB	ESI,2
   568 000006AC 56                              	PUSH	ESI
   569 000006AD 6A 01                           	PUSH	1
   570 000006AF 6A 01                           	PUSH	1
   571 000006B1 6A 01                           	PUSH	1
   572 000006B3 6A 07                           	PUSH	7
   573 000006B5 53                              	PUSH	EBX
   574 000006B6 FF 75 08                        	PUSH	DWORD [8+EBP]
   575 000006B9 E8 [00000000]                   	CALL	_boxfill8
   576 000006BE 83 C4 38                        	ADD	ESP,56
   577 000006C1 56                              	PUSH	ESI
   578 000006C2 57                              	PUSH	EDI
   579 000006C3 6A 01                           	PUSH	1
   580 000006C5 57                              	PUSH	EDI
   581 000006C6 6A 0F                           	PUSH	15
   582 000006C8 53                              	PUSH	EBX
   583 000006C9 FF 75 08                        	PUSH	DWORD [8+EBP]
   584 000006CC E8 [00000000]                   	CALL	_boxfill8
   585 000006D1 FF 75 E8                        	PUSH	DWORD [-24+EBP]
   586 000006D4 FF 75 EC                        	PUSH	DWORD [-20+EBP]
   587 000006D7 6A 00                           	PUSH	0
   588 000006D9 FF 75 EC                        	PUSH	DWORD [-20+EBP]
   589 000006DC 6A 00                           	PUSH	0
   590 000006DE 53                              	PUSH	EBX
   591 000006DF FF 75 08                        	PUSH	DWORD [8+EBP]
   592 000006E2 E8 [00000000]                   	CALL	_boxfill8
   593 000006E7 8B 45 10                        	MOV	EAX,DWORD [16+EBP]
   594 000006EA 83 C4 38                        	ADD	ESP,56
   595 000006ED 83 E8 03                        	SUB	EAX,3
   596 000006F0 50                              	PUSH	EAX
   597 000006F1 8D 43 FD                        	LEA	EAX,DWORD [-3+EBX]
   598 000006F4 50                              	PUSH	EAX
   599 000006F5 6A 02                           	PUSH	2
   600 000006F7 6A 02                           	PUSH	2
   601 000006F9 6A 08                           	PUSH	8
   602 000006FB 53                              	PUSH	EBX
   603 000006FC FF 75 08                        	PUSH	DWORD [8+EBP]
   604 000006FF E8 [00000000]                   	CALL	_boxfill8
   605 00000704 8D 43 FC                        	LEA	EAX,DWORD [-4+EBX]
   606 00000707 6A 14                           	PUSH	20
   607 00000709 50                              	PUSH	EAX
   608 0000070A 6A 03                           	PUSH	3
   609 0000070C 6A 03                           	PUSH	3
   610 0000070E 6A 0C                           	PUSH	12
   611 00000710 53                              	PUSH	EBX
   612 00000711 FF 75 08                        	PUSH	DWORD [8+EBP]
   613 00000714 E8 [00000000]                   	CALL	_boxfill8
   614 00000719 83 C4 38                        	ADD	ESP,56
   615 0000071C 56                              	PUSH	ESI
   616 0000071D 57                              	PUSH	EDI
   617 0000071E 31 FF                           	XOR	EDI,EDI
   618 00000720 56                              	PUSH	ESI
   619 00000721 6A 01                           	PUSH	1
   620 00000723 6A 0F                           	PUSH	15
   621 00000725 53                              	PUSH	EBX
   622 00000726 FF 75 08                        	PUSH	DWORD [8+EBP]
   623 00000729 E8 [00000000]                   	CALL	_boxfill8
   624 0000072E FF 75 E8                        	PUSH	DWORD [-24+EBP]
   625 00000731 FF 75 EC                        	PUSH	DWORD [-20+EBP]
   626 00000734 FF 75 E8                        	PUSH	DWORD [-24+EBP]
   627 00000737 6A 00                           	PUSH	0
   628 00000739 6A 00                           	PUSH	0
   629 0000073B 53                              	PUSH	EBX
   630 0000073C FF 75 08                        	PUSH	DWORD [8+EBP]
   631 0000073F E8 [00000000]                   	CALL	_boxfill8
   632 00000744 83 C4 38                        	ADD	ESP,56
   633 00000747 FF 75 14                        	PUSH	DWORD [20+EBP]
   634 0000074A 6A 07                           	PUSH	7
   635 0000074C 6A 04                           	PUSH	4
   636 0000074E 6A 18                           	PUSH	24
   637 00000750 53                              	PUSH	EBX
   638 00000751 FF 75 08                        	PUSH	DWORD [8+EBP]
   639 00000754 E8 [00000000]                   	CALL	_putfonts8_asc
   640 00000759 83 C4 18                        	ADD	ESP,24
   641 0000075C 6B CB 05                        	IMUL	ECX,EBX,5
   642 0000075F C7 45 F0 00000000               	MOV	DWORD [-16+EBP],0
   643 00000766                                 L41:
   644 00000766 8D 14 19                        	LEA	EDX,DWORD [ECX+EBX*1]
   645 00000769 8B 45 08                        	MOV	EAX,DWORD [8+EBP]
   646 0000076C 31 F6                           	XOR	ESI,ESI
   647 0000076E 8D 54 10 EB                     	LEA	EDX,DWORD [-21+EAX+EDX*1]
   648 00000772                                 L40:
   649 00000772 8A 84 3E [0000004E]             	MOV	AL,BYTE [_closebtn.0+ESI+EDI*1]
   650 00000779 3C 40                           	CMP	AL,64
   651 0000077B 74 2F                           	JE	L46
   652 0000077D 3C 24                           	CMP	AL,36
   653 0000077F 74 27                           	JE	L47
   654 00000781 3C 51                           	CMP	AL,81
   655 00000783 74 1F                           	JE	L48
   656 00000785                                 L36:
   657 00000785 46                              	INC	ESI
   658 00000786 88 02                           	MOV	BYTE [EDX],AL
   659 00000788 42                              	INC	EDX
   660 00000789 83 FE 0F                        	CMP	ESI,15
   661 0000078C 7E E4                           	JLE	L40
   662 0000078E FF 45 F0                        	INC	DWORD [-16+EBP]
   663 00000791 01 D9                           	ADD	ECX,EBX
   664 00000793 83 C7 10                        	ADD	EDI,16
   665 00000796 83 7D F0 0D                     	CMP	DWORD [-16+EBP],13
   666 0000079A 7E CA                           	JLE	L41
   667 0000079C 8D 65 F4                        	LEA	ESP,DWORD [-12+EBP]
   668 0000079F 5B                              	POP	EBX
   669 000007A0 5E                              	POP	ESI
   670 000007A1 5F                              	POP	EDI
   671 000007A2 5D                              	POP	EBP
   672 000007A3 C3                              	RET
   673 000007A4                                 L48:
   674 000007A4 B0 07                           	MOV	AL,7
   675 000007A6 EB DD                           	JMP	L36
   676 000007A8                                 L47:
   677 000007A8 B0 0F                           	MOV	AL,15
   678 000007AA EB D9                           	JMP	L36
   679 000007AC                                 L46:
   680 000007AC 31 C0                           	XOR	EAX,EAX
   681 000007AE EB D5                           	JMP	L36
