     1 00000000                                 [FORMAT "WCOFF"]
     2 00000000                                 [INSTRSET "i486p"]
     3 00000000                                 [OPTIMIZE 1]
     4 00000000                                 [OPTION 1]
     5 00000000                                 [BITS 32]
     6 00000000                                 	EXTERN	_init_gdtidt
     7 00000000                                 	EXTERN	_init_pic
     8 00000000                                 	EXTERN	_io_sti
     9 00000000                                 	EXTERN	_keyfifo
    10 00000000                                 	EXTERN	_fifo8_init
    11 00000000                                 	EXTERN	_mousefifo
    12 00000000                                 	EXTERN	_init_pit
    13 00000000                                 	EXTERN	_io_out8
    14 00000000                                 	EXTERN	_timer_alloc
    15 00000000                                 	EXTERN	_timer_init
    16 00000000                                 	EXTERN	_timer_settime
    17 00000000                                 	EXTERN	_init_keyboard
    18 00000000                                 	EXTERN	_enable_mouse
    19 00000000                                 	EXTERN	_memtest
    20 00000000                                 	EXTERN	_memman_init
    21 00000000                                 	EXTERN	_memman_free
    22 00000000                                 	EXTERN	_init_palette
    23 00000000                                 	EXTERN	_shtctl_init
    24 00000000                                 	EXTERN	_sheet_alloc
    25 00000000                                 	EXTERN	_memman_alloc_4k
    26 00000000                                 	EXTERN	_sheet_setbuf
    27 00000000                                 	EXTERN	_init_screen8
    28 00000000                                 	EXTERN	_init_mouse_cursor8
    29 00000000                                 	EXTERN	_sheet_slide
    30 00000000                                 	EXTERN	_sheet_updown
    31 00000000                                 	EXTERN	_sprintf
    32 00000000                                 	EXTERN	_putfonts8_asc
    33 00000000                                 	EXTERN	_memman_total
    34 00000000                                 	EXTERN	_sheet_refresh
    35 00000000                                 	EXTERN	_timerctl
    36 00000000                                 	EXTERN	_boxfill8
    37 00000000                                 	EXTERN	_io_cli
    38 00000000                                 	EXTERN	_fifo8_status
    39 00000000                                 	EXTERN	_fifo8_get
    40 00000000                                 	EXTERN	_mouse_decode
    41 00000000                                 [FILE "bootpack.c"]
    42                                          [SECTION .data]
    43 00000000                                 LC0:
    44 00000000 63 6F 75 6E 74 65 72 00         	DB	"counter",0x00
    45 00000008                                 LC1:
    46 00000008 28 25 33 64 2C 20 25 33 64 29   	DB	"(%3d, %3d)",0x00
       00000012 00 
    47 00000013                                 LC2:
    48 00000013 6D 65 6D 6F 72 79 20 25 64 4D   	DB	"memory %dMB   free : %dKB",0x00
       0000001D 42 20 20 20 66 72 65 65 20 3A 
       00000027 20 25 64 4B 42 00 
    49 0000002D                                 LC3:
    50 0000002D 25 30 31 30 64 00               	DB	"%010d",0x00
    51 00000033                                 LC7:
    52 00000033 33 5B 73 65 63 5D 00            	DB	"3[sec]",0x00
    53 0000003A                                 LC6:
    54 0000003A 31 30 5B 73 65 63 5D 00         	DB	"10[sec]",0x00
    55 00000042                                 LC5:
    56 00000042 5B 6C 63 72 20 25 34 64 20 25   	DB	"[lcr %4d %4d]",0x00
       0000004C 34 64 5D 00 
    57 00000050                                 LC4:
    58 00000050 25 30 32 58 00                  	DB	"%02X",0x00
    59                                          [SECTION .text]
    60 00000000                                 	GLOBAL	_HariMain
    61 00000000                                 _HariMain:
    62 00000000 55                              	PUSH	EBP
    63 00000001 89 E5                           	MOV	EBP,ESP
    64 00000003 57                              	PUSH	EDI
    65 00000004 56                              	PUSH	ESI
    66 00000005 53                              	PUSH	EBX
    67 00000006 8D 5D D4                        	LEA	EBX,DWORD [-44+EBP]
    68 00000009 81 EC 00000280                  	SUB	ESP,640
    69 0000000F E8 [00000000]                   	CALL	_init_gdtidt
    70 00000014 E8 [00000000]                   	CALL	_init_pic
    71 00000019 E8 [00000000]                   	CALL	_io_sti
    72 0000001E 8D 85 FFFFFF44                  	LEA	EAX,DWORD [-188+EBP]
    73 00000024 50                              	PUSH	EAX
    74 00000025 6A 20                           	PUSH	32
    75 00000027 68 [00000000]                   	PUSH	_keyfifo
    76 0000002C E8 [00000000]                   	CALL	_fifo8_init
    77 00000031 8D 85 FFFFFEC4                  	LEA	EAX,DWORD [-316+EBP]
    78 00000037 50                              	PUSH	EAX
    79 00000038 68 00000080                     	PUSH	128
    80 0000003D 68 [00000000]                   	PUSH	_mousefifo
    81 00000042 E8 [00000000]                   	CALL	_fifo8_init
    82 00000047 E8 [00000000]                   	CALL	_init_pit
    83 0000004C 68 000000F8                     	PUSH	248
    84 00000051 6A 21                           	PUSH	33
    85 00000053 E8 [00000000]                   	CALL	_io_out8
    86 00000058 83 C4 20                        	ADD	ESP,32
    87 0000005B 68 000000EF                     	PUSH	239
    88 00000060 68 000000A1                     	PUSH	161
    89 00000065 E8 [00000000]                   	CALL	_io_out8
    90 0000006A 8D 85 FFFFFDAC                  	LEA	EAX,DWORD [-596+EBP]
    91 00000070 50                              	PUSH	EAX
    92 00000071 6A 08                           	PUSH	8
    93 00000073 53                              	PUSH	EBX
    94 00000074 E8 [00000000]                   	CALL	_fifo8_init
    95 00000079 E8 [00000000]                   	CALL	_timer_alloc
    96 0000007E 6A 01                           	PUSH	1
    97 00000080 53                              	PUSH	EBX
    98 00000081 89 C6                           	MOV	ESI,EAX
    99 00000083 50                              	PUSH	EAX
   100 00000084 8D 5D B4                        	LEA	EBX,DWORD [-76+EBP]
   101 00000087 E8 [00000000]                   	CALL	_timer_init
   102 0000008C 83 C4 20                        	ADD	ESP,32
   103 0000008F 68 000003E8                     	PUSH	1000
   104 00000094 56                              	PUSH	ESI
   105 00000095 E8 [00000000]                   	CALL	_timer_settime
   106 0000009A 8D 85 FFFFFDA4                  	LEA	EAX,DWORD [-604+EBP]
   107 000000A0 50                              	PUSH	EAX
   108 000000A1 6A 08                           	PUSH	8
   109 000000A3 53                              	PUSH	EBX
   110 000000A4 E8 [00000000]                   	CALL	_fifo8_init
   111 000000A9 E8 [00000000]                   	CALL	_timer_alloc
   112 000000AE 6A 01                           	PUSH	1
   113 000000B0 53                              	PUSH	EBX
   114 000000B1 89 C6                           	MOV	ESI,EAX
   115 000000B3 50                              	PUSH	EAX
   116 000000B4 8D 5D 94                        	LEA	EBX,DWORD [-108+EBP]
   117 000000B7 E8 [00000000]                   	CALL	_timer_init
   118 000000BC 83 C4 20                        	ADD	ESP,32
   119 000000BF 68 0000012C                     	PUSH	300
   120 000000C4 56                              	PUSH	ESI
   121 000000C5 E8 [00000000]                   	CALL	_timer_settime
   122 000000CA 8D 85 FFFFFD9C                  	LEA	EAX,DWORD [-612+EBP]
   123 000000D0 50                              	PUSH	EAX
   124 000000D1 6A 08                           	PUSH	8
   125 000000D3 53                              	PUSH	EBX
   126 000000D4 E8 [00000000]                   	CALL	_fifo8_init
   127 000000D9 E8 [00000000]                   	CALL	_timer_alloc
   128 000000DE 6A 01                           	PUSH	1
   129 000000E0 53                              	PUSH	EBX
   130 000000E1 50                              	PUSH	EAX
   131 000000E2 89 85 FFFFFD98                  	MOV	DWORD [-616+EBP],EAX
   132 000000E8 E8 [00000000]                   	CALL	_timer_init
   133 000000ED 83 C4 20                        	ADD	ESP,32
   134 000000F0 6A 32                           	PUSH	50
   135 000000F2 FF B5 FFFFFD98                  	PUSH	DWORD [-616+EBP]
   136 000000F8 E8 [00000000]                   	CALL	_timer_settime
   137 000000FD E8 [00000000]                   	CALL	_init_keyboard
   138 00000102 8D 85 FFFFFEB4                  	LEA	EAX,DWORD [-332+EBP]
   139 00000108 50                              	PUSH	EAX
   140 00000109 E8 [00000000]                   	CALL	_enable_mouse
   141 0000010E 68 BFFFFFFF                     	PUSH	-1073741825
   142 00000113 68 00400000                     	PUSH	4194304
   143 00000118 E8 [00000000]                   	CALL	_memtest
   144 0000011D 68 003C0000                     	PUSH	3932160
   145 00000122 89 C6                           	MOV	ESI,EAX
   146 00000124 E8 [00000000]                   	CALL	_memman_init
   147 00000129 68 0009E000                     	PUSH	647168
   148 0000012E 68 00001000                     	PUSH	4096
   149 00000133 68 003C0000                     	PUSH	3932160
   150 00000138 E8 [00000000]                   	CALL	_memman_free
   151 0000013D 8D 86 FFC00000                  	LEA	EAX,DWORD [-4194304+ESI]
   152 00000143 83 C4 24                        	ADD	ESP,36
   153 00000146 50                              	PUSH	EAX
   154 00000147 68 00400000                     	PUSH	4194304
   155 0000014C 68 003C0000                     	PUSH	3932160
   156 00000151 E8 [00000000]                   	CALL	_memman_free
   157 00000156 E8 [00000000]                   	CALL	_init_palette
   158 0000015B 0F BF 05 00000FF6               	MOVSX	EAX,WORD [4086]
   159 00000162 50                              	PUSH	EAX
   160 00000163 0F BF 05 00000FF4               	MOVSX	EAX,WORD [4084]
   161 0000016A 50                              	PUSH	EAX
   162 0000016B FF 35 00000FF8                  	PUSH	DWORD [4088]
   163 00000171 68 003C0000                     	PUSH	3932160
   164 00000176 E8 [00000000]                   	CALL	_shtctl_init
   165 0000017B 89 C3                           	MOV	EBX,EAX
   166 0000017D 50                              	PUSH	EAX
   167 0000017E E8 [00000000]                   	CALL	_sheet_alloc
   168 00000183 83 C4 20                        	ADD	ESP,32
   169 00000186 53                              	PUSH	EBX
   170 00000187 89 85 FFFFFD8C                  	MOV	DWORD [-628+EBP],EAX
   171 0000018D E8 [00000000]                   	CALL	_sheet_alloc
   172 00000192 53                              	PUSH	EBX
   173 00000193 8D 9D FFFFFDB4                  	LEA	EBX,DWORD [-588+EBP]
   174 00000199 89 85 FFFFFD88                  	MOV	DWORD [-632+EBP],EAX
   175 0000019F E8 [00000000]                   	CALL	_sheet_alloc
   176 000001A4 0F BF 15 00000FF6               	MOVSX	EDX,WORD [4086]
   177 000001AB 89 85 FFFFFD84                  	MOV	DWORD [-636+EBP],EAX
   178 000001B1 0F BF 05 00000FF4               	MOVSX	EAX,WORD [4084]
   179 000001B8 0F AF C2                        	IMUL	EAX,EDX
   180 000001BB 50                              	PUSH	EAX
   181 000001BC 68 003C0000                     	PUSH	3932160
   182 000001C1 E8 [00000000]                   	CALL	_memman_alloc_4k
   183 000001C6 68 00002080                     	PUSH	8320
   184 000001CB 68 003C0000                     	PUSH	3932160
   185 000001D0 89 85 FFFFFD80                  	MOV	DWORD [-640+EBP],EAX
   186 000001D6 E8 [00000000]                   	CALL	_memman_alloc_4k
   187 000001DB 6A FF                           	PUSH	-1
   188 000001DD 89 85 FFFFFD7C                  	MOV	DWORD [-644+EBP],EAX
   189 000001E3 0F BF 05 00000FF6               	MOVSX	EAX,WORD [4086]
   190 000001EA 50                              	PUSH	EAX
   191 000001EB 0F BF 05 00000FF4               	MOVSX	EAX,WORD [4084]
   192 000001F2 50                              	PUSH	EAX
   193 000001F3 FF B5 FFFFFD80                  	PUSH	DWORD [-640+EBP]
   194 000001F9 FF B5 FFFFFD8C                  	PUSH	DWORD [-628+EBP]
   195 000001FF E8 [00000000]                   	CALL	_sheet_setbuf
   196 00000204 83 C4 2C                        	ADD	ESP,44
   197 00000207 6A 63                           	PUSH	99
   198 00000209 6A 10                           	PUSH	16
   199 0000020B 6A 10                           	PUSH	16
   200 0000020D 53                              	PUSH	EBX
   201 0000020E FF B5 FFFFFD88                  	PUSH	DWORD [-632+EBP]
   202 00000214 E8 [00000000]                   	CALL	_sheet_setbuf
   203 00000219 6A FF                           	PUSH	-1
   204 0000021B 6A 34                           	PUSH	52
   205 0000021D 68 000000A0                     	PUSH	160
   206 00000222 FF B5 FFFFFD7C                  	PUSH	DWORD [-644+EBP]
   207 00000228 FF B5 FFFFFD84                  	PUSH	DWORD [-636+EBP]
   208 0000022E E8 [00000000]                   	CALL	_sheet_setbuf
   209 00000233 83 C4 28                        	ADD	ESP,40
   210 00000236 0F BF 05 00000FF6               	MOVSX	EAX,WORD [4086]
   211 0000023D 50                              	PUSH	EAX
   212 0000023E 0F BF 05 00000FF4               	MOVSX	EAX,WORD [4084]
   213 00000245 50                              	PUSH	EAX
   214 00000246 FF B5 FFFFFD80                  	PUSH	DWORD [-640+EBP]
   215 0000024C E8 [00000000]                   	CALL	_init_screen8
   216 00000251 6A 63                           	PUSH	99
   217 00000253 53                              	PUSH	EBX
   218 00000254 BB 00000002                     	MOV	EBX,2
   219 00000259 E8 [00000000]                   	CALL	_init_mouse_cursor8
   220 0000025E 68 [00000000]                   	PUSH	LC0
   221 00000263 6A 44                           	PUSH	68
   222 00000265 68 000000A0                     	PUSH	160
   223 0000026A FF B5 FFFFFD7C                  	PUSH	DWORD [-644+EBP]
   224 00000270 E8 00000596                     	CALL	_make_window8
   225 00000275 83 C4 24                        	ADD	ESP,36
   226 00000278 6A 00                           	PUSH	0
   227 0000027A 6A 00                           	PUSH	0
   228 0000027C FF B5 FFFFFD8C                  	PUSH	DWORD [-628+EBP]
   229 00000282 E8 [00000000]                   	CALL	_sheet_slide
   230 00000287 0F BF 05 00000FF4               	MOVSX	EAX,WORD [4084]
   231 0000028E 8D 48 F0                        	LEA	ECX,DWORD [-16+EAX]
   232 00000291 89 C8                           	MOV	EAX,ECX
   233 00000293 99                              	CDQ
   234 00000294 F7 FB                           	IDIV	EBX
   235 00000296 89 85 FFFFFD94                  	MOV	DWORD [-620+EBP],EAX
   236 0000029C 0F BF 05 00000FF6               	MOVSX	EAX,WORD [4086]
   237 000002A3 8D 48 D4                        	LEA	ECX,DWORD [-44+EAX]
   238 000002A6 89 C8                           	MOV	EAX,ECX
   239 000002A8 99                              	CDQ
   240 000002A9 F7 FB                           	IDIV	EBX
   241 000002AB 50                              	PUSH	EAX
   242 000002AC 89 85 FFFFFD90                  	MOV	DWORD [-624+EBP],EAX
   243 000002B2 FF B5 FFFFFD94                  	PUSH	DWORD [-620+EBP]
   244 000002B8 FF B5 FFFFFD88                  	PUSH	DWORD [-632+EBP]
   245 000002BE 8D 9D FFFFFF64                  	LEA	EBX,DWORD [-156+EBP]
   246 000002C4 E8 [00000000]                   	CALL	_sheet_slide
   247 000002C9 6A 48                           	PUSH	72
   248 000002CB 6A 50                           	PUSH	80
   249 000002CD FF B5 FFFFFD84                  	PUSH	DWORD [-636+EBP]
   250 000002D3 E8 [00000000]                   	CALL	_sheet_slide
   251 000002D8 83 C4 24                        	ADD	ESP,36
   252 000002DB 6A 00                           	PUSH	0
   253 000002DD FF B5 FFFFFD8C                  	PUSH	DWORD [-628+EBP]
   254 000002E3 E8 [00000000]                   	CALL	_sheet_updown
   255 000002E8 6A 01                           	PUSH	1
   256 000002EA FF B5 FFFFFD84                  	PUSH	DWORD [-636+EBP]
   257 000002F0 E8 [00000000]                   	CALL	_sheet_updown
   258 000002F5 6A 02                           	PUSH	2
   259 000002F7 FF B5 FFFFFD88                  	PUSH	DWORD [-632+EBP]
   260 000002FD E8 [00000000]                   	CALL	_sheet_updown
   261 00000302 FF B5 FFFFFD90                  	PUSH	DWORD [-624+EBP]
   262 00000308 FF B5 FFFFFD94                  	PUSH	DWORD [-620+EBP]
   263 0000030E 68 [00000008]                   	PUSH	LC1
   264 00000313 53                              	PUSH	EBX
   265 00000314 E8 [00000000]                   	CALL	_sprintf
   266 00000319 83 C4 28                        	ADD	ESP,40
   267 0000031C 53                              	PUSH	EBX
   268 0000031D 6A 07                           	PUSH	7
   269 0000031F 6A 00                           	PUSH	0
   270 00000321 6A 00                           	PUSH	0
   271 00000323 0F BF 05 00000FF4               	MOVSX	EAX,WORD [4084]
   272 0000032A 50                              	PUSH	EAX
   273 0000032B FF B5 FFFFFD80                  	PUSH	DWORD [-640+EBP]
   274 00000331 E8 [00000000]                   	CALL	_putfonts8_asc
   275 00000336 68 003C0000                     	PUSH	3932160
   276 0000033B E8 [00000000]                   	CALL	_memman_total
   277 00000340 C1 E8 0A                        	SHR	EAX,10
   278 00000343 C1 EE 14                        	SHR	ESI,20
   279 00000346 89 04 24                        	MOV	DWORD [ESP],EAX
   280 00000349 56                              	PUSH	ESI
   281 0000034A 68 [00000013]                   	PUSH	LC2
   282 0000034F 53                              	PUSH	EBX
   283 00000350 E8 [00000000]                   	CALL	_sprintf
   284 00000355 83 C4 28                        	ADD	ESP,40
   285 00000358 53                              	PUSH	EBX
   286 00000359 6A 07                           	PUSH	7
   287 0000035B 6A 20                           	PUSH	32
   288 0000035D 6A 00                           	PUSH	0
   289 0000035F 0F BF 05 00000FF4               	MOVSX	EAX,WORD [4084]
   290 00000366 50                              	PUSH	EAX
   291 00000367 FF B5 FFFFFD80                  	PUSH	DWORD [-640+EBP]
   292 0000036D E8 [00000000]                   	CALL	_putfonts8_asc
   293 00000372 6A 30                           	PUSH	48
   294 00000374 0F BF 05 00000FF4               	MOVSX	EAX,WORD [4084]
   295 0000037B 50                              	PUSH	EAX
   296 0000037C 6A 00                           	PUSH	0
   297 0000037E                                 L27:
   298 0000037E 6A 00                           	PUSH	0
   299 00000380 FF B5 FFFFFD8C                  	PUSH	DWORD [-628+EBP]
   300 00000386 E8 [00000000]                   	CALL	_sheet_refresh
   301 0000038B 83 C4 2C                        	ADD	ESP,44
   302 0000038E                                 L2:
   303 0000038E FF 35 [00000000]                	PUSH	DWORD [_timerctl]
   304 00000394 68 [0000002D]                   	PUSH	LC3
   305 00000399 8D 9D FFFFFF64                  	LEA	EBX,DWORD [-156+EBP]
   306 0000039F 53                              	PUSH	EBX
   307 000003A0 8D 7D D4                        	LEA	EDI,DWORD [-44+EBP]
   308 000003A3 8D 75 94                        	LEA	ESI,DWORD [-108+EBP]
   309 000003A6 E8 [00000000]                   	CALL	_sprintf
   310 000003AB 6A 2B                           	PUSH	43
   311 000003AD 6A 77                           	PUSH	119
   312 000003AF 6A 1C                           	PUSH	28
   313 000003B1 6A 28                           	PUSH	40
   314 000003B3 6A 08                           	PUSH	8
   315 000003B5 68 000000A0                     	PUSH	160
   316 000003BA FF B5 FFFFFD7C                  	PUSH	DWORD [-644+EBP]
   317 000003C0 E8 [00000000]                   	CALL	_boxfill8
   318 000003C5 83 C4 28                        	ADD	ESP,40
   319 000003C8 53                              	PUSH	EBX
   320 000003C9 6A 00                           	PUSH	0
   321 000003CB 6A 1C                           	PUSH	28
   322 000003CD 6A 28                           	PUSH	40
   323 000003CF 68 000000A0                     	PUSH	160
   324 000003D4 FF B5 FFFFFD7C                  	PUSH	DWORD [-644+EBP]
   325 000003DA E8 [00000000]                   	CALL	_putfonts8_asc
   326 000003DF 6A 2C                           	PUSH	44
   327 000003E1 6A 78                           	PUSH	120
   328 000003E3 6A 1C                           	PUSH	28
   329 000003E5 6A 28                           	PUSH	40
   330 000003E7 FF B5 FFFFFD84                  	PUSH	DWORD [-636+EBP]
   331 000003ED E8 [00000000]                   	CALL	_sheet_refresh
   332 000003F2 83 C4 2C                        	ADD	ESP,44
   333 000003F5 E8 [00000000]                   	CALL	_io_cli
   334 000003FA 68 [00000000]                   	PUSH	_keyfifo
   335 000003FF E8 [00000000]                   	CALL	_fifo8_status
   336 00000404 68 [00000000]                   	PUSH	_mousefifo
   337 00000409 89 C3                           	MOV	EBX,EAX
   338 0000040B E8 [00000000]                   	CALL	_fifo8_status
   339 00000410 57                              	PUSH	EDI
   340 00000411 01 C3                           	ADD	EBX,EAX
   341 00000413 E8 [00000000]                   	CALL	_fifo8_status
   342 00000418 8D 55 B4                        	LEA	EDX,DWORD [-76+EBP]
   343 0000041B 52                              	PUSH	EDX
   344 0000041C 01 C3                           	ADD	EBX,EAX
   345 0000041E E8 [00000000]                   	CALL	_fifo8_status
   346 00000423 83 C4 10                        	ADD	ESP,16
   347 00000426 39 C3                           	CMP	EBX,EAX
   348 00000428 56                              	PUSH	ESI
   349 00000429 0F 94 C3                        	SETE	BL
   350 0000042C 0F B6 DB                        	MOVZX	EBX,BL
   351 0000042F E8 [00000000]                   	CALL	_fifo8_status
   352 00000434 5A                              	POP	EDX
   353 00000435 39 C3                           	CMP	EBX,EAX
   354 00000437 0F 85 000003C4                  	JNE	L29
   355 0000043D 68 [00000000]                   	PUSH	_keyfifo
   356 00000442 E8 [00000000]                   	CALL	_fifo8_status
   357 00000447 59                              	POP	ECX
   358 00000448 85 C0                           	TEST	EAX,EAX
   359 0000044A 0F 85 00000349                  	JNE	L30
   360 00000450 68 [00000000]                   	PUSH	_mousefifo
   361 00000455 E8 [00000000]                   	CALL	_fifo8_status
   362 0000045A 5A                              	POP	EDX
   363 0000045B 85 C0                           	TEST	EAX,EAX
   364 0000045D 0F 85 0000012A                  	JNE	L31
   365 00000463 57                              	PUSH	EDI
   366 00000464 E8 [00000000]                   	CALL	_fifo8_status
   367 00000469 5B                              	POP	EBX
   368 0000046A 85 C0                           	TEST	EAX,EAX
   369 0000046C 0F 85 000000EA                  	JNE	L32
   370 00000472 8D 55 B4                        	LEA	EDX,DWORD [-76+EBP]
   371 00000475 52                              	PUSH	EDX
   372 00000476 E8 [00000000]                   	CALL	_fifo8_status
   373 0000047B 59                              	POP	ECX
   374 0000047C 85 C0                           	TEST	EAX,EAX
   375 0000047E 0F 85 00000091                  	JNE	L33
   376 00000484 56                              	PUSH	ESI
   377 00000485 E8 [00000000]                   	CALL	_fifo8_status
   378 0000048A 5A                              	POP	EDX
   379 0000048B 85 C0                           	TEST	EAX,EAX
   380 0000048D 0F 84 FFFFFEFB                  	JE	L2
   381 00000493 56                              	PUSH	ESI
   382 00000494 E8 [00000000]                   	CALL	_fifo8_get
   383 00000499 89 C3                           	MOV	EBX,EAX
   384 0000049B E8 [00000000]                   	CALL	_io_sti
   385 000004A0 58                              	POP	EAX
   386 000004A1 85 DB                           	TEST	EBX,EBX
   387 000004A3 74 56                           	JE	L24
   388 000004A5 6A 00                           	PUSH	0
   389 000004A7 56                              	PUSH	ESI
   390 000004A8 FF B5 FFFFFD98                  	PUSH	DWORD [-616+EBP]
   391 000004AE E8 [00000000]                   	CALL	_timer_init
   392 000004B3 6A 6F                           	PUSH	111
   393 000004B5 6A 0F                           	PUSH	15
   394 000004B7 6A 60                           	PUSH	96
   395 000004B9 6A 08                           	PUSH	8
   396 000004BB 6A 07                           	PUSH	7
   397 000004BD                                 L28:
   398 000004BD 0F BF 05 00000FF4               	MOVSX	EAX,WORD [4084]
   399 000004C4 50                              	PUSH	EAX
   400 000004C5 FF B5 FFFFFD80                  	PUSH	DWORD [-640+EBP]
   401 000004CB E8 [00000000]                   	CALL	_boxfill8
   402 000004D0 83 C4 28                        	ADD	ESP,40
   403 000004D3 6A 32                           	PUSH	50
   404 000004D5 FF B5 FFFFFD98                  	PUSH	DWORD [-616+EBP]
   405 000004DB E8 [00000000]                   	CALL	_timer_settime
   406 000004E0 6A 70                           	PUSH	112
   407 000004E2 6A 10                           	PUSH	16
   408 000004E4 6A 60                           	PUSH	96
   409 000004E6 6A 08                           	PUSH	8
   410 000004E8 FF B5 FFFFFD8C                  	PUSH	DWORD [-628+EBP]
   411 000004EE E8 [00000000]                   	CALL	_sheet_refresh
   412 000004F3 83 C4 1C                        	ADD	ESP,28
   413 000004F6 E9 FFFFFE93                     	JMP	L2
   414 000004FB                                 L24:
   415 000004FB 6A 01                           	PUSH	1
   416 000004FD 56                              	PUSH	ESI
   417 000004FE FF B5 FFFFFD98                  	PUSH	DWORD [-616+EBP]
   418 00000504 E8 [00000000]                   	CALL	_timer_init
   419 00000509 6A 6F                           	PUSH	111
   420 0000050B 6A 0F                           	PUSH	15
   421 0000050D 6A 60                           	PUSH	96
   422 0000050F 6A 08                           	PUSH	8
   423 00000511 6A 0E                           	PUSH	14
   424 00000513 EB A8                           	JMP	L28
   425 00000515                                 L33:
   426 00000515 8D 5D B4                        	LEA	EBX,DWORD [-76+EBP]
   427 00000518 53                              	PUSH	EBX
   428 00000519 E8 [00000000]                   	CALL	_fifo8_get
   429 0000051E E8 [00000000]                   	CALL	_io_sti
   430 00000523 68 [00000033]                   	PUSH	LC7
   431 00000528 6A 07                           	PUSH	7
   432 0000052A 6A 50                           	PUSH	80
   433 0000052C 6A 00                           	PUSH	0
   434 0000052E 0F BF 05 00000FF4               	MOVSX	EAX,WORD [4084]
   435 00000535 50                              	PUSH	EAX
   436 00000536 FF B5 FFFFFD80                  	PUSH	DWORD [-640+EBP]
   437 0000053C E8 [00000000]                   	CALL	_putfonts8_asc
   438 00000541 6A 60                           	PUSH	96
   439 00000543 6A 30                           	PUSH	48
   440 00000545 6A 50                           	PUSH	80
   441 00000547                                 L26:
   442 00000547 6A 00                           	PUSH	0
   443 00000549 FF B5 FFFFFD8C                  	PUSH	DWORD [-628+EBP]
   444 0000054F E8 [00000000]                   	CALL	_sheet_refresh
   445 00000554 83 C4 30                        	ADD	ESP,48
   446 00000557 E9 FFFFFE32                     	JMP	L2
   447 0000055C                                 L32:
   448 0000055C 57                              	PUSH	EDI
   449 0000055D E8 [00000000]                   	CALL	_fifo8_get
   450 00000562 E8 [00000000]                   	CALL	_io_sti
   451 00000567 68 [0000003A]                   	PUSH	LC6
   452 0000056C 6A 07                           	PUSH	7
   453 0000056E 6A 40                           	PUSH	64
   454 00000570 6A 00                           	PUSH	0
   455 00000572 0F BF 05 00000FF4               	MOVSX	EAX,WORD [4084]
   456 00000579 50                              	PUSH	EAX
   457 0000057A FF B5 FFFFFD80                  	PUSH	DWORD [-640+EBP]
   458 00000580 E8 [00000000]                   	CALL	_putfonts8_asc
   459 00000585 6A 50                           	PUSH	80
   460 00000587 6A 38                           	PUSH	56
   461 00000589 6A 40                           	PUSH	64
   462 0000058B EB BA                           	JMP	L26
   463 0000058D                                 L31:
   464 0000058D 68 [00000000]                   	PUSH	_mousefifo
   465 00000592 E8 [00000000]                   	CALL	_fifo8_get
   466 00000597 89 C3                           	MOV	EBX,EAX
   467 00000599 E8 [00000000]                   	CALL	_io_sti
   468 0000059E 0F B6 C3                        	MOVZX	EAX,BL
   469 000005A1 50                              	PUSH	EAX
   470 000005A2 8D 85 FFFFFEB4                  	LEA	EAX,DWORD [-332+EBP]
   471 000005A8 50                              	PUSH	EAX
   472 000005A9 E8 [00000000]                   	CALL	_mouse_decode
   473 000005AE 83 C4 0C                        	ADD	ESP,12
   474 000005B1 85 C0                           	TEST	EAX,EAX
   475 000005B3 0F 84 FFFFFDD5                  	JE	L2
   476 000005B9 FF B5 FFFFFEBC                  	PUSH	DWORD [-324+EBP]
   477 000005BF FF B5 FFFFFEB8                  	PUSH	DWORD [-328+EBP]
   478 000005C5 68 [00000042]                   	PUSH	LC5
   479 000005CA 8D 95 FFFFFF64                  	LEA	EDX,DWORD [-156+EBP]
   480 000005D0 52                              	PUSH	EDX
   481 000005D1 E8 [00000000]                   	CALL	_sprintf
   482 000005D6 83 C4 10                        	ADD	ESP,16
   483 000005D9 8B 85 FFFFFEC0                  	MOV	EAX,DWORD [-320+EBP]
   484 000005DF A9 00000001                     	TEST	EAX,1
   485 000005E4 74 07                           	JE	L11
   486 000005E6 C6 85 FFFFFF65 4C               	MOV	BYTE [-155+EBP],76
   487 000005ED                                 L11:
   488 000005ED A9 00000002                     	TEST	EAX,2
   489 000005F2 74 07                           	JE	L12
   490 000005F4 C6 85 FFFFFF67 52               	MOV	BYTE [-153+EBP],82
   491 000005FB                                 L12:
   492 000005FB 83 E0 04                        	AND	EAX,4
   493 000005FE 74 07                           	JE	L13
   494 00000600 C6 85 FFFFFF66 43               	MOV	BYTE [-154+EBP],67
   495 00000607                                 L13:
   496 00000607 6A 1F                           	PUSH	31
   497 00000609 8D 9D FFFFFF64                  	LEA	EBX,DWORD [-156+EBP]
   498 0000060F 68 00000097                     	PUSH	151
   499 00000614 6A 10                           	PUSH	16
   500 00000616 6A 20                           	PUSH	32
   501 00000618 6A 0E                           	PUSH	14
   502 0000061A 0F BF 05 00000FF4               	MOVSX	EAX,WORD [4084]
   503 00000621 50                              	PUSH	EAX
   504 00000622 FF B5 FFFFFD80                  	PUSH	DWORD [-640+EBP]
   505 00000628 E8 [00000000]                   	CALL	_boxfill8
   506 0000062D 53                              	PUSH	EBX
   507 0000062E 6A 07                           	PUSH	7
   508 00000630 6A 10                           	PUSH	16
   509 00000632 6A 20                           	PUSH	32
   510 00000634 0F BF 05 00000FF4               	MOVSX	EAX,WORD [4084]
   511 0000063B 50                              	PUSH	EAX
   512 0000063C FF B5 FFFFFD80                  	PUSH	DWORD [-640+EBP]
   513 00000642 E8 [00000000]                   	CALL	_putfonts8_asc
   514 00000647 83 C4 34                        	ADD	ESP,52
   515 0000064A 6A 20                           	PUSH	32
   516 0000064C 68 00000098                     	PUSH	152
   517 00000651 6A 10                           	PUSH	16
   518 00000653 6A 20                           	PUSH	32
   519 00000655 FF B5 FFFFFD8C                  	PUSH	DWORD [-628+EBP]
   520 0000065B E8 [00000000]                   	CALL	_sheet_refresh
   521 00000660 8B 85 FFFFFD90                  	MOV	EAX,DWORD [-624+EBP]
   522 00000666 83 C0 0F                        	ADD	EAX,15
   523 00000669 50                              	PUSH	EAX
   524 0000066A 8B 85 FFFFFD94                  	MOV	EAX,DWORD [-620+EBP]
   525 00000670 83 C0 0F                        	ADD	EAX,15
   526 00000673 50                              	PUSH	EAX
   527 00000674 FF B5 FFFFFD90                  	PUSH	DWORD [-624+EBP]
   528 0000067A FF B5 FFFFFD94                  	PUSH	DWORD [-620+EBP]
   529 00000680 6A 0E                           	PUSH	14
   530 00000682 0F BF 05 00000FF4               	MOVSX	EAX,WORD [4084]
   531 00000689 50                              	PUSH	EAX
   532 0000068A FF 35 00000FF8                  	PUSH	DWORD [4088]
   533 00000690 E8 [00000000]                   	CALL	_boxfill8
   534 00000695 8B 95 FFFFFEB8                  	MOV	EDX,DWORD [-328+EBP]
   535 0000069B 8B 85 FFFFFEBC                  	MOV	EAX,DWORD [-324+EBP]
   536 000006A1 83 C4 30                        	ADD	ESP,48
   537 000006A4 01 85 FFFFFD90                  	ADD	DWORD [-624+EBP],EAX
   538 000006AA 01 95 FFFFFD94                  	ADD	DWORD [-620+EBP],EDX
   539 000006B0 0F 88 000000D4                  	JS	L34
   540 000006B6                                 L14:
   541 000006B6 83 BD FFFFFD90 00               	CMP	DWORD [-624+EBP],0
   542 000006BD 0F 88 000000B8                  	JS	L35
   543 000006C3                                 L15:
   544 000006C3 0F BF 05 00000FF4               	MOVSX	EAX,WORD [4084]
   545 000006CA 48                              	DEC	EAX
   546 000006CB 39 85 FFFFFD94                  	CMP	DWORD [-620+EBP],EAX
   547 000006D1 7E 06                           	JLE	L16
   548 000006D3 89 85 FFFFFD94                  	MOV	DWORD [-620+EBP],EAX
   549 000006D9                                 L16:
   550 000006D9 0F BF 05 00000FF6               	MOVSX	EAX,WORD [4086]
   551 000006E0 48                              	DEC	EAX
   552 000006E1 39 85 FFFFFD90                  	CMP	DWORD [-624+EBP],EAX
   553 000006E7 7E 06                           	JLE	L17
   554 000006E9 89 85 FFFFFD90                  	MOV	DWORD [-624+EBP],EAX
   555 000006EF                                 L17:
   556 000006EF FF B5 FFFFFD90                  	PUSH	DWORD [-624+EBP]
   557 000006F5 FF B5 FFFFFD94                  	PUSH	DWORD [-620+EBP]
   558 000006FB 68 [00000008]                   	PUSH	LC1
   559 00000700 8D 9D FFFFFF64                  	LEA	EBX,DWORD [-156+EBP]
   560 00000706 53                              	PUSH	EBX
   561 00000707 E8 [00000000]                   	CALL	_sprintf
   562 0000070C 6A 0F                           	PUSH	15
   563 0000070E 6A 4F                           	PUSH	79
   564 00000710 6A 00                           	PUSH	0
   565 00000712 6A 00                           	PUSH	0
   566 00000714 6A 0E                           	PUSH	14
   567 00000716 0F BF 05 00000FF4               	MOVSX	EAX,WORD [4084]
   568 0000071D 50                              	PUSH	EAX
   569 0000071E FF B5 FFFFFD80                  	PUSH	DWORD [-640+EBP]
   570 00000724 E8 [00000000]                   	CALL	_boxfill8
   571 00000729 83 C4 2C                        	ADD	ESP,44
   572 0000072C 53                              	PUSH	EBX
   573 0000072D 6A 07                           	PUSH	7
   574 0000072F 6A 00                           	PUSH	0
   575 00000731 6A 00                           	PUSH	0
   576 00000733 0F BF 05 00000FF4               	MOVSX	EAX,WORD [4084]
   577 0000073A 50                              	PUSH	EAX
   578 0000073B FF B5 FFFFFD80                  	PUSH	DWORD [-640+EBP]
   579 00000741 E8 [00000000]                   	CALL	_putfonts8_asc
   580 00000746 6A 10                           	PUSH	16
   581 00000748 6A 50                           	PUSH	80
   582 0000074A 6A 00                           	PUSH	0
   583 0000074C 6A 00                           	PUSH	0
   584 0000074E FF B5 FFFFFD8C                  	PUSH	DWORD [-628+EBP]
   585 00000754 E8 [00000000]                   	CALL	_sheet_refresh
   586 00000759 83 C4 2C                        	ADD	ESP,44
   587 0000075C FF B5 FFFFFD90                  	PUSH	DWORD [-624+EBP]
   588 00000762 FF B5 FFFFFD94                  	PUSH	DWORD [-620+EBP]
   589 00000768 FF B5 FFFFFD88                  	PUSH	DWORD [-632+EBP]
   590 0000076E E8 [00000000]                   	CALL	_sheet_slide
   591 00000773 83 C4 0C                        	ADD	ESP,12
   592 00000776 E9 FFFFFC13                     	JMP	L2
   593 0000077B                                 L35:
   594 0000077B C7 85 FFFFFD90 00000000         	MOV	DWORD [-624+EBP],0
   595 00000785 E9 FFFFFF39                     	JMP	L15
   596 0000078A                                 L34:
   597 0000078A C7 85 FFFFFD94 00000000         	MOV	DWORD [-620+EBP],0
   598 00000794 E9 FFFFFF1D                     	JMP	L14
   599 00000799                                 L30:
   600 00000799 68 [00000000]                   	PUSH	_keyfifo
   601 0000079E E8 [00000000]                   	CALL	_fifo8_get
   602 000007A3 89 C3                           	MOV	EBX,EAX
   603 000007A5 E8 [00000000]                   	CALL	_io_sti
   604 000007AA 53                              	PUSH	EBX
   605 000007AB 8D 9D FFFFFF64                  	LEA	EBX,DWORD [-156+EBP]
   606 000007B1 68 [00000050]                   	PUSH	LC4
   607 000007B6 53                              	PUSH	EBX
   608 000007B7 E8 [00000000]                   	CALL	_sprintf
   609 000007BC 6A 1F                           	PUSH	31
   610 000007BE 6A 0F                           	PUSH	15
   611 000007C0 6A 10                           	PUSH	16
   612 000007C2 6A 00                           	PUSH	0
   613 000007C4 6A 0E                           	PUSH	14
   614 000007C6 0F BF 05 00000FF4               	MOVSX	EAX,WORD [4084]
   615 000007CD 50                              	PUSH	EAX
   616 000007CE FF B5 FFFFFD80                  	PUSH	DWORD [-640+EBP]
   617 000007D4 E8 [00000000]                   	CALL	_boxfill8
   618 000007D9 83 C4 2C                        	ADD	ESP,44
   619 000007DC 53                              	PUSH	EBX
   620 000007DD 6A 07                           	PUSH	7
   621 000007DF 6A 10                           	PUSH	16
   622 000007E1 6A 00                           	PUSH	0
   623 000007E3 0F BF 05 00000FF4               	MOVSX	EAX,WORD [4084]
   624 000007EA 50                              	PUSH	EAX
   625 000007EB FF B5 FFFFFD80                  	PUSH	DWORD [-640+EBP]
   626 000007F1 E8 [00000000]                   	CALL	_putfonts8_asc
   627 000007F6 6A 20                           	PUSH	32
   628 000007F8 6A 10                           	PUSH	16
   629 000007FA 6A 10                           	PUSH	16
   630 000007FC E9 FFFFFB7D                     	JMP	L27
   631 00000801                                 L29:
   632 00000801 E8 [00000000]                   	CALL	_io_sti
   633 00000806 E9 FFFFFB83                     	JMP	L2
   634                                          [SECTION .data]
   635 00000055                                 _closebtn.0:
   636 00000055 4F 4F 4F 4F 4F 4F 4F 4F 4F 4F   	DB	"OOOOOOOOOOOOOOO@"
       0000005F 4F 4F 4F 4F 4F 40 
   637 00000065 4F 51 51 51 51 51 51 51 51 51   	DB	"OQQQQQQQQQQQQQ$@"
       0000006F 51 51 51 51 24 40 
   638 00000075 4F 51 51 51 51 51 51 51 51 51   	DB	"OQQQQQQQQQQQQQ$@"
       0000007F 51 51 51 51 24 40 
   639 00000085 4F 51 51 51 40 40 51 51 51 51   	DB	"OQQQ@@QQQQ@@QQ$@"
       0000008F 40 40 51 51 24 40 
   640 00000095 4F 51 51 51 51 40 40 51 51 40   	DB	"OQQQQ@@QQ@@QQQ$@"
       0000009F 40 51 51 51 24 40 
   641 000000A5 4F 51 51 51 51 51 40 40 40 40   	DB	"OQQQQQ@@@@QQQQ$@"
       000000AF 51 51 51 51 24 40 
   642 000000B5 4F 51 51 51 51 51 51 40 40 51   	DB	"OQQQQQQ@@QQQQQ$@"
       000000BF 51 51 51 51 24 40 
   643 000000C5 4F 51 51 51 51 51 40 40 40 40   	DB	"OQQQQQ@@@@QQQQ$@"
       000000CF 51 51 51 51 24 40 
   644 000000D5 4F 51 51 51 51 40 40 51 51 40   	DB	"OQQQQ@@QQ@@QQQ$@"
       000000DF 40 51 51 51 24 40 
   645 000000E5 4F 51 51 51 40 40 51 51 51 51   	DB	"OQQQ@@QQQQ@@QQ$@"
       000000EF 40 40 51 51 24 40 
   646 000000F5 4F 51 51 51 51 51 51 51 51 51   	DB	"OQQQQQQQQQQQQQ$@"
       000000FF 51 51 51 51 24 40 
   647 00000105 4F 51 51 51 51 51 51 51 51 51   	DB	"OQQQQQQQQQQQQQ$@"
       0000010F 51 51 51 51 24 40 
   648 00000115 4F 24 24 24 24 24 24 24 24 24   	DB	"O$$$$$$$$$$$$$$@"
       0000011F 24 24 24 24 24 40 
   649 00000125 40 40 40 40 40 40 40 40 40 40   	DB	"@@@@@@@@@@@@@@@@"
       0000012F 40 40 40 40 40 40 
   650                                          [SECTION .text]
   651 0000080B                                 	GLOBAL	_make_window8
   652 0000080B                                 _make_window8:
   653 0000080B 55                              	PUSH	EBP
   654 0000080C 89 E5                           	MOV	EBP,ESP
   655 0000080E 57                              	PUSH	EDI
   656 0000080F 56                              	PUSH	ESI
   657 00000810 53                              	PUSH	EBX
   658 00000811 83 EC 10                        	SUB	ESP,16
   659 00000814 8B 5D 0C                        	MOV	EBX,DWORD [12+EBP]
   660 00000817 6A 00                           	PUSH	0
   661 00000819 8D 43 FF                        	LEA	EAX,DWORD [-1+EBX]
   662 0000081C 8D 7B FE                        	LEA	EDI,DWORD [-2+EBX]
   663 0000081F 50                              	PUSH	EAX
   664 00000820 89 45 EC                        	MOV	DWORD [-20+EBP],EAX
   665 00000823 6A 00                           	PUSH	0
   666 00000825 6A 00                           	PUSH	0
   667 00000827 6A 08                           	PUSH	8
   668 00000829 53                              	PUSH	EBX
   669 0000082A FF 75 08                        	PUSH	DWORD [8+EBP]
   670 0000082D E8 [00000000]                   	CALL	_boxfill8
   671 00000832 6A 01                           	PUSH	1
   672 00000834 57                              	PUSH	EDI
   673 00000835 6A 01                           	PUSH	1
   674 00000837 6A 01                           	PUSH	1
   675 00000839 6A 07                           	PUSH	7
   676 0000083B 53                              	PUSH	EBX
   677 0000083C FF 75 08                        	PUSH	DWORD [8+EBP]
   678 0000083F E8 [00000000]                   	CALL	_boxfill8
   679 00000844 8B 45 10                        	MOV	EAX,DWORD [16+EBP]
   680 00000847 83 C4 38                        	ADD	ESP,56
   681 0000084A 48                              	DEC	EAX
   682 0000084B 89 45 E8                        	MOV	DWORD [-24+EBP],EAX
   683 0000084E 50                              	PUSH	EAX
   684 0000084F 6A 00                           	PUSH	0
   685 00000851 6A 00                           	PUSH	0
   686 00000853 6A 00                           	PUSH	0
   687 00000855 6A 08                           	PUSH	8
   688 00000857 53                              	PUSH	EBX
   689 00000858 FF 75 08                        	PUSH	DWORD [8+EBP]
   690 0000085B E8 [00000000]                   	CALL	_boxfill8
   691 00000860 8B 75 10                        	MOV	ESI,DWORD [16+EBP]
   692 00000863 83 EE 02                        	SUB	ESI,2
   693 00000866 56                              	PUSH	ESI
   694 00000867 6A 01                           	PUSH	1
   695 00000869 6A 01                           	PUSH	1
   696 0000086B 6A 01                           	PUSH	1
   697 0000086D 6A 07                           	PUSH	7
   698 0000086F 53                              	PUSH	EBX
   699 00000870 FF 75 08                        	PUSH	DWORD [8+EBP]
   700 00000873 E8 [00000000]                   	CALL	_boxfill8
   701 00000878 83 C4 38                        	ADD	ESP,56
   702 0000087B 56                              	PUSH	ESI
   703 0000087C 57                              	PUSH	EDI
   704 0000087D 6A 01                           	PUSH	1
   705 0000087F 57                              	PUSH	EDI
   706 00000880 6A 0F                           	PUSH	15
   707 00000882 53                              	PUSH	EBX
   708 00000883 FF 75 08                        	PUSH	DWORD [8+EBP]
   709 00000886 E8 [00000000]                   	CALL	_boxfill8
   710 0000088B FF 75 E8                        	PUSH	DWORD [-24+EBP]
   711 0000088E FF 75 EC                        	PUSH	DWORD [-20+EBP]
   712 00000891 6A 00                           	PUSH	0
   713 00000893 FF 75 EC                        	PUSH	DWORD [-20+EBP]
   714 00000896 6A 00                           	PUSH	0
   715 00000898 53                              	PUSH	EBX
   716 00000899 FF 75 08                        	PUSH	DWORD [8+EBP]
   717 0000089C E8 [00000000]                   	CALL	_boxfill8
   718 000008A1 8B 45 10                        	MOV	EAX,DWORD [16+EBP]
   719 000008A4 83 C4 38                        	ADD	ESP,56
   720 000008A7 83 E8 03                        	SUB	EAX,3
   721 000008AA 50                              	PUSH	EAX
   722 000008AB 8D 43 FD                        	LEA	EAX,DWORD [-3+EBX]
   723 000008AE 50                              	PUSH	EAX
   724 000008AF 6A 02                           	PUSH	2
   725 000008B1 6A 02                           	PUSH	2
   726 000008B3 6A 08                           	PUSH	8
   727 000008B5 53                              	PUSH	EBX
   728 000008B6 FF 75 08                        	PUSH	DWORD [8+EBP]
   729 000008B9 E8 [00000000]                   	CALL	_boxfill8
   730 000008BE 8D 43 FC                        	LEA	EAX,DWORD [-4+EBX]
   731 000008C1 6A 14                           	PUSH	20
   732 000008C3 50                              	PUSH	EAX
   733 000008C4 6A 03                           	PUSH	3
   734 000008C6 6A 03                           	PUSH	3
   735 000008C8 6A 0C                           	PUSH	12
   736 000008CA 53                              	PUSH	EBX
   737 000008CB FF 75 08                        	PUSH	DWORD [8+EBP]
   738 000008CE E8 [00000000]                   	CALL	_boxfill8
   739 000008D3 83 C4 38                        	ADD	ESP,56
   740 000008D6 56                              	PUSH	ESI
   741 000008D7 57                              	PUSH	EDI
   742 000008D8 31 FF                           	XOR	EDI,EDI
   743 000008DA 56                              	PUSH	ESI
   744 000008DB 6A 01                           	PUSH	1
   745 000008DD 6A 0F                           	PUSH	15
   746 000008DF 53                              	PUSH	EBX
   747 000008E0 FF 75 08                        	PUSH	DWORD [8+EBP]
   748 000008E3 E8 [00000000]                   	CALL	_boxfill8
   749 000008E8 FF 75 E8                        	PUSH	DWORD [-24+EBP]
   750 000008EB FF 75 EC                        	PUSH	DWORD [-20+EBP]
   751 000008EE FF 75 E8                        	PUSH	DWORD [-24+EBP]
   752 000008F1 6A 00                           	PUSH	0
   753 000008F3 6A 00                           	PUSH	0
   754 000008F5 53                              	PUSH	EBX
   755 000008F6 FF 75 08                        	PUSH	DWORD [8+EBP]
   756 000008F9 E8 [00000000]                   	CALL	_boxfill8
   757 000008FE 83 C4 38                        	ADD	ESP,56
   758 00000901 FF 75 14                        	PUSH	DWORD [20+EBP]
   759 00000904 6A 07                           	PUSH	7
   760 00000906 6A 04                           	PUSH	4
   761 00000908 6A 18                           	PUSH	24
   762 0000090A 53                              	PUSH	EBX
   763 0000090B FF 75 08                        	PUSH	DWORD [8+EBP]
   764 0000090E E8 [00000000]                   	CALL	_putfonts8_asc
   765 00000913 83 C4 18                        	ADD	ESP,24
   766 00000916 6B CB 05                        	IMUL	ECX,EBX,5
   767 00000919 C7 45 F0 00000000               	MOV	DWORD [-16+EBP],0
   768 00000920                                 L51:
   769 00000920 8D 14 19                        	LEA	EDX,DWORD [ECX+EBX*1]
   770 00000923 8B 45 08                        	MOV	EAX,DWORD [8+EBP]
   771 00000926 31 F6                           	XOR	ESI,ESI
   772 00000928 8D 54 10 EB                     	LEA	EDX,DWORD [-21+EAX+EDX*1]
   773 0000092C                                 L50:
   774 0000092C 8A 84 3E [00000055]             	MOV	AL,BYTE [_closebtn.0+ESI+EDI*1]
   775 00000933 3C 40                           	CMP	AL,64
   776 00000935 74 2F                           	JE	L56
   777 00000937 3C 24                           	CMP	AL,36
   778 00000939 74 27                           	JE	L57
   779 0000093B 3C 51                           	CMP	AL,81
   780 0000093D 74 1F                           	JE	L58
   781 0000093F                                 L46:
   782 0000093F 46                              	INC	ESI
   783 00000940 88 02                           	MOV	BYTE [EDX],AL
   784 00000942 42                              	INC	EDX
   785 00000943 83 FE 0F                        	CMP	ESI,15
   786 00000946 7E E4                           	JLE	L50
   787 00000948 FF 45 F0                        	INC	DWORD [-16+EBP]
   788 0000094B 01 D9                           	ADD	ECX,EBX
   789 0000094D 83 C7 10                        	ADD	EDI,16
   790 00000950 83 7D F0 0D                     	CMP	DWORD [-16+EBP],13
   791 00000954 7E CA                           	JLE	L51
   792 00000956 8D 65 F4                        	LEA	ESP,DWORD [-12+EBP]
   793 00000959 5B                              	POP	EBX
   794 0000095A 5E                              	POP	ESI
   795 0000095B 5F                              	POP	EDI
   796 0000095C 5D                              	POP	EBP
   797 0000095D C3                              	RET
   798 0000095E                                 L58:
   799 0000095E B0 07                           	MOV	AL,7
   800 00000960 EB DD                           	JMP	L46
   801 00000962                                 L57:
   802 00000962 B0 0F                           	MOV	AL,15
   803 00000964 EB D9                           	JMP	L46
   804 00000966                                 L56:
   805 00000966 31 C0                           	XOR	EAX,EAX
   806 00000968 EB D5                           	JMP	L46
