     1 00000000                                 [FORMAT "WCOFF"]
     2 00000000                                 [INSTRSET "i486p"]
     3 00000000                                 [OPTIMIZE 1]
     4 00000000                                 [OPTION 1]
     5 00000000                                 [BITS 32]
     6 00000000                                 	EXTERN	_sprintf
     7 00000000                                 	EXTERN	_io_hlt
     8 00000000                                 	EXTERN	_io_load_eflags
     9 00000000                                 	EXTERN	_io_cli
    10 00000000                                 	EXTERN	_io_out8
    11 00000000                                 	EXTERN	_io_store_eflags
    12 00000000                                 	EXTERN	_hankaku
    13 00000000                                 [FILE "bootpack.c"]
    14                                          [SECTION .data]
    15 00000000                                 LC0:
    16 00000000 41 42 43 20 31 32 33 00         	DB	"ABC 123",0x00
    17 00000008                                 LC1:
    18 00000008 48 61 72 69 62 6F 74 65 20 4F   	DB	"Haribote OS.",0x00
       00000012 53 2E 00 
    19 00000015                                 LC2:
    20 00000015 48 65 6C 6C 6F 20 59 75 57 61   	DB	"Hello YuWan, Hello CuMian.",0x00
       0000001F 6E 2C 20 48 65 6C 6C 6F 20 43 
       00000029 75 4D 69 61 6E 2E 00 
    21 00000030                                 LC3:
    22 00000030 73 63 72 6E 78 20 3D 20 25 64   	DB	"scrnx = %d",0x00
       0000003A 00 
    23                                          [SECTION .text]
    24 00000000                                 	GLOBAL	_HariMain
    25 00000000                                 _HariMain:
    26 00000000 55                              	PUSH	EBP
    27 00000001 89 E5                           	MOV	EBP,ESP
    28 00000003 53                              	PUSH	EBX
    29 00000004 83 EC 30                        	SUB	ESP,48
    30 00000007 8D 5D CC                        	LEA	EBX,DWORD [-52+EBP]
    31 0000000A E8 000000F1                     	CALL	_init_palette
    32 0000000F 0F BF 05 00000FF6               	MOVSX	EAX,WORD [4086]
    33 00000016 50                              	PUSH	EAX
    34 00000017 0F BF 05 00000FF4               	MOVSX	EAX,WORD [4084]
    35 0000001E 50                              	PUSH	EAX
    36 0000001F FF 35 00000FF8                  	PUSH	DWORD [4088]
    37 00000025 E8 000001C2                     	CALL	_init_screen
    38 0000002A 68 [00000000]                   	PUSH	LC0
    39 0000002F 6A 07                           	PUSH	7
    40 00000031 6A 08                           	PUSH	8
    41 00000033 6A 08                           	PUSH	8
    42 00000035 0F BF 05 00000FF4               	MOVSX	EAX,WORD [4084]
    43 0000003C 50                              	PUSH	EAX
    44 0000003D FF 35 00000FF8                  	PUSH	DWORD [4088]
    45 00000043 E8 000003B5                     	CALL	_putfont8_asc
    46 00000048 83 C4 24                        	ADD	ESP,36
    47 0000004B 68 [00000008]                   	PUSH	LC1
    48 00000050 6A 00                           	PUSH	0
    49 00000052 6A 1F                           	PUSH	31
    50 00000054 6A 1F                           	PUSH	31
    51 00000056 0F BF 05 00000FF4               	MOVSX	EAX,WORD [4084]
    52 0000005D 50                              	PUSH	EAX
    53 0000005E FF 35 00000FF8                  	PUSH	DWORD [4088]
    54 00000064 E8 00000394                     	CALL	_putfont8_asc
    55 00000069 68 [00000008]                   	PUSH	LC1
    56 0000006E 6A 07                           	PUSH	7
    57 00000070 6A 1E                           	PUSH	30
    58 00000072 6A 1E                           	PUSH	30
    59 00000074 0F BF 05 00000FF4               	MOVSX	EAX,WORD [4084]
    60 0000007B 50                              	PUSH	EAX
    61 0000007C FF 35 00000FF8                  	PUSH	DWORD [4088]
    62 00000082 E8 00000376                     	CALL	_putfont8_asc
    63 00000087 83 C4 30                        	ADD	ESP,48
    64 0000008A 68 [00000015]                   	PUSH	LC2
    65 0000008F 6A 00                           	PUSH	0
    66 00000091 6A 35                           	PUSH	53
    67 00000093 6A 1F                           	PUSH	31
    68 00000095 0F BF 05 00000FF4               	MOVSX	EAX,WORD [4084]
    69 0000009C 50                              	PUSH	EAX
    70 0000009D FF 35 00000FF8                  	PUSH	DWORD [4088]
    71 000000A3 E8 00000355                     	CALL	_putfont8_asc
    72 000000A8 68 [00000015]                   	PUSH	LC2
    73 000000AD 6A 07                           	PUSH	7
    74 000000AF 6A 34                           	PUSH	52
    75 000000B1 6A 1E                           	PUSH	30
    76 000000B3 0F BF 05 00000FF4               	MOVSX	EAX,WORD [4084]
    77 000000BA 50                              	PUSH	EAX
    78 000000BB FF 35 00000FF8                  	PUSH	DWORD [4088]
    79 000000C1 E8 00000337                     	CALL	_putfont8_asc
    80 000000C6 83 C4 30                        	ADD	ESP,48
    81 000000C9 0F BF 05 00000FF4               	MOVSX	EAX,WORD [4084]
    82 000000D0 50                              	PUSH	EAX
    83 000000D1 68 [00000030]                   	PUSH	LC3
    84 000000D6 53                              	PUSH	EBX
    85 000000D7 E8 [00000000]                   	CALL	_sprintf
    86 000000DC 53                              	PUSH	EBX
    87 000000DD 6A 07                           	PUSH	7
    88 000000DF 6A 5E                           	PUSH	94
    89 000000E1 6A 10                           	PUSH	16
    90 000000E3 0F BF 05 00000FF4               	MOVSX	EAX,WORD [4084]
    91 000000EA 50                              	PUSH	EAX
    92 000000EB FF 35 00000FF8                  	PUSH	DWORD [4088]
    93 000000F1 E8 00000307                     	CALL	_putfont8_asc
    94 000000F6 83 C4 24                        	ADD	ESP,36
    95 000000F9                                 L2:
    96 000000F9 E8 [00000000]                   	CALL	_io_hlt
    97 000000FE EB F9                           	JMP	L2
    98                                          [SECTION .data]
    99 0000003B                                 _table_rgb.0:
   100 0000003B 00                              	DB	0
   101 0000003C 00                              	DB	0
   102 0000003D 00                              	DB	0
   103 0000003E FF                              	DB	-1
   104 0000003F 00                              	DB	0
   105 00000040 00                              	DB	0
   106 00000041 00                              	DB	0
   107 00000042 FF                              	DB	-1
   108 00000043 00                              	DB	0
   109 00000044 FF                              	DB	-1
   110 00000045 FF                              	DB	-1
   111 00000046 00                              	DB	0
   112 00000047 00                              	DB	0
   113 00000048 00                              	DB	0
   114 00000049 FF                              	DB	-1
   115 0000004A FF                              	DB	-1
   116 0000004B 00                              	DB	0
   117 0000004C FF                              	DB	-1
   118 0000004D 00                              	DB	0
   119 0000004E FF                              	DB	-1
   120 0000004F FF                              	DB	-1
   121 00000050 FF                              	DB	-1
   122 00000051 FF                              	DB	-1
   123 00000052 FF                              	DB	-1
   124 00000053 C6                              	DB	-58
   125 00000054 C6                              	DB	-58
   126 00000055 C6                              	DB	-58
   127 00000056 84                              	DB	-124
   128 00000057 00                              	DB	0
   129 00000058 00                              	DB	0
   130 00000059 00                              	DB	0
   131 0000005A 84                              	DB	-124
   132 0000005B 00                              	DB	0
   133 0000005C 84                              	DB	-124
   134 0000005D 84                              	DB	-124
   135 0000005E 00                              	DB	0
   136 0000005F 00                              	DB	0
   137 00000060 00                              	DB	0
   138 00000061 84                              	DB	-124
   139 00000062 84                              	DB	-124
   140 00000063 00                              	DB	0
   141 00000064 84                              	DB	-124
   142 00000065 00                              	DB	0
   143 00000066 84                              	DB	-124
   144 00000067 84                              	DB	-124
   145 00000068 84                              	DB	-124
   146 00000069 84                              	DB	-124
   147 0000006A 84                              	DB	-124
   148                                          [SECTION .text]
   149 00000100                                 	GLOBAL	_init_palette
   150 00000100                                 _init_palette:
   151 00000100 55                              	PUSH	EBP
   152 00000101 89 E5                           	MOV	EBP,ESP
   153 00000103 68 [0000003B]                   	PUSH	_table_rgb.0
   154 00000108 6A 0F                           	PUSH	15
   155 0000010A 6A 00                           	PUSH	0
   156 0000010C E8 00000002                     	CALL	_set_palette
   157 00000111 C9                              	LEAVE
   158 00000112 C3                              	RET
   159 00000113                                 	GLOBAL	_set_palette
   160 00000113                                 _set_palette:
   161 00000113 55                              	PUSH	EBP
   162 00000114 89 E5                           	MOV	EBP,ESP
   163 00000116 57                              	PUSH	EDI
   164 00000117 56                              	PUSH	ESI
   165 00000118 53                              	PUSH	EBX
   166 00000119 51                              	PUSH	ECX
   167 0000011A 8B 5D 08                        	MOV	EBX,DWORD [8+EBP]
   168 0000011D 8B 7D 0C                        	MOV	EDI,DWORD [12+EBP]
   169 00000120 8B 75 10                        	MOV	ESI,DWORD [16+EBP]
   170 00000123 E8 [00000000]                   	CALL	_io_load_eflags
   171 00000128 89 45 F0                        	MOV	DWORD [-16+EBP],EAX
   172 0000012B E8 [00000000]                   	CALL	_io_cli
   173 00000130 53                              	PUSH	EBX
   174 00000131 68 000003C8                     	PUSH	968
   175 00000136 E8 [00000000]                   	CALL	_io_out8
   176 0000013B 39 FB                           	CMP	EBX,EDI
   177 0000013D 58                              	POP	EAX
   178 0000013E 5A                              	POP	EDX
   179 0000013F 7E 12                           	JLE	L11
   180 00000141                                 L13:
   181 00000141 8B 45 F0                        	MOV	EAX,DWORD [-16+EBP]
   182 00000144 89 45 08                        	MOV	DWORD [8+EBP],EAX
   183 00000147 8D 65 F4                        	LEA	ESP,DWORD [-12+EBP]
   184 0000014A 5B                              	POP	EBX
   185 0000014B 5E                              	POP	ESI
   186 0000014C 5F                              	POP	EDI
   187 0000014D 5D                              	POP	EBP
   188 0000014E E9 [00000000]                   	JMP	_io_store_eflags
   189 00000153                                 L11:
   190 00000153 8A 06                           	MOV	AL,BYTE [ESI]
   191 00000155 43                              	INC	EBX
   192 00000156 C0 E8 02                        	SHR	AL,2
   193 00000159 0F B6 C0                        	MOVZX	EAX,AL
   194 0000015C 50                              	PUSH	EAX
   195 0000015D 68 000003C9                     	PUSH	969
   196 00000162 E8 [00000000]                   	CALL	_io_out8
   197 00000167 8A 46 01                        	MOV	AL,BYTE [1+ESI]
   198 0000016A C0 E8 02                        	SHR	AL,2
   199 0000016D 0F B6 C0                        	MOVZX	EAX,AL
   200 00000170 50                              	PUSH	EAX
   201 00000171 68 000003C9                     	PUSH	969
   202 00000176 E8 [00000000]                   	CALL	_io_out8
   203 0000017B 8A 46 02                        	MOV	AL,BYTE [2+ESI]
   204 0000017E C0 E8 02                        	SHR	AL,2
   205 00000181 83 C6 03                        	ADD	ESI,3
   206 00000184 0F B6 C0                        	MOVZX	EAX,AL
   207 00000187 50                              	PUSH	EAX
   208 00000188 68 000003C9                     	PUSH	969
   209 0000018D E8 [00000000]                   	CALL	_io_out8
   210 00000192 83 C4 18                        	ADD	ESP,24
   211 00000195 39 FB                           	CMP	EBX,EDI
   212 00000197 7E BA                           	JLE	L11
   213 00000199 EB A6                           	JMP	L13
   214 0000019B                                 	GLOBAL	_boxfill8
   215 0000019B                                 _boxfill8:
   216 0000019B 55                              	PUSH	EBP
   217 0000019C 89 E5                           	MOV	EBP,ESP
   218 0000019E 57                              	PUSH	EDI
   219 0000019F 56                              	PUSH	ESI
   220 000001A0 53                              	PUSH	EBX
   221 000001A1 57                              	PUSH	EDI
   222 000001A2 57                              	PUSH	EDI
   223 000001A3 8A 45 10                        	MOV	AL,BYTE [16+EBP]
   224 000001A6 8B 4D 18                        	MOV	ECX,DWORD [24+EBP]
   225 000001A9 8B 7D 1C                        	MOV	EDI,DWORD [28+EBP]
   226 000001AC 88 45 F3                        	MOV	BYTE [-13+EBP],AL
   227 000001AF 3B 4D 20                        	CMP	ECX,DWORD [32+EBP]
   228 000001B2 7F 31                           	JG	L26
   229 000001B4 8B 5D 0C                        	MOV	EBX,DWORD [12+EBP]
   230 000001B7 0F AF D9                        	IMUL	EBX,ECX
   231 000001BA                                 L24:
   232 000001BA 8B 55 14                        	MOV	EDX,DWORD [20+EBP]
   233 000001BD 39 FA                           	CMP	EDX,EDI
   234 000001BF 7F 1B                           	JG	L28
   235 000001C1 8B 75 08                        	MOV	ESI,DWORD [8+EBP]
   236 000001C4 01 DE                           	ADD	ESI,EBX
   237 000001C6 01 D6                           	ADD	ESI,EDX
   238 000001C8 89 75 EC                        	MOV	DWORD [-20+EBP],ESI
   239 000001CB                                 L23:
   240 000001CB 8B 75 EC                        	MOV	ESI,DWORD [-20+EBP]
   241 000001CE 8A 45 F3                        	MOV	AL,BYTE [-13+EBP]
   242 000001D1 42                              	INC	EDX
   243 000001D2 88 06                           	MOV	BYTE [ESI],AL
   244 000001D4 46                              	INC	ESI
   245 000001D5 89 75 EC                        	MOV	DWORD [-20+EBP],ESI
   246 000001D8 39 FA                           	CMP	EDX,EDI
   247 000001DA 7E EF                           	JLE	L23
   248 000001DC                                 L28:
   249 000001DC 41                              	INC	ECX
   250 000001DD 03 5D 0C                        	ADD	EBX,DWORD [12+EBP]
   251 000001E0 3B 4D 20                        	CMP	ECX,DWORD [32+EBP]
   252 000001E3 7E D5                           	JLE	L24
   253 000001E5                                 L26:
   254 000001E5 5B                              	POP	EBX
   255 000001E6 5E                              	POP	ESI
   256 000001E7 5B                              	POP	EBX
   257 000001E8 5E                              	POP	ESI
   258 000001E9 5F                              	POP	EDI
   259 000001EA 5D                              	POP	EBP
   260 000001EB C3                              	RET
   261 000001EC                                 	GLOBAL	_init_screen
   262 000001EC                                 _init_screen:
   263 000001EC 55                              	PUSH	EBP
   264 000001ED 89 E5                           	MOV	EBP,ESP
   265 000001EF 57                              	PUSH	EDI
   266 000001F0 56                              	PUSH	ESI
   267 000001F1 53                              	PUSH	EBX
   268 000001F2 83 EC 0C                        	SUB	ESP,12
   269 000001F5 8B 45 10                        	MOV	EAX,DWORD [16+EBP]
   270 000001F8 8B 7D 0C                        	MOV	EDI,DWORD [12+EBP]
   271 000001FB 83 E8 1D                        	SUB	EAX,29
   272 000001FE 4F                              	DEC	EDI
   273 000001FF 50                              	PUSH	EAX
   274 00000200 57                              	PUSH	EDI
   275 00000201 6A 00                           	PUSH	0
   276 00000203 6A 00                           	PUSH	0
   277 00000205 6A 0E                           	PUSH	14
   278 00000207 FF 75 0C                        	PUSH	DWORD [12+EBP]
   279 0000020A FF 75 08                        	PUSH	DWORD [8+EBP]
   280 0000020D E8 FFFFFF89                     	CALL	_boxfill8
   281 00000212 8B 45 10                        	MOV	EAX,DWORD [16+EBP]
   282 00000215 83 E8 1C                        	SUB	EAX,28
   283 00000218 50                              	PUSH	EAX
   284 00000219 57                              	PUSH	EDI
   285 0000021A 50                              	PUSH	EAX
   286 0000021B 6A 00                           	PUSH	0
   287 0000021D 6A 08                           	PUSH	8
   288 0000021F FF 75 0C                        	PUSH	DWORD [12+EBP]
   289 00000222 FF 75 08                        	PUSH	DWORD [8+EBP]
   290 00000225 E8 FFFFFF71                     	CALL	_boxfill8
   291 0000022A 8B 45 10                        	MOV	EAX,DWORD [16+EBP]
   292 0000022D 83 C4 38                        	ADD	ESP,56
   293 00000230 83 E8 1B                        	SUB	EAX,27
   294 00000233 50                              	PUSH	EAX
   295 00000234 57                              	PUSH	EDI
   296 00000235 50                              	PUSH	EAX
   297 00000236 6A 00                           	PUSH	0
   298 00000238 6A 07                           	PUSH	7
   299 0000023A FF 75 0C                        	PUSH	DWORD [12+EBP]
   300 0000023D FF 75 08                        	PUSH	DWORD [8+EBP]
   301 00000240 E8 FFFFFF56                     	CALL	_boxfill8
   302 00000245 8B 45 10                        	MOV	EAX,DWORD [16+EBP]
   303 00000248 48                              	DEC	EAX
   304 00000249 50                              	PUSH	EAX
   305 0000024A 8B 45 10                        	MOV	EAX,DWORD [16+EBP]
   306 0000024D 57                              	PUSH	EDI
   307 0000024E 83 E8 1A                        	SUB	EAX,26
   308 00000251 50                              	PUSH	EAX
   309 00000252 6A 00                           	PUSH	0
   310 00000254 6A 08                           	PUSH	8
   311 00000256 FF 75 0C                        	PUSH	DWORD [12+EBP]
   312 00000259 FF 75 08                        	PUSH	DWORD [8+EBP]
   313 0000025C E8 FFFFFF3A                     	CALL	_boxfill8
   314 00000261 8B 75 10                        	MOV	ESI,DWORD [16+EBP]
   315 00000264 83 C4 38                        	ADD	ESP,56
   316 00000267 83 EE 18                        	SUB	ESI,24
   317 0000026A 56                              	PUSH	ESI
   318 0000026B 6A 3B                           	PUSH	59
   319 0000026D 56                              	PUSH	ESI
   320 0000026E 6A 03                           	PUSH	3
   321 00000270 6A 07                           	PUSH	7
   322 00000272 FF 75 0C                        	PUSH	DWORD [12+EBP]
   323 00000275 FF 75 08                        	PUSH	DWORD [8+EBP]
   324 00000278 E8 FFFFFF1E                     	CALL	_boxfill8
   325 0000027D 8B 45 10                        	MOV	EAX,DWORD [16+EBP]
   326 00000280 83 E8 04                        	SUB	EAX,4
   327 00000283 50                              	PUSH	EAX
   328 00000284 89 45 F0                        	MOV	DWORD [-16+EBP],EAX
   329 00000287 6A 02                           	PUSH	2
   330 00000289 56                              	PUSH	ESI
   331 0000028A 6A 02                           	PUSH	2
   332 0000028C 6A 07                           	PUSH	7
   333 0000028E FF 75 0C                        	PUSH	DWORD [12+EBP]
   334 00000291 FF 75 08                        	PUSH	DWORD [8+EBP]
   335 00000294 E8 FFFFFF02                     	CALL	_boxfill8
   336 00000299 83 C4 38                        	ADD	ESP,56
   337 0000029C FF 75 F0                        	PUSH	DWORD [-16+EBP]
   338 0000029F 6A 3B                           	PUSH	59
   339 000002A1 FF 75 F0                        	PUSH	DWORD [-16+EBP]
   340 000002A4 6A 03                           	PUSH	3
   341 000002A6 6A 0F                           	PUSH	15
   342 000002A8 FF 75 0C                        	PUSH	DWORD [12+EBP]
   343 000002AB FF 75 08                        	PUSH	DWORD [8+EBP]
   344 000002AE E8 FFFFFEE8                     	CALL	_boxfill8
   345 000002B3 8B 45 10                        	MOV	EAX,DWORD [16+EBP]
   346 000002B6 83 E8 05                        	SUB	EAX,5
   347 000002B9 50                              	PUSH	EAX
   348 000002BA 8B 45 10                        	MOV	EAX,DWORD [16+EBP]
   349 000002BD 6A 3B                           	PUSH	59
   350 000002BF 83 E8 17                        	SUB	EAX,23
   351 000002C2 50                              	PUSH	EAX
   352 000002C3 89 45 EC                        	MOV	DWORD [-20+EBP],EAX
   353 000002C6 6A 3B                           	PUSH	59
   354 000002C8 6A 0F                           	PUSH	15
   355 000002CA FF 75 0C                        	PUSH	DWORD [12+EBP]
   356 000002CD FF 75 08                        	PUSH	DWORD [8+EBP]
   357 000002D0 E8 FFFFFEC6                     	CALL	_boxfill8
   358 000002D5 8B 45 10                        	MOV	EAX,DWORD [16+EBP]
   359 000002D8 83 C4 38                        	ADD	ESP,56
   360 000002DB 83 E8 03                        	SUB	EAX,3
   361 000002DE 89 45 E8                        	MOV	DWORD [-24+EBP],EAX
   362 000002E1 50                              	PUSH	EAX
   363 000002E2 6A 3B                           	PUSH	59
   364 000002E4 50                              	PUSH	EAX
   365 000002E5 6A 02                           	PUSH	2
   366 000002E7 6A 00                           	PUSH	0
   367 000002E9 FF 75 0C                        	PUSH	DWORD [12+EBP]
   368 000002EC FF 75 08                        	PUSH	DWORD [8+EBP]
   369 000002EF E8 FFFFFEA7                     	CALL	_boxfill8
   370 000002F4 FF 75 E8                        	PUSH	DWORD [-24+EBP]
   371 000002F7 6A 3C                           	PUSH	60
   372 000002F9 56                              	PUSH	ESI
   373 000002FA 6A 3C                           	PUSH	60
   374 000002FC 6A 00                           	PUSH	0
   375 000002FE FF 75 0C                        	PUSH	DWORD [12+EBP]
   376 00000301 FF 75 08                        	PUSH	DWORD [8+EBP]
   377 00000304 E8 FFFFFE92                     	CALL	_boxfill8
   378 00000309 8B 7D 0C                        	MOV	EDI,DWORD [12+EBP]
   379 0000030C 83 C4 38                        	ADD	ESP,56
   380 0000030F 8B 5D 0C                        	MOV	EBX,DWORD [12+EBP]
   381 00000312 83 EB 04                        	SUB	EBX,4
   382 00000315 83 EF 2F                        	SUB	EDI,47
   383 00000318 56                              	PUSH	ESI
   384 00000319 53                              	PUSH	EBX
   385 0000031A 56                              	PUSH	ESI
   386 0000031B 57                              	PUSH	EDI
   387 0000031C 6A 0F                           	PUSH	15
   388 0000031E FF 75 0C                        	PUSH	DWORD [12+EBP]
   389 00000321 FF 75 08                        	PUSH	DWORD [8+EBP]
   390 00000324 E8 FFFFFE72                     	CALL	_boxfill8
   391 00000329 FF 75 F0                        	PUSH	DWORD [-16+EBP]
   392 0000032C 57                              	PUSH	EDI
   393 0000032D FF 75 EC                        	PUSH	DWORD [-20+EBP]
   394 00000330 57                              	PUSH	EDI
   395 00000331 6A 0F                           	PUSH	15
   396 00000333 FF 75 0C                        	PUSH	DWORD [12+EBP]
   397 00000336 FF 75 08                        	PUSH	DWORD [8+EBP]
   398 00000339 E8 FFFFFE5D                     	CALL	_boxfill8
   399 0000033E 83 C4 38                        	ADD	ESP,56
   400 00000341 FF 75 E8                        	PUSH	DWORD [-24+EBP]
   401 00000344 53                              	PUSH	EBX
   402 00000345 FF 75 E8                        	PUSH	DWORD [-24+EBP]
   403 00000348 57                              	PUSH	EDI
   404 00000349 6A 07                           	PUSH	7
   405 0000034B FF 75 0C                        	PUSH	DWORD [12+EBP]
   406 0000034E FF 75 08                        	PUSH	DWORD [8+EBP]
   407 00000351 E8 FFFFFE45                     	CALL	_boxfill8
   408 00000356 8B 45 0C                        	MOV	EAX,DWORD [12+EBP]
   409 00000359 FF 75 E8                        	PUSH	DWORD [-24+EBP]
   410 0000035C 83 E8 03                        	SUB	EAX,3
   411 0000035F 50                              	PUSH	EAX
   412 00000360 56                              	PUSH	ESI
   413 00000361 50                              	PUSH	EAX
   414 00000362 6A 07                           	PUSH	7
   415 00000364 FF 75 0C                        	PUSH	DWORD [12+EBP]
   416 00000367 FF 75 08                        	PUSH	DWORD [8+EBP]
   417 0000036A E8 FFFFFE2C                     	CALL	_boxfill8
   418 0000036F 8D 65 F4                        	LEA	ESP,DWORD [-12+EBP]
   419 00000372 5B                              	POP	EBX
   420 00000373 5E                              	POP	ESI
   421 00000374 5F                              	POP	EDI
   422 00000375 5D                              	POP	EBP
   423 00000376 C3                              	RET
   424 00000377                                 	GLOBAL	_putfont8
   425 00000377                                 _putfont8:
   426 00000377 55                              	PUSH	EBP
   427 00000378 89 E5                           	MOV	EBP,ESP
   428 0000037A 57                              	PUSH	EDI
   429 0000037B 56                              	PUSH	ESI
   430 0000037C 31 F6                           	XOR	ESI,ESI
   431 0000037E 53                              	PUSH	EBX
   432 0000037F 8B 7D 1C                        	MOV	EDI,DWORD [28+EBP]
   433 00000382 8A 5D 18                        	MOV	BL,BYTE [24+EBP]
   434 00000385                                 L43:
   435 00000385 8B 45 14                        	MOV	EAX,DWORD [20+EBP]
   436 00000388 8B 55 10                        	MOV	EDX,DWORD [16+EBP]
   437 0000038B 01 F0                           	ADD	EAX,ESI
   438 0000038D 0F AF 45 0C                     	IMUL	EAX,DWORD [12+EBP]
   439 00000391 03 45 08                        	ADD	EAX,DWORD [8+EBP]
   440 00000394 8D 0C 02                        	LEA	ECX,DWORD [EDX+EAX*1]
   441 00000397 8A 14 3E                        	MOV	DL,BYTE [ESI+EDI*1]
   442 0000039A 84 D2                           	TEST	DL,DL
   443 0000039C 79 02                           	JNS	L35
   444 0000039E 88 19                           	MOV	BYTE [ECX],BL
   445 000003A0                                 L35:
   446 000003A0 88 D0                           	MOV	AL,DL
   447 000003A2 83 E0 40                        	AND	EAX,64
   448 000003A5 84 C0                           	TEST	AL,AL
   449 000003A7 74 03                           	JE	L36
   450 000003A9 88 59 01                        	MOV	BYTE [1+ECX],BL
   451 000003AC                                 L36:
   452 000003AC 88 D0                           	MOV	AL,DL
   453 000003AE 83 E0 20                        	AND	EAX,32
   454 000003B1 84 C0                           	TEST	AL,AL
   455 000003B3 74 03                           	JE	L37
   456 000003B5 88 59 02                        	MOV	BYTE [2+ECX],BL
   457 000003B8                                 L37:
   458 000003B8 88 D0                           	MOV	AL,DL
   459 000003BA 83 E0 10                        	AND	EAX,16
   460 000003BD 84 C0                           	TEST	AL,AL
   461 000003BF 74 03                           	JE	L38
   462 000003C1 88 59 03                        	MOV	BYTE [3+ECX],BL
   463 000003C4                                 L38:
   464 000003C4 88 D0                           	MOV	AL,DL
   465 000003C6 83 E0 08                        	AND	EAX,8
   466 000003C9 84 C0                           	TEST	AL,AL
   467 000003CB 74 03                           	JE	L39
   468 000003CD 88 59 04                        	MOV	BYTE [4+ECX],BL
   469 000003D0                                 L39:
   470 000003D0 88 D0                           	MOV	AL,DL
   471 000003D2 83 E0 04                        	AND	EAX,4
   472 000003D5 84 C0                           	TEST	AL,AL
   473 000003D7 74 03                           	JE	L40
   474 000003D9 88 59 05                        	MOV	BYTE [5+ECX],BL
   475 000003DC                                 L40:
   476 000003DC 88 D0                           	MOV	AL,DL
   477 000003DE 83 E0 02                        	AND	EAX,2
   478 000003E1 84 C0                           	TEST	AL,AL
   479 000003E3 74 03                           	JE	L41
   480 000003E5 88 59 06                        	MOV	BYTE [6+ECX],BL
   481 000003E8                                 L41:
   482 000003E8 83 E2 01                        	AND	EDX,1
   483 000003EB 84 D2                           	TEST	DL,DL
   484 000003ED 74 03                           	JE	L33
   485 000003EF 88 59 07                        	MOV	BYTE [7+ECX],BL
   486 000003F2                                 L33:
   487 000003F2 46                              	INC	ESI
   488 000003F3 83 FE 0F                        	CMP	ESI,15
   489 000003F6 7E 8D                           	JLE	L43
   490 000003F8 5B                              	POP	EBX
   491 000003F9 5E                              	POP	ESI
   492 000003FA 5F                              	POP	EDI
   493 000003FB 5D                              	POP	EBP
   494 000003FC C3                              	RET
   495 000003FD                                 	GLOBAL	_putfont8_asc
   496 000003FD                                 _putfont8_asc:
   497 000003FD 55                              	PUSH	EBP
   498 000003FE 89 E5                           	MOV	EBP,ESP
   499 00000400 57                              	PUSH	EDI
   500 00000401 56                              	PUSH	ESI
   501 00000402 53                              	PUSH	EBX
   502 00000403 50                              	PUSH	EAX
   503 00000404 8B 5D 1C                        	MOV	EBX,DWORD [28+EBP]
   504 00000407 8A 45 18                        	MOV	AL,BYTE [24+EBP]
   505 0000040A 88 45 F3                        	MOV	BYTE [-13+EBP],AL
   506 0000040D 8B 75 10                        	MOV	ESI,DWORD [16+EBP]
   507 00000410 8B 7D 14                        	MOV	EDI,DWORD [20+EBP]
   508 00000413 80 3B 00                        	CMP	BYTE [EBX],0
   509 00000416 75 08                           	JNE	L51
   510 00000418                                 L53:
   511 00000418 8D 65 F4                        	LEA	ESP,DWORD [-12+EBP]
   512 0000041B 5B                              	POP	EBX
   513 0000041C 5E                              	POP	ESI
   514 0000041D 5F                              	POP	EDI
   515 0000041E 5D                              	POP	EBP
   516 0000041F C3                              	RET
   517 00000420                                 L51:
   518 00000420 0F B6 03                        	MOVZX	EAX,BYTE [EBX]
   519 00000423 C1 E0 04                        	SAL	EAX,4
   520 00000426 43                              	INC	EBX
   521 00000427 05 [00000000]                   	ADD	EAX,_hankaku
   522 0000042C 50                              	PUSH	EAX
   523 0000042D 0F BE 45 F3                     	MOVSX	EAX,BYTE [-13+EBP]
   524 00000431 50                              	PUSH	EAX
   525 00000432 57                              	PUSH	EDI
   526 00000433 56                              	PUSH	ESI
   527 00000434 83 C6 08                        	ADD	ESI,8
   528 00000437 FF 75 0C                        	PUSH	DWORD [12+EBP]
   529 0000043A FF 75 08                        	PUSH	DWORD [8+EBP]
   530 0000043D E8 FFFFFF35                     	CALL	_putfont8
   531 00000442 83 C4 18                        	ADD	ESP,24
   532 00000445 80 3B 00                        	CMP	BYTE [EBX],0
   533 00000448 75 D6                           	JNE	L51
   534 0000044A EB CC                           	JMP	L53
