     1 00000000                                 [FORMAT "WCOFF"]
     2 00000000                                 [INSTRSET "i486p"]
     3 00000000                                 [OPTIMIZE 1]
     4 00000000                                 [OPTION 1]
     5 00000000                                 [BITS 32]
     6 00000000                                 	EXTERN	_init_gdtidt
     7 00000000                                 	EXTERN	_init_pic
     8 00000000                                 	EXTERN	_io_sti
     9 00000000                                 	EXTERN	_keyfifo
    10 00000000                                 	EXTERN	_fifo8_init
    11 00000000                                 	EXTERN	_mousefifo
    12 00000000                                 	EXTERN	_io_out8
    13 00000000                                 	EXTERN	_init_keyboard
    14 00000000                                 	EXTERN	_enable_mouse
    15 00000000                                 	EXTERN	_memtest
    16 00000000                                 	EXTERN	_memman_init
    17 00000000                                 	EXTERN	_memman_free
    18 00000000                                 	EXTERN	_init_palette
    19 00000000                                 	EXTERN	_shtctl_init
    20 00000000                                 	EXTERN	_sheet_alloc
    21 00000000                                 	EXTERN	_memman_alloc_4k
    22 00000000                                 	EXTERN	_sheet_setbuf
    23 00000000                                 	EXTERN	_init_screen8
    24 00000000                                 	EXTERN	_init_mouse_cursor8
    25 00000000                                 	EXTERN	_sheet_slide
    26 00000000                                 	EXTERN	_sheet_updown
    27 00000000                                 	EXTERN	_sprintf
    28 00000000                                 	EXTERN	_putfonts8_asc
    29 00000000                                 	EXTERN	_memman_total
    30 00000000                                 	EXTERN	_sheet_refresh
    31 00000000                                 	EXTERN	_io_cli
    32 00000000                                 	EXTERN	_fifo8_status
    33 00000000                                 	EXTERN	_fifo8_get
    34 00000000                                 	EXTERN	_mouse_decode
    35 00000000                                 	EXTERN	_boxfill8
    36 00000000                                 	EXTERN	_io_stihlt
    37 00000000                                 [FILE "bootpack.c"]
    38                                          [SECTION .data]
    39 00000000                                 LC0:
    40 00000000 28 25 33 64 2C 20 25 33 64 29   	DB	"(%3d, %3d)",0x00
       0000000A 00 
    41 0000000B                                 LC1:
    42 0000000B 6D 65 6D 6F 72 79 20 25 64 4D   	DB	"memory %dMB   free : %dKB",0x00
       00000015 42 20 20 20 66 72 65 65 20 3A 
       0000001F 20 25 64 4B 42 00 
    43 00000025                                 LC3:
    44 00000025 5B 6C 63 72 20 25 34 64 20 25   	DB	"[lcr %4d %4d]",0x00
       0000002F 34 64 5D 00 
    45 00000033                                 LC2:
    46 00000033 25 30 32 58 00                  	DB	"%02X",0x00
    47                                          [SECTION .text]
    48 00000000                                 	GLOBAL	_HariMain
    49 00000000                                 _HariMain:
    50 00000000 55                              	PUSH	EBP
    51 00000001 89 E5                           	MOV	EBP,ESP
    52 00000003 57                              	PUSH	EDI
    53 00000004 56                              	PUSH	ESI
    54 00000005 53                              	PUSH	EBX
    55 00000006 8D 9D FFFFFE14                  	LEA	EBX,DWORD [-492+EBP]
    56 0000000C 81 EC 000001FC                  	SUB	ESP,508
    57 00000012 E8 [00000000]                   	CALL	_init_gdtidt
    58 00000017 E8 [00000000]                   	CALL	_init_pic
    59 0000001C E8 [00000000]                   	CALL	_io_sti
    60 00000021 8D 45 A4                        	LEA	EAX,DWORD [-92+EBP]
    61 00000024 50                              	PUSH	EAX
    62 00000025 6A 20                           	PUSH	32
    63 00000027 68 [00000000]                   	PUSH	_keyfifo
    64 0000002C E8 [00000000]                   	CALL	_fifo8_init
    65 00000031 8D 85 FFFFFF24                  	LEA	EAX,DWORD [-220+EBP]
    66 00000037 50                              	PUSH	EAX
    67 00000038 68 00000080                     	PUSH	128
    68 0000003D 68 [00000000]                   	PUSH	_mousefifo
    69 00000042 E8 [00000000]                   	CALL	_fifo8_init
    70 00000047 68 000000F9                     	PUSH	249
    71 0000004C 6A 21                           	PUSH	33
    72 0000004E E8 [00000000]                   	CALL	_io_out8
    73 00000053 83 C4 20                        	ADD	ESP,32
    74 00000056 68 000000EF                     	PUSH	239
    75 0000005B 68 000000A1                     	PUSH	161
    76 00000060 E8 [00000000]                   	CALL	_io_out8
    77 00000065 E8 [00000000]                   	CALL	_init_keyboard
    78 0000006A 8D 85 FFFFFF14                  	LEA	EAX,DWORD [-236+EBP]
    79 00000070 50                              	PUSH	EAX
    80 00000071 E8 [00000000]                   	CALL	_enable_mouse
    81 00000076 68 BFFFFFFF                     	PUSH	-1073741825
    82 0000007B 68 00400000                     	PUSH	4194304
    83 00000080 E8 [00000000]                   	CALL	_memtest
    84 00000085 68 003C0000                     	PUSH	3932160
    85 0000008A 89 85 FFFFFE0C                  	MOV	DWORD [-500+EBP],EAX
    86 00000090 E8 [00000000]                   	CALL	_memman_init
    87 00000095 68 0009E000                     	PUSH	647168
    88 0000009A 68 00001000                     	PUSH	4096
    89 0000009F 68 003C0000                     	PUSH	3932160
    90 000000A4 E8 [00000000]                   	CALL	_memman_free
    91 000000A9 8B 85 FFFFFE0C                  	MOV	EAX,DWORD [-500+EBP]
    92 000000AF 83 C4 24                        	ADD	ESP,36
    93 000000B2 2D 00400000                     	SUB	EAX,4194304
    94 000000B7 50                              	PUSH	EAX
    95 000000B8 68 00400000                     	PUSH	4194304
    96 000000BD 68 003C0000                     	PUSH	3932160
    97 000000C2 E8 [00000000]                   	CALL	_memman_free
    98 000000C7 E8 [00000000]                   	CALL	_init_palette
    99 000000CC 0F BF 05 00000FF6               	MOVSX	EAX,WORD [4086]
   100 000000D3 50                              	PUSH	EAX
   101 000000D4 0F BF 05 00000FF4               	MOVSX	EAX,WORD [4084]
   102 000000DB 50                              	PUSH	EAX
   103 000000DC FF 35 00000FF8                  	PUSH	DWORD [4088]
   104 000000E2 68 003C0000                     	PUSH	3932160
   105 000000E7 E8 [00000000]                   	CALL	_shtctl_init
   106 000000EC 50                              	PUSH	EAX
   107 000000ED 89 85 FFFFFE08                  	MOV	DWORD [-504+EBP],EAX
   108 000000F3 E8 [00000000]                   	CALL	_sheet_alloc
   109 000000F8 83 C4 20                        	ADD	ESP,32
   110 000000FB FF B5 FFFFFE08                  	PUSH	DWORD [-504+EBP]
   111 00000101 89 C6                           	MOV	ESI,EAX
   112 00000103 E8 [00000000]                   	CALL	_sheet_alloc
   113 00000108 0F BF 15 00000FF6               	MOVSX	EDX,WORD [4086]
   114 0000010F 89 85 FFFFFE04                  	MOV	DWORD [-508+EBP],EAX
   115 00000115 0F BF 05 00000FF4               	MOVSX	EAX,WORD [4084]
   116 0000011C 0F AF C2                        	IMUL	EAX,EDX
   117 0000011F 50                              	PUSH	EAX
   118 00000120 68 003C0000                     	PUSH	3932160
   119 00000125 E8 [00000000]                   	CALL	_memman_alloc_4k
   120 0000012A 6A FF                           	PUSH	-1
   121 0000012C 89 85 FFFFFE00                  	MOV	DWORD [-512+EBP],EAX
   122 00000132 0F BF 05 00000FF6               	MOVSX	EAX,WORD [4086]
   123 00000139 50                              	PUSH	EAX
   124 0000013A 0F BF 05 00000FF4               	MOVSX	EAX,WORD [4084]
   125 00000141 50                              	PUSH	EAX
   126 00000142 FF B5 FFFFFE00                  	PUSH	DWORD [-512+EBP]
   127 00000148 56                              	PUSH	ESI
   128 00000149 E8 [00000000]                   	CALL	_sheet_setbuf
   129 0000014E 83 C4 20                        	ADD	ESP,32
   130 00000151 6A 63                           	PUSH	99
   131 00000153 6A 10                           	PUSH	16
   132 00000155 6A 10                           	PUSH	16
   133 00000157 53                              	PUSH	EBX
   134 00000158 FF B5 FFFFFE04                  	PUSH	DWORD [-508+EBP]
   135 0000015E E8 [00000000]                   	CALL	_sheet_setbuf
   136 00000163 0F BF 05 00000FF6               	MOVSX	EAX,WORD [4086]
   137 0000016A 50                              	PUSH	EAX
   138 0000016B 0F BF 05 00000FF4               	MOVSX	EAX,WORD [4084]
   139 00000172 50                              	PUSH	EAX
   140 00000173 FF B5 FFFFFE00                  	PUSH	DWORD [-512+EBP]
   141 00000179 E8 [00000000]                   	CALL	_init_screen8
   142 0000017E 83 C4 20                        	ADD	ESP,32
   143 00000181 6A 63                           	PUSH	99
   144 00000183 53                              	PUSH	EBX
   145 00000184 BB 00000002                     	MOV	EBX,2
   146 00000189 E8 [00000000]                   	CALL	_init_mouse_cursor8
   147 0000018E 6A 00                           	PUSH	0
   148 00000190 6A 00                           	PUSH	0
   149 00000192 56                              	PUSH	ESI
   150 00000193 FF B5 FFFFFE08                  	PUSH	DWORD [-504+EBP]
   151 00000199 E8 [00000000]                   	CALL	_sheet_slide
   152 0000019E 0F BF 05 00000FF4               	MOVSX	EAX,WORD [4084]
   153 000001A5 8D 48 F0                        	LEA	ECX,DWORD [-16+EAX]
   154 000001A8 89 C8                           	MOV	EAX,ECX
   155 000001AA 99                              	CDQ
   156 000001AB F7 FB                           	IDIV	EBX
   157 000001AD 89 85 FFFFFE10                  	MOV	DWORD [-496+EBP],EAX
   158 000001B3 0F BF 05 00000FF6               	MOVSX	EAX,WORD [4086]
   159 000001BA 8D 48 D4                        	LEA	ECX,DWORD [-44+EAX]
   160 000001BD 89 C8                           	MOV	EAX,ECX
   161 000001BF 99                              	CDQ
   162 000001C0 F7 FB                           	IDIV	EBX
   163 000001C2 50                              	PUSH	EAX
   164 000001C3 89 C7                           	MOV	EDI,EAX
   165 000001C5 FF B5 FFFFFE10                  	PUSH	DWORD [-496+EBP]
   166 000001CB FF B5 FFFFFE04                  	PUSH	DWORD [-508+EBP]
   167 000001D1 FF B5 FFFFFE08                  	PUSH	DWORD [-504+EBP]
   168 000001D7 8D 5D C4                        	LEA	EBX,DWORD [-60+EBP]
   169 000001DA E8 [00000000]                   	CALL	_sheet_slide
   170 000001DF 83 C4 28                        	ADD	ESP,40
   171 000001E2 6A 00                           	PUSH	0
   172 000001E4 56                              	PUSH	ESI
   173 000001E5 FF B5 FFFFFE08                  	PUSH	DWORD [-504+EBP]
   174 000001EB E8 [00000000]                   	CALL	_sheet_updown
   175 000001F0 6A 01                           	PUSH	1
   176 000001F2 FF B5 FFFFFE04                  	PUSH	DWORD [-508+EBP]
   177 000001F8 FF B5 FFFFFE08                  	PUSH	DWORD [-504+EBP]
   178 000001FE E8 [00000000]                   	CALL	_sheet_updown
   179 00000203 57                              	PUSH	EDI
   180 00000204 FF B5 FFFFFE10                  	PUSH	DWORD [-496+EBP]
   181 0000020A 68 [00000000]                   	PUSH	LC0
   182 0000020F 53                              	PUSH	EBX
   183 00000210 E8 [00000000]                   	CALL	_sprintf
   184 00000215 83 C4 28                        	ADD	ESP,40
   185 00000218 53                              	PUSH	EBX
   186 00000219 6A 07                           	PUSH	7
   187 0000021B 6A 00                           	PUSH	0
   188 0000021D 6A 00                           	PUSH	0
   189 0000021F 0F BF 05 00000FF4               	MOVSX	EAX,WORD [4084]
   190 00000226 50                              	PUSH	EAX
   191 00000227 FF B5 FFFFFE00                  	PUSH	DWORD [-512+EBP]
   192 0000022D E8 [00000000]                   	CALL	_putfonts8_asc
   193 00000232 68 003C0000                     	PUSH	3932160
   194 00000237 E8 [00000000]                   	CALL	_memman_total
   195 0000023C C1 AD FFFFFE0C 14               	SHR	DWORD [-500+EBP],20
   196 00000243 C1 E8 0A                        	SHR	EAX,10
   197 00000246 89 04 24                        	MOV	DWORD [ESP],EAX
   198 00000249 FF B5 FFFFFE0C                  	PUSH	DWORD [-500+EBP]
   199 0000024F 68 [0000000B]                   	PUSH	LC1
   200 00000254 53                              	PUSH	EBX
   201 00000255 E8 [00000000]                   	CALL	_sprintf
   202 0000025A 83 C4 28                        	ADD	ESP,40
   203 0000025D 53                              	PUSH	EBX
   204 0000025E 6A 07                           	PUSH	7
   205 00000260 6A 20                           	PUSH	32
   206 00000262                                 L18:
   207 00000262 6A 00                           	PUSH	0
   208 00000264 0F BF 05 00000FF4               	MOVSX	EAX,WORD [4084]
   209 0000026B 50                              	PUSH	EAX
   210 0000026C FF B5 FFFFFE00                  	PUSH	DWORD [-512+EBP]
   211 00000272 E8 [00000000]                   	CALL	_putfonts8_asc
   212 00000277 FF B5 FFFFFE08                  	PUSH	DWORD [-504+EBP]
   213 0000027D E8 [00000000]                   	CALL	_sheet_refresh
   214 00000282 83 C4 1C                        	ADD	ESP,28
   215 00000285                                 L2:
   216 00000285 E8 [00000000]                   	CALL	_io_cli
   217 0000028A 68 [00000000]                   	PUSH	_keyfifo
   218 0000028F E8 [00000000]                   	CALL	_fifo8_status
   219 00000294 68 [00000000]                   	PUSH	_mousefifo
   220 00000299 89 C3                           	MOV	EBX,EAX
   221 0000029B E8 [00000000]                   	CALL	_fifo8_status
   222 000002A0 8D 04 18                        	LEA	EAX,DWORD [EAX+EBX*1]
   223 000002A3 5B                              	POP	EBX
   224 000002A4 5E                              	POP	ESI
   225 000002A5 85 C0                           	TEST	EAX,EAX
   226 000002A7 0F 84 0000020A                  	JE	L19
   227 000002AD 68 [00000000]                   	PUSH	_keyfifo
   228 000002B2 E8 [00000000]                   	CALL	_fifo8_status
   229 000002B7 59                              	POP	ECX
   230 000002B8 85 C0                           	TEST	EAX,EAX
   231 000002BA 0F 85 000001AD                  	JNE	L20
   232 000002C0 68 [00000000]                   	PUSH	_mousefifo
   233 000002C5 E8 [00000000]                   	CALL	_fifo8_status
   234 000002CA 5A                              	POP	EDX
   235 000002CB 85 C0                           	TEST	EAX,EAX
   236 000002CD 74 B6                           	JE	L2
   237 000002CF 68 [00000000]                   	PUSH	_mousefifo
   238 000002D4 E8 [00000000]                   	CALL	_fifo8_get
   239 000002D9 89 C3                           	MOV	EBX,EAX
   240 000002DB E8 [00000000]                   	CALL	_io_sti
   241 000002E0 0F B6 C3                        	MOVZX	EAX,BL
   242 000002E3 50                              	PUSH	EAX
   243 000002E4 8D 85 FFFFFF14                  	LEA	EAX,DWORD [-236+EBP]
   244 000002EA 50                              	PUSH	EAX
   245 000002EB E8 [00000000]                   	CALL	_mouse_decode
   246 000002F0 83 C4 0C                        	ADD	ESP,12
   247 000002F3 85 C0                           	TEST	EAX,EAX
   248 000002F5 74 8E                           	JE	L2
   249 000002F7 FF B5 FFFFFF1C                  	PUSH	DWORD [-228+EBP]
   250 000002FD FF B5 FFFFFF18                  	PUSH	DWORD [-232+EBP]
   251 00000303 68 [00000025]                   	PUSH	LC3
   252 00000308 8D 5D C4                        	LEA	EBX,DWORD [-60+EBP]
   253 0000030B 53                              	PUSH	EBX
   254 0000030C E8 [00000000]                   	CALL	_sprintf
   255 00000311 83 C4 10                        	ADD	ESP,16
   256 00000314 8B 85 FFFFFF20                  	MOV	EAX,DWORD [-224+EBP]
   257 0000031A A9 00000001                     	TEST	EAX,1
   258 0000031F 74 04                           	JE	L11
   259 00000321 C6 45 C5 4C                     	MOV	BYTE [-59+EBP],76
   260 00000325                                 L11:
   261 00000325 A9 00000002                     	TEST	EAX,2
   262 0000032A 74 04                           	JE	L12
   263 0000032C C6 45 C7 52                     	MOV	BYTE [-57+EBP],82
   264 00000330                                 L12:
   265 00000330 83 E0 04                        	AND	EAX,4
   266 00000333 74 04                           	JE	L13
   267 00000335 C6 45 C6 43                     	MOV	BYTE [-58+EBP],67
   268 00000339                                 L13:
   269 00000339 6A 1F                           	PUSH	31
   270 0000033B 68 00000097                     	PUSH	151
   271 00000340 6A 10                           	PUSH	16
   272 00000342 6A 20                           	PUSH	32
   273 00000344 6A 0E                           	PUSH	14
   274 00000346 0F BF 05 00000FF4               	MOVSX	EAX,WORD [4084]
   275 0000034D 50                              	PUSH	EAX
   276 0000034E FF B5 FFFFFE00                  	PUSH	DWORD [-512+EBP]
   277 00000354 E8 [00000000]                   	CALL	_boxfill8
   278 00000359 53                              	PUSH	EBX
   279 0000035A 6A 07                           	PUSH	7
   280 0000035C 6A 10                           	PUSH	16
   281 0000035E 6A 20                           	PUSH	32
   282 00000360 0F BF 05 00000FF4               	MOVSX	EAX,WORD [4084]
   283 00000367 50                              	PUSH	EAX
   284 00000368 FF B5 FFFFFE00                  	PUSH	DWORD [-512+EBP]
   285 0000036E E8 [00000000]                   	CALL	_putfonts8_asc
   286 00000373 8D 47 0F                        	LEA	EAX,DWORD [15+EDI]
   287 00000376 83 C4 34                        	ADD	ESP,52
   288 00000379 50                              	PUSH	EAX
   289 0000037A 8B 85 FFFFFE10                  	MOV	EAX,DWORD [-496+EBP]
   290 00000380 83 C0 0F                        	ADD	EAX,15
   291 00000383 50                              	PUSH	EAX
   292 00000384 57                              	PUSH	EDI
   293 00000385 FF B5 FFFFFE10                  	PUSH	DWORD [-496+EBP]
   294 0000038B 6A 0E                           	PUSH	14
   295 0000038D 0F BF 05 00000FF4               	MOVSX	EAX,WORD [4084]
   296 00000394 50                              	PUSH	EAX
   297 00000395 FF 35 00000FF8                  	PUSH	DWORD [4088]
   298 0000039B E8 [00000000]                   	CALL	_boxfill8
   299 000003A0 8B 85 FFFFFF18                  	MOV	EAX,DWORD [-232+EBP]
   300 000003A6 03 BD FFFFFF1C                  	ADD	EDI,DWORD [-228+EBP]
   301 000003AC 83 C4 1C                        	ADD	ESP,28
   302 000003AF 01 85 FFFFFE10                  	ADD	DWORD [-496+EBP],EAX
   303 000003B5 0F 88 000000A3                  	JS	L21
   304 000003BB                                 L14:
   305 000003BB 85 FF                           	TEST	EDI,EDI
   306 000003BD 0F 88 00000094                  	JS	L22
   307 000003C3                                 L15:
   308 000003C3 0F BF 05 00000FF4               	MOVSX	EAX,WORD [4084]
   309 000003CA 83 E8 10                        	SUB	EAX,16
   310 000003CD 39 85 FFFFFE10                  	CMP	DWORD [-496+EBP],EAX
   311 000003D3 7E 06                           	JLE	L16
   312 000003D5 89 85 FFFFFE10                  	MOV	DWORD [-496+EBP],EAX
   313 000003DB                                 L16:
   314 000003DB 0F BF 05 00000FF6               	MOVSX	EAX,WORD [4086]
   315 000003E2 83 E8 10                        	SUB	EAX,16
   316 000003E5 39 C7                           	CMP	EDI,EAX
   317 000003E7 7E 02                           	JLE	L17
   318 000003E9 89 C7                           	MOV	EDI,EAX
   319 000003EB                                 L17:
   320 000003EB 57                              	PUSH	EDI
   321 000003EC FF B5 FFFFFE10                  	PUSH	DWORD [-496+EBP]
   322 000003F2 68 [00000000]                   	PUSH	LC0
   323 000003F7 53                              	PUSH	EBX
   324 000003F8 E8 [00000000]                   	CALL	_sprintf
   325 000003FD 6A 0F                           	PUSH	15
   326 000003FF 6A 4F                           	PUSH	79
   327 00000401 6A 00                           	PUSH	0
   328 00000403 6A 00                           	PUSH	0
   329 00000405 6A 0E                           	PUSH	14
   330 00000407 0F BF 05 00000FF4               	MOVSX	EAX,WORD [4084]
   331 0000040E 50                              	PUSH	EAX
   332 0000040F FF B5 FFFFFE00                  	PUSH	DWORD [-512+EBP]
   333 00000415 E8 [00000000]                   	CALL	_boxfill8
   334 0000041A 83 C4 2C                        	ADD	ESP,44
   335 0000041D 53                              	PUSH	EBX
   336 0000041E 6A 07                           	PUSH	7
   337 00000420 6A 00                           	PUSH	0
   338 00000422 6A 00                           	PUSH	0
   339 00000424 0F BF 05 00000FF4               	MOVSX	EAX,WORD [4084]
   340 0000042B 50                              	PUSH	EAX
   341 0000042C FF B5 FFFFFE00                  	PUSH	DWORD [-512+EBP]
   342 00000432 E8 [00000000]                   	CALL	_putfonts8_asc
   343 00000437 57                              	PUSH	EDI
   344 00000438 FF B5 FFFFFE10                  	PUSH	DWORD [-496+EBP]
   345 0000043E FF B5 FFFFFE04                  	PUSH	DWORD [-508+EBP]
   346 00000444 FF B5 FFFFFE08                  	PUSH	DWORD [-504+EBP]
   347 0000044A E8 [00000000]                   	CALL	_sheet_slide
   348 0000044F 83 C4 28                        	ADD	ESP,40
   349 00000452 E9 FFFFFE2E                     	JMP	L2
   350 00000457                                 L22:
   351 00000457 31 FF                           	XOR	EDI,EDI
   352 00000459 E9 FFFFFF65                     	JMP	L15
   353 0000045E                                 L21:
   354 0000045E C7 85 FFFFFE10 00000000         	MOV	DWORD [-496+EBP],0
   355 00000468 E9 FFFFFF4E                     	JMP	L14
   356 0000046D                                 L20:
   357 0000046D 68 [00000000]                   	PUSH	_keyfifo
   358 00000472 E8 [00000000]                   	CALL	_fifo8_get
   359 00000477 89 C3                           	MOV	EBX,EAX
   360 00000479 E8 [00000000]                   	CALL	_io_sti
   361 0000047E 53                              	PUSH	EBX
   362 0000047F 8D 5D C4                        	LEA	EBX,DWORD [-60+EBP]
   363 00000482 68 [00000033]                   	PUSH	LC2
   364 00000487 53                              	PUSH	EBX
   365 00000488 E8 [00000000]                   	CALL	_sprintf
   366 0000048D 6A 1F                           	PUSH	31
   367 0000048F 6A 0F                           	PUSH	15
   368 00000491 6A 10                           	PUSH	16
   369 00000493 6A 00                           	PUSH	0
   370 00000495 6A 0E                           	PUSH	14
   371 00000497 0F BF 05 00000FF4               	MOVSX	EAX,WORD [4084]
   372 0000049E 50                              	PUSH	EAX
   373 0000049F FF B5 FFFFFE00                  	PUSH	DWORD [-512+EBP]
   374 000004A5 E8 [00000000]                   	CALL	_boxfill8
   375 000004AA 83 C4 2C                        	ADD	ESP,44
   376 000004AD 53                              	PUSH	EBX
   377 000004AE 6A 07                           	PUSH	7
   378 000004B0 6A 10                           	PUSH	16
   379 000004B2 E9 FFFFFDAB                     	JMP	L18
   380 000004B7                                 L19:
   381 000004B7 E8 [00000000]                   	CALL	_io_stihlt
   382 000004BC E9 FFFFFDC4                     	JMP	L2
