     1 00000000                                 [FORMAT "WCOFF"]
     2 00000000                                 [INSTRSET "i486p"]
     3 00000000                                 [OPTIMIZE 1]
     4 00000000                                 [OPTION 1]
     5 00000000                                 [BITS 32]
     6 00000000                                 	EXTERN	_init_gdtidt
     7 00000000                                 	EXTERN	_init_pic
     8 00000000                                 	EXTERN	_io_sti
     9 00000000                                 	EXTERN	_keyfifo
    10 00000000                                 	EXTERN	_fifo8_init
    11 00000000                                 	EXTERN	_mousefifo
    12 00000000                                 	EXTERN	_io_out8
    13 00000000                                 	EXTERN	_init_keyboard
    14 00000000                                 	EXTERN	_enable_mouse
    15 00000000                                 	EXTERN	_memtest
    16 00000000                                 	EXTERN	_memman_init
    17 00000000                                 	EXTERN	_memman_free
    18 00000000                                 	EXTERN	_init_palette
    19 00000000                                 	EXTERN	_init_screen8
    20 00000000                                 	EXTERN	_init_mouse_cursor8
    21 00000000                                 	EXTERN	_putblock8_8
    22 00000000                                 	EXTERN	_sprintf
    23 00000000                                 	EXTERN	_putfonts8_asc
    24 00000000                                 	EXTERN	_memman_total
    25 00000000                                 	EXTERN	_io_cli
    26 00000000                                 	EXTERN	_fifo8_status
    27 00000000                                 	EXTERN	_fifo8_get
    28 00000000                                 	EXTERN	_mouse_decode
    29 00000000                                 	EXTERN	_boxfill8
    30 00000000                                 	EXTERN	_io_stihlt
    31 00000000                                 [FILE "bootpack.c"]
    32                                          [SECTION .data]
    33 00000000                                 LC0:
    34 00000000 28 25 64 2C 20 25 64 29 00      	DB	"(%d, %d)",0x00
    35 00000009                                 LC1:
    36 00000009 6D 65 6D 6F 72 79 20 25 64 4D   	DB	"memory %dMB   free : %dKB",0x00
       00000013 42 20 20 20 66 72 65 65 20 3A 
       0000001D 20 25 64 4B 42 00 
    37 00000023                                 LC3:
    38 00000023 5B 6C 63 72 20 25 34 64 20 25   	DB	"[lcr %4d %4d]",0x00
       0000002D 34 64 5D 00 
    39 00000031                                 LC4:
    40 00000031 28 25 33 64 2C 20 25 33 64 29   	DB	"(%3d, %3d)",0x00
       0000003B 00 
    41 0000003C                                 LC2:
    42 0000003C 25 30 32 58 00                  	DB	"%02X",0x00
    43                                          [SECTION .text]
    44 00000000                                 	GLOBAL	_HariMain
    45 00000000                                 _HariMain:
    46 00000000 55                              	PUSH	EBP
    47 00000001 89 E5                           	MOV	EBP,ESP
    48 00000003 57                              	PUSH	EDI
    49 00000004 56                              	PUSH	ESI
    50 00000005 53                              	PUSH	EBX
    51 00000006 BB 00000002                     	MOV	EBX,2
    52 0000000B 81 EC 000001E8                  	SUB	ESP,488
    53 00000011 E8 [00000000]                   	CALL	_init_gdtidt
    54 00000016 E8 [00000000]                   	CALL	_init_pic
    55 0000001B E8 [00000000]                   	CALL	_io_sti
    56 00000020 8D 85 FFFFFEA4                  	LEA	EAX,DWORD [-348+EBP]
    57 00000026 50                              	PUSH	EAX
    58 00000027 6A 20                           	PUSH	32
    59 00000029 68 [00000000]                   	PUSH	_keyfifo
    60 0000002E E8 [00000000]                   	CALL	_fifo8_init
    61 00000033 8D 85 FFFFFE24                  	LEA	EAX,DWORD [-476+EBP]
    62 00000039 50                              	PUSH	EAX
    63 0000003A 68 00000080                     	PUSH	128
    64 0000003F 68 [00000000]                   	PUSH	_mousefifo
    65 00000044 E8 [00000000]                   	CALL	_fifo8_init
    66 00000049 68 000000F9                     	PUSH	249
    67 0000004E 6A 21                           	PUSH	33
    68 00000050 E8 [00000000]                   	CALL	_io_out8
    69 00000055 83 C4 20                        	ADD	ESP,32
    70 00000058 68 000000EF                     	PUSH	239
    71 0000005D 68 000000A1                     	PUSH	161
    72 00000062 E8 [00000000]                   	CALL	_io_out8
    73 00000067 E8 [00000000]                   	CALL	_init_keyboard
    74 0000006C 8D 85 FFFFFE14                  	LEA	EAX,DWORD [-492+EBP]
    75 00000072 50                              	PUSH	EAX
    76 00000073 E8 [00000000]                   	CALL	_enable_mouse
    77 00000078 68 BFFFFFFF                     	PUSH	-1073741825
    78 0000007D 68 00400000                     	PUSH	4194304
    79 00000082 E8 [00000000]                   	CALL	_memtest
    80 00000087 68 003C0000                     	PUSH	3932160
    81 0000008C 89 C6                           	MOV	ESI,EAX
    82 0000008E E8 [00000000]                   	CALL	_memman_init
    83 00000093 68 0009E000                     	PUSH	647168
    84 00000098 68 00001000                     	PUSH	4096
    85 0000009D 68 003C0000                     	PUSH	3932160
    86 000000A2 E8 [00000000]                   	CALL	_memman_free
    87 000000A7 8D 86 FFC00000                  	LEA	EAX,DWORD [-4194304+ESI]
    88 000000AD C1 EE 14                        	SHR	ESI,20
    89 000000B0 83 C4 24                        	ADD	ESP,36
    90 000000B3 50                              	PUSH	EAX
    91 000000B4 68 00400000                     	PUSH	4194304
    92 000000B9 68 003C0000                     	PUSH	3932160
    93 000000BE E8 [00000000]                   	CALL	_memman_free
    94 000000C3 E8 [00000000]                   	CALL	_init_palette
    95 000000C8 0F BF 05 00000FF6               	MOVSX	EAX,WORD [4086]
    96 000000CF 50                              	PUSH	EAX
    97 000000D0 0F BF 05 00000FF4               	MOVSX	EAX,WORD [4084]
    98 000000D7 50                              	PUSH	EAX
    99 000000D8 FF 35 00000FF8                  	PUSH	DWORD [4088]
   100 000000DE E8 [00000000]                   	CALL	_init_screen8
   101 000000E3 0F BF 05 00000FF4               	MOVSX	EAX,WORD [4084]
   102 000000EA 8D 48 F0                        	LEA	ECX,DWORD [-16+EAX]
   103 000000ED 89 C8                           	MOV	EAX,ECX
   104 000000EF 99                              	CDQ
   105 000000F0 F7 FB                           	IDIV	EBX
   106 000000F2 89 85 FFFFFE10                  	MOV	DWORD [-496+EBP],EAX
   107 000000F8 0F BF 05 00000FF6               	MOVSX	EAX,WORD [4086]
   108 000000FF 6A 0E                           	PUSH	14
   109 00000101 8D 48 D4                        	LEA	ECX,DWORD [-44+EAX]
   110 00000104 89 C8                           	MOV	EAX,ECX
   111 00000106 99                              	CDQ
   112 00000107 F7 FB                           	IDIV	EBX
   113 00000109 8D 9D FFFFFEC4                  	LEA	EBX,DWORD [-316+EBP]
   114 0000010F 89 C7                           	MOV	EDI,EAX
   115 00000111 53                              	PUSH	EBX
   116 00000112 E8 [00000000]                   	CALL	_init_mouse_cursor8
   117 00000117 83 C4 20                        	ADD	ESP,32
   118 0000011A 6A 10                           	PUSH	16
   119 0000011C 53                              	PUSH	EBX
   120 0000011D 8D 5D C4                        	LEA	EBX,DWORD [-60+EBP]
   121 00000120 57                              	PUSH	EDI
   122 00000121 FF B5 FFFFFE10                  	PUSH	DWORD [-496+EBP]
   123 00000127 6A 10                           	PUSH	16
   124 00000129 6A 10                           	PUSH	16
   125 0000012B 0F BF 05 00000FF4               	MOVSX	EAX,WORD [4084]
   126 00000132 50                              	PUSH	EAX
   127 00000133 FF 35 00000FF8                  	PUSH	DWORD [4088]
   128 00000139 E8 [00000000]                   	CALL	_putblock8_8
   129 0000013E 83 C4 20                        	ADD	ESP,32
   130 00000141 57                              	PUSH	EDI
   131 00000142 FF B5 FFFFFE10                  	PUSH	DWORD [-496+EBP]
   132 00000148 68 [00000000]                   	PUSH	LC0
   133 0000014D 53                              	PUSH	EBX
   134 0000014E E8 [00000000]                   	CALL	_sprintf
   135 00000153 53                              	PUSH	EBX
   136 00000154 6A 07                           	PUSH	7
   137 00000156 6A 00                           	PUSH	0
   138 00000158 6A 00                           	PUSH	0
   139 0000015A 0F BF 05 00000FF4               	MOVSX	EAX,WORD [4084]
   140 00000161 50                              	PUSH	EAX
   141 00000162 FF 35 00000FF8                  	PUSH	DWORD [4088]
   142 00000168 E8 [00000000]                   	CALL	_putfonts8_asc
   143 0000016D 83 C4 28                        	ADD	ESP,40
   144 00000170 68 003C0000                     	PUSH	3932160
   145 00000175 E8 [00000000]                   	CALL	_memman_total
   146 0000017A C1 E8 0A                        	SHR	EAX,10
   147 0000017D 89 04 24                        	MOV	DWORD [ESP],EAX
   148 00000180 56                              	PUSH	ESI
   149 00000181 68 [00000009]                   	PUSH	LC1
   150 00000186 53                              	PUSH	EBX
   151 00000187 E8 [00000000]                   	CALL	_sprintf
   152 0000018C 53                              	PUSH	EBX
   153 0000018D 6A 07                           	PUSH	7
   154 0000018F 6A 20                           	PUSH	32
   155 00000191 6A 00                           	PUSH	0
   156 00000193 0F BF 05 00000FF4               	MOVSX	EAX,WORD [4084]
   157 0000019A 50                              	PUSH	EAX
   158 0000019B FF 35 00000FF8                  	PUSH	DWORD [4088]
   159 000001A1 E8 [00000000]                   	CALL	_putfonts8_asc
   160 000001A6 83 C4 28                        	ADD	ESP,40
   161 000001A9                                 L2:
   162 000001A9 E8 [00000000]                   	CALL	_io_cli
   163 000001AE 68 [00000000]                   	PUSH	_keyfifo
   164 000001B3 E8 [00000000]                   	CALL	_fifo8_status
   165 000001B8 68 [00000000]                   	PUSH	_mousefifo
   166 000001BD 89 C3                           	MOV	EBX,EAX
   167 000001BF E8 [00000000]                   	CALL	_fifo8_status
   168 000001C4 8D 04 18                        	LEA	EAX,DWORD [EAX+EBX*1]
   169 000001C7 5B                              	POP	EBX
   170 000001C8 5E                              	POP	ESI
   171 000001C9 85 C0                           	TEST	EAX,EAX
   172 000001CB 0F 84 00000231                  	JE	L18
   173 000001D1 68 [00000000]                   	PUSH	_keyfifo
   174 000001D6 E8 [00000000]                   	CALL	_fifo8_status
   175 000001DB 59                              	POP	ECX
   176 000001DC 85 C0                           	TEST	EAX,EAX
   177 000001DE 0F 85 000001BC                  	JNE	L19
   178 000001E4 68 [00000000]                   	PUSH	_mousefifo
   179 000001E9 E8 [00000000]                   	CALL	_fifo8_status
   180 000001EE 5A                              	POP	EDX
   181 000001EF 85 C0                           	TEST	EAX,EAX
   182 000001F1 74 B6                           	JE	L2
   183 000001F3 68 [00000000]                   	PUSH	_mousefifo
   184 000001F8 E8 [00000000]                   	CALL	_fifo8_get
   185 000001FD 89 C3                           	MOV	EBX,EAX
   186 000001FF E8 [00000000]                   	CALL	_io_sti
   187 00000204 0F B6 C3                        	MOVZX	EAX,BL
   188 00000207 50                              	PUSH	EAX
   189 00000208 8D 85 FFFFFE14                  	LEA	EAX,DWORD [-492+EBP]
   190 0000020E 50                              	PUSH	EAX
   191 0000020F E8 [00000000]                   	CALL	_mouse_decode
   192 00000214 83 C4 0C                        	ADD	ESP,12
   193 00000217 85 C0                           	TEST	EAX,EAX
   194 00000219 74 8E                           	JE	L2
   195 0000021B FF B5 FFFFFE1C                  	PUSH	DWORD [-484+EBP]
   196 00000221 FF B5 FFFFFE18                  	PUSH	DWORD [-488+EBP]
   197 00000227 68 [00000023]                   	PUSH	LC3
   198 0000022C 8D 5D C4                        	LEA	EBX,DWORD [-60+EBP]
   199 0000022F 53                              	PUSH	EBX
   200 00000230 E8 [00000000]                   	CALL	_sprintf
   201 00000235 83 C4 10                        	ADD	ESP,16
   202 00000238 8B 85 FFFFFE20                  	MOV	EAX,DWORD [-480+EBP]
   203 0000023E A9 00000001                     	TEST	EAX,1
   204 00000243 74 04                           	JE	L11
   205 00000245 C6 45 C5 4C                     	MOV	BYTE [-59+EBP],76
   206 00000249                                 L11:
   207 00000249 A9 00000002                     	TEST	EAX,2
   208 0000024E 74 04                           	JE	L12
   209 00000250 C6 45 C7 52                     	MOV	BYTE [-57+EBP],82
   210 00000254                                 L12:
   211 00000254 83 E0 04                        	AND	EAX,4
   212 00000257 74 04                           	JE	L13
   213 00000259 C6 45 C6 43                     	MOV	BYTE [-58+EBP],67
   214 0000025D                                 L13:
   215 0000025D 6A 1F                           	PUSH	31
   216 0000025F 68 00000097                     	PUSH	151
   217 00000264 6A 10                           	PUSH	16
   218 00000266 6A 20                           	PUSH	32
   219 00000268 6A 0E                           	PUSH	14
   220 0000026A 0F BF 05 00000FF4               	MOVSX	EAX,WORD [4084]
   221 00000271 50                              	PUSH	EAX
   222 00000272 FF 35 00000FF8                  	PUSH	DWORD [4088]
   223 00000278 E8 [00000000]                   	CALL	_boxfill8
   224 0000027D 53                              	PUSH	EBX
   225 0000027E 6A 07                           	PUSH	7
   226 00000280 6A 10                           	PUSH	16
   227 00000282 6A 20                           	PUSH	32
   228 00000284 0F BF 05 00000FF4               	MOVSX	EAX,WORD [4084]
   229 0000028B 50                              	PUSH	EAX
   230 0000028C FF 35 00000FF8                  	PUSH	DWORD [4088]
   231 00000292 E8 [00000000]                   	CALL	_putfonts8_asc
   232 00000297 8D 47 0F                        	LEA	EAX,DWORD [15+EDI]
   233 0000029A 83 C4 34                        	ADD	ESP,52
   234 0000029D 50                              	PUSH	EAX
   235 0000029E 8B 85 FFFFFE10                  	MOV	EAX,DWORD [-496+EBP]
   236 000002A4 83 C0 0F                        	ADD	EAX,15
   237 000002A7 50                              	PUSH	EAX
   238 000002A8 57                              	PUSH	EDI
   239 000002A9 FF B5 FFFFFE10                  	PUSH	DWORD [-496+EBP]
   240 000002AF 6A 0E                           	PUSH	14
   241 000002B1 0F BF 05 00000FF4               	MOVSX	EAX,WORD [4084]
   242 000002B8 50                              	PUSH	EAX
   243 000002B9 FF 35 00000FF8                  	PUSH	DWORD [4088]
   244 000002BF E8 [00000000]                   	CALL	_boxfill8
   245 000002C4 8B 85 FFFFFE18                  	MOV	EAX,DWORD [-488+EBP]
   246 000002CA 03 BD FFFFFE1C                  	ADD	EDI,DWORD [-484+EBP]
   247 000002D0 83 C4 1C                        	ADD	ESP,28
   248 000002D3 01 85 FFFFFE10                  	ADD	DWORD [-496+EBP],EAX
   249 000002D9 0F 88 000000B2                  	JS	L20
   250 000002DF                                 L14:
   251 000002DF 85 FF                           	TEST	EDI,EDI
   252 000002E1 0F 88 000000A3                  	JS	L21
   253 000002E7                                 L15:
   254 000002E7 0F BF 05 00000FF4               	MOVSX	EAX,WORD [4084]
   255 000002EE 83 E8 10                        	SUB	EAX,16
   256 000002F1 39 85 FFFFFE10                  	CMP	DWORD [-496+EBP],EAX
   257 000002F7 7E 06                           	JLE	L16
   258 000002F9 89 85 FFFFFE10                  	MOV	DWORD [-496+EBP],EAX
   259 000002FF                                 L16:
   260 000002FF 0F BF 05 00000FF6               	MOVSX	EAX,WORD [4086]
   261 00000306 83 E8 10                        	SUB	EAX,16
   262 00000309 39 C7                           	CMP	EDI,EAX
   263 0000030B 7E 02                           	JLE	L17
   264 0000030D 89 C7                           	MOV	EDI,EAX
   265 0000030F                                 L17:
   266 0000030F 57                              	PUSH	EDI
   267 00000310 FF B5 FFFFFE10                  	PUSH	DWORD [-496+EBP]
   268 00000316 68 [00000031]                   	PUSH	LC4
   269 0000031B 53                              	PUSH	EBX
   270 0000031C E8 [00000000]                   	CALL	_sprintf
   271 00000321 6A 0F                           	PUSH	15
   272 00000323 6A 4F                           	PUSH	79
   273 00000325 6A 00                           	PUSH	0
   274 00000327 6A 00                           	PUSH	0
   275 00000329 6A 0E                           	PUSH	14
   276 0000032B 0F BF 05 00000FF4               	MOVSX	EAX,WORD [4084]
   277 00000332 50                              	PUSH	EAX
   278 00000333 FF 35 00000FF8                  	PUSH	DWORD [4088]
   279 00000339 E8 [00000000]                   	CALL	_boxfill8
   280 0000033E 83 C4 2C                        	ADD	ESP,44
   281 00000341 53                              	PUSH	EBX
   282 00000342 6A 07                           	PUSH	7
   283 00000344 6A 00                           	PUSH	0
   284 00000346 6A 00                           	PUSH	0
   285 00000348 0F BF 05 00000FF4               	MOVSX	EAX,WORD [4084]
   286 0000034F 50                              	PUSH	EAX
   287 00000350 FF 35 00000FF8                  	PUSH	DWORD [4088]
   288 00000356 E8 [00000000]                   	CALL	_putfonts8_asc
   289 0000035B 8D 85 FFFFFEC4                  	LEA	EAX,DWORD [-316+EBP]
   290 00000361 6A 10                           	PUSH	16
   291 00000363 50                              	PUSH	EAX
   292 00000364 57                              	PUSH	EDI
   293 00000365 FF B5 FFFFFE10                  	PUSH	DWORD [-496+EBP]
   294 0000036B 6A 10                           	PUSH	16
   295 0000036D 6A 10                           	PUSH	16
   296 0000036F 0F BF 05 00000FF4               	MOVSX	EAX,WORD [4084]
   297 00000376 50                              	PUSH	EAX
   298 00000377 FF 35 00000FF8                  	PUSH	DWORD [4088]
   299 0000037D E8 [00000000]                   	CALL	_putblock8_8
   300 00000382 83 C4 38                        	ADD	ESP,56
   301 00000385 E9 FFFFFE1F                     	JMP	L2
   302 0000038A                                 L21:
   303 0000038A 31 FF                           	XOR	EDI,EDI
   304 0000038C E9 FFFFFF56                     	JMP	L15
   305 00000391                                 L20:
   306 00000391 C7 85 FFFFFE10 00000000         	MOV	DWORD [-496+EBP],0
   307 0000039B E9 FFFFFF3F                     	JMP	L14
   308 000003A0                                 L19:
   309 000003A0 68 [00000000]                   	PUSH	_keyfifo
   310 000003A5 E8 [00000000]                   	CALL	_fifo8_get
   311 000003AA 89 C3                           	MOV	EBX,EAX
   312 000003AC E8 [00000000]                   	CALL	_io_sti
   313 000003B1 53                              	PUSH	EBX
   314 000003B2 8D 5D C4                        	LEA	EBX,DWORD [-60+EBP]
   315 000003B5 68 [0000003C]                   	PUSH	LC2
   316 000003BA 53                              	PUSH	EBX
   317 000003BB E8 [00000000]                   	CALL	_sprintf
   318 000003C0 6A 1F                           	PUSH	31
   319 000003C2 6A 0F                           	PUSH	15
   320 000003C4 6A 10                           	PUSH	16
   321 000003C6 6A 00                           	PUSH	0
   322 000003C8 6A 0E                           	PUSH	14
   323 000003CA 0F BF 05 00000FF4               	MOVSX	EAX,WORD [4084]
   324 000003D1 50                              	PUSH	EAX
   325 000003D2 FF 35 00000FF8                  	PUSH	DWORD [4088]
   326 000003D8 E8 [00000000]                   	CALL	_boxfill8
   327 000003DD 83 C4 2C                        	ADD	ESP,44
   328 000003E0 53                              	PUSH	EBX
   329 000003E1 6A 07                           	PUSH	7
   330 000003E3 6A 10                           	PUSH	16
   331 000003E5 6A 00                           	PUSH	0
   332 000003E7 0F BF 05 00000FF4               	MOVSX	EAX,WORD [4084]
   333 000003EE 50                              	PUSH	EAX
   334 000003EF FF 35 00000FF8                  	PUSH	DWORD [4088]
   335 000003F5 E8 [00000000]                   	CALL	_putfonts8_asc
   336 000003FA 83 C4 18                        	ADD	ESP,24
   337 000003FD E9 FFFFFDA7                     	JMP	L2
   338 00000402                                 L18:
   339 00000402 E8 [00000000]                   	CALL	_io_stihlt
   340 00000407 E9 FFFFFD9D                     	JMP	L2
