     1 00000000                                 [FORMAT "WCOFF"]
     2 00000000                                 [INSTRSET "i486p"]
     3 00000000                                 [OPTIMIZE 1]
     4 00000000                                 [OPTION 1]
     5 00000000                                 [BITS 32]
     6 00000000                                 	EXTERN	_io_hlt
     7 00000000                                 	EXTERN	_io_load_eflags
     8 00000000                                 	EXTERN	_io_cli
     9 00000000                                 	EXTERN	_io_out8
    10 00000000                                 	EXTERN	_io_store_eflags
    11 00000000                                 	EXTERN	_hankaku
    12 00000000                                 [FILE "bootpack.c"]
    13                                          [SECTION .data]
    14 00000000                                 LC0:
    15 00000000 41 42 43 20 31 32 33 00         	DB	"ABC 123",0x00
    16 00000008                                 LC1:
    17 00000008 48 61 72 69 62 6F 74 65 20 4F   	DB	"Haribote OS.",0x00
       00000012 53 2E 00 
    18 00000015                                 LC2:
    19 00000015 48 65 6C 6C 6F 20 59 75 57 61   	DB	"Hello YuWan, Hello CuMian.",0x00
       0000001F 6E 2C 20 48 65 6C 6C 6F 20 43 
       00000029 75 4D 69 61 6E 2E 00 
    20                                          [SECTION .text]
    21 00000000                                 	GLOBAL	_HariMain
    22 00000000                                 _HariMain:
    23 00000000 55                              	PUSH	EBP
    24 00000001 89 E5                           	MOV	EBP,ESP
    25 00000003 E8 000000C1                     	CALL	_init_palette
    26 00000008 0F BF 05 00000FF6               	MOVSX	EAX,WORD [4086]
    27 0000000F 50                              	PUSH	EAX
    28 00000010 0F BF 05 00000FF4               	MOVSX	EAX,WORD [4084]
    29 00000017 50                              	PUSH	EAX
    30 00000018 FF 35 00000FF8                  	PUSH	DWORD [4088]
    31 0000001E E8 00000192                     	CALL	_init_screen
    32 00000023 68 [00000000]                   	PUSH	LC0
    33 00000028 6A 07                           	PUSH	7
    34 0000002A 6A 08                           	PUSH	8
    35 0000002C 6A 08                           	PUSH	8
    36 0000002E 0F BF 05 00000FF4               	MOVSX	EAX,WORD [4084]
    37 00000035 50                              	PUSH	EAX
    38 00000036 FF 35 00000FF8                  	PUSH	DWORD [4088]
    39 0000003C E8 00000385                     	CALL	_putfont8_asc
    40 00000041 83 C4 24                        	ADD	ESP,36
    41 00000044 68 [00000008]                   	PUSH	LC1
    42 00000049 6A 00                           	PUSH	0
    43 0000004B 6A 1F                           	PUSH	31
    44 0000004D 6A 1F                           	PUSH	31
    45 0000004F 0F BF 05 00000FF4               	MOVSX	EAX,WORD [4084]
    46 00000056 50                              	PUSH	EAX
    47 00000057 FF 35 00000FF8                  	PUSH	DWORD [4088]
    48 0000005D E8 00000364                     	CALL	_putfont8_asc
    49 00000062 68 [00000008]                   	PUSH	LC1
    50 00000067 6A 07                           	PUSH	7
    51 00000069 6A 1E                           	PUSH	30
    52 0000006B 6A 1E                           	PUSH	30
    53 0000006D 0F BF 05 00000FF4               	MOVSX	EAX,WORD [4084]
    54 00000074 50                              	PUSH	EAX
    55 00000075 FF 35 00000FF8                  	PUSH	DWORD [4088]
    56 0000007B E8 00000346                     	CALL	_putfont8_asc
    57 00000080 83 C4 30                        	ADD	ESP,48
    58 00000083 68 [00000015]                   	PUSH	LC2
    59 00000088 6A 00                           	PUSH	0
    60 0000008A 6A 35                           	PUSH	53
    61 0000008C 6A 1F                           	PUSH	31
    62 0000008E 0F BF 05 00000FF4               	MOVSX	EAX,WORD [4084]
    63 00000095 50                              	PUSH	EAX
    64 00000096 FF 35 00000FF8                  	PUSH	DWORD [4088]
    65 0000009C E8 00000325                     	CALL	_putfont8_asc
    66 000000A1 68 [00000015]                   	PUSH	LC2
    67 000000A6 6A 07                           	PUSH	7
    68 000000A8 6A 34                           	PUSH	52
    69 000000AA 6A 1E                           	PUSH	30
    70 000000AC 0F BF 05 00000FF4               	MOVSX	EAX,WORD [4084]
    71 000000B3 50                              	PUSH	EAX
    72 000000B4 FF 35 00000FF8                  	PUSH	DWORD [4088]
    73 000000BA E8 00000307                     	CALL	_putfont8_asc
    74 000000BF 83 C4 30                        	ADD	ESP,48
    75 000000C2                                 L2:
    76 000000C2 E8 [00000000]                   	CALL	_io_hlt
    77 000000C7 EB F9                           	JMP	L2
    78                                          [SECTION .data]
    79 00000030                                 _table_rgb.0:
    80 00000030 00                              	DB	0
    81 00000031 00                              	DB	0
    82 00000032 00                              	DB	0
    83 00000033 FF                              	DB	-1
    84 00000034 00                              	DB	0
    85 00000035 00                              	DB	0
    86 00000036 00                              	DB	0
    87 00000037 FF                              	DB	-1
    88 00000038 00                              	DB	0
    89 00000039 FF                              	DB	-1
    90 0000003A FF                              	DB	-1
    91 0000003B 00                              	DB	0
    92 0000003C 00                              	DB	0
    93 0000003D 00                              	DB	0
    94 0000003E FF                              	DB	-1
    95 0000003F FF                              	DB	-1
    96 00000040 00                              	DB	0
    97 00000041 FF                              	DB	-1
    98 00000042 00                              	DB	0
    99 00000043 FF                              	DB	-1
   100 00000044 FF                              	DB	-1
   101 00000045 FF                              	DB	-1
   102 00000046 FF                              	DB	-1
   103 00000047 FF                              	DB	-1
   104 00000048 C6                              	DB	-58
   105 00000049 C6                              	DB	-58
   106 0000004A C6                              	DB	-58
   107 0000004B 84                              	DB	-124
   108 0000004C 00                              	DB	0
   109 0000004D 00                              	DB	0
   110 0000004E 00                              	DB	0
   111 0000004F 84                              	DB	-124
   112 00000050 00                              	DB	0
   113 00000051 84                              	DB	-124
   114 00000052 84                              	DB	-124
   115 00000053 00                              	DB	0
   116 00000054 00                              	DB	0
   117 00000055 00                              	DB	0
   118 00000056 84                              	DB	-124
   119 00000057 84                              	DB	-124
   120 00000058 00                              	DB	0
   121 00000059 84                              	DB	-124
   122 0000005A 00                              	DB	0
   123 0000005B 84                              	DB	-124
   124 0000005C 84                              	DB	-124
   125 0000005D 84                              	DB	-124
   126 0000005E 84                              	DB	-124
   127 0000005F 84                              	DB	-124
   128                                          [SECTION .text]
   129 000000C9                                 	GLOBAL	_init_palette
   130 000000C9                                 _init_palette:
   131 000000C9 55                              	PUSH	EBP
   132 000000CA 89 E5                           	MOV	EBP,ESP
   133 000000CC 68 [00000030]                   	PUSH	_table_rgb.0
   134 000000D1 6A 0F                           	PUSH	15
   135 000000D3 6A 00                           	PUSH	0
   136 000000D5 E8 00000002                     	CALL	_set_palette
   137 000000DA C9                              	LEAVE
   138 000000DB C3                              	RET
   139 000000DC                                 	GLOBAL	_set_palette
   140 000000DC                                 _set_palette:
   141 000000DC 55                              	PUSH	EBP
   142 000000DD 89 E5                           	MOV	EBP,ESP
   143 000000DF 57                              	PUSH	EDI
   144 000000E0 56                              	PUSH	ESI
   145 000000E1 53                              	PUSH	EBX
   146 000000E2 51                              	PUSH	ECX
   147 000000E3 8B 5D 08                        	MOV	EBX,DWORD [8+EBP]
   148 000000E6 8B 7D 0C                        	MOV	EDI,DWORD [12+EBP]
   149 000000E9 8B 75 10                        	MOV	ESI,DWORD [16+EBP]
   150 000000EC E8 [00000000]                   	CALL	_io_load_eflags
   151 000000F1 89 45 F0                        	MOV	DWORD [-16+EBP],EAX
   152 000000F4 E8 [00000000]                   	CALL	_io_cli
   153 000000F9 53                              	PUSH	EBX
   154 000000FA 68 000003C8                     	PUSH	968
   155 000000FF E8 [00000000]                   	CALL	_io_out8
   156 00000104 39 FB                           	CMP	EBX,EDI
   157 00000106 58                              	POP	EAX
   158 00000107 5A                              	POP	EDX
   159 00000108 7E 12                           	JLE	L11
   160 0000010A                                 L13:
   161 0000010A 8B 45 F0                        	MOV	EAX,DWORD [-16+EBP]
   162 0000010D 89 45 08                        	MOV	DWORD [8+EBP],EAX
   163 00000110 8D 65 F4                        	LEA	ESP,DWORD [-12+EBP]
   164 00000113 5B                              	POP	EBX
   165 00000114 5E                              	POP	ESI
   166 00000115 5F                              	POP	EDI
   167 00000116 5D                              	POP	EBP
   168 00000117 E9 [00000000]                   	JMP	_io_store_eflags
   169 0000011C                                 L11:
   170 0000011C 8A 06                           	MOV	AL,BYTE [ESI]
   171 0000011E 43                              	INC	EBX
   172 0000011F C0 E8 02                        	SHR	AL,2
   173 00000122 0F B6 C0                        	MOVZX	EAX,AL
   174 00000125 50                              	PUSH	EAX
   175 00000126 68 000003C9                     	PUSH	969
   176 0000012B E8 [00000000]                   	CALL	_io_out8
   177 00000130 8A 46 01                        	MOV	AL,BYTE [1+ESI]
   178 00000133 C0 E8 02                        	SHR	AL,2
   179 00000136 0F B6 C0                        	MOVZX	EAX,AL
   180 00000139 50                              	PUSH	EAX
   181 0000013A 68 000003C9                     	PUSH	969
   182 0000013F E8 [00000000]                   	CALL	_io_out8
   183 00000144 8A 46 02                        	MOV	AL,BYTE [2+ESI]
   184 00000147 C0 E8 02                        	SHR	AL,2
   185 0000014A 83 C6 03                        	ADD	ESI,3
   186 0000014D 0F B6 C0                        	MOVZX	EAX,AL
   187 00000150 50                              	PUSH	EAX
   188 00000151 68 000003C9                     	PUSH	969
   189 00000156 E8 [00000000]                   	CALL	_io_out8
   190 0000015B 83 C4 18                        	ADD	ESP,24
   191 0000015E 39 FB                           	CMP	EBX,EDI
   192 00000160 7E BA                           	JLE	L11
   193 00000162 EB A6                           	JMP	L13
   194 00000164                                 	GLOBAL	_boxfill8
   195 00000164                                 _boxfill8:
   196 00000164 55                              	PUSH	EBP
   197 00000165 89 E5                           	MOV	EBP,ESP
   198 00000167 57                              	PUSH	EDI
   199 00000168 56                              	PUSH	ESI
   200 00000169 53                              	PUSH	EBX
   201 0000016A 57                              	PUSH	EDI
   202 0000016B 57                              	PUSH	EDI
   203 0000016C 8A 45 10                        	MOV	AL,BYTE [16+EBP]
   204 0000016F 8B 4D 18                        	MOV	ECX,DWORD [24+EBP]
   205 00000172 8B 7D 1C                        	MOV	EDI,DWORD [28+EBP]
   206 00000175 88 45 F3                        	MOV	BYTE [-13+EBP],AL
   207 00000178 3B 4D 20                        	CMP	ECX,DWORD [32+EBP]
   208 0000017B 7F 31                           	JG	L26
   209 0000017D 8B 5D 0C                        	MOV	EBX,DWORD [12+EBP]
   210 00000180 0F AF D9                        	IMUL	EBX,ECX
   211 00000183                                 L24:
   212 00000183 8B 55 14                        	MOV	EDX,DWORD [20+EBP]
   213 00000186 39 FA                           	CMP	EDX,EDI
   214 00000188 7F 1B                           	JG	L28
   215 0000018A 8B 75 08                        	MOV	ESI,DWORD [8+EBP]
   216 0000018D 01 DE                           	ADD	ESI,EBX
   217 0000018F 01 D6                           	ADD	ESI,EDX
   218 00000191 89 75 EC                        	MOV	DWORD [-20+EBP],ESI
   219 00000194                                 L23:
   220 00000194 8B 75 EC                        	MOV	ESI,DWORD [-20+EBP]
   221 00000197 8A 45 F3                        	MOV	AL,BYTE [-13+EBP]
   222 0000019A 42                              	INC	EDX
   223 0000019B 88 06                           	MOV	BYTE [ESI],AL
   224 0000019D 46                              	INC	ESI
   225 0000019E 89 75 EC                        	MOV	DWORD [-20+EBP],ESI
   226 000001A1 39 FA                           	CMP	EDX,EDI
   227 000001A3 7E EF                           	JLE	L23
   228 000001A5                                 L28:
   229 000001A5 41                              	INC	ECX
   230 000001A6 03 5D 0C                        	ADD	EBX,DWORD [12+EBP]
   231 000001A9 3B 4D 20                        	CMP	ECX,DWORD [32+EBP]
   232 000001AC 7E D5                           	JLE	L24
   233 000001AE                                 L26:
   234 000001AE 5B                              	POP	EBX
   235 000001AF 5E                              	POP	ESI
   236 000001B0 5B                              	POP	EBX
   237 000001B1 5E                              	POP	ESI
   238 000001B2 5F                              	POP	EDI
   239 000001B3 5D                              	POP	EBP
   240 000001B4 C3                              	RET
   241 000001B5                                 	GLOBAL	_init_screen
   242 000001B5                                 _init_screen:
   243 000001B5 55                              	PUSH	EBP
   244 000001B6 89 E5                           	MOV	EBP,ESP
   245 000001B8 57                              	PUSH	EDI
   246 000001B9 56                              	PUSH	ESI
   247 000001BA 53                              	PUSH	EBX
   248 000001BB 83 EC 0C                        	SUB	ESP,12
   249 000001BE 8B 45 10                        	MOV	EAX,DWORD [16+EBP]
   250 000001C1 8B 7D 0C                        	MOV	EDI,DWORD [12+EBP]
   251 000001C4 83 E8 1D                        	SUB	EAX,29
   252 000001C7 4F                              	DEC	EDI
   253 000001C8 50                              	PUSH	EAX
   254 000001C9 57                              	PUSH	EDI
   255 000001CA 6A 00                           	PUSH	0
   256 000001CC 6A 00                           	PUSH	0
   257 000001CE 6A 0E                           	PUSH	14
   258 000001D0 FF 75 0C                        	PUSH	DWORD [12+EBP]
   259 000001D3 FF 75 08                        	PUSH	DWORD [8+EBP]
   260 000001D6 E8 FFFFFF89                     	CALL	_boxfill8
   261 000001DB 8B 45 10                        	MOV	EAX,DWORD [16+EBP]
   262 000001DE 83 E8 1C                        	SUB	EAX,28
   263 000001E1 50                              	PUSH	EAX
   264 000001E2 57                              	PUSH	EDI
   265 000001E3 50                              	PUSH	EAX
   266 000001E4 6A 00                           	PUSH	0
   267 000001E6 6A 08                           	PUSH	8
   268 000001E8 FF 75 0C                        	PUSH	DWORD [12+EBP]
   269 000001EB FF 75 08                        	PUSH	DWORD [8+EBP]
   270 000001EE E8 FFFFFF71                     	CALL	_boxfill8
   271 000001F3 8B 45 10                        	MOV	EAX,DWORD [16+EBP]
   272 000001F6 83 C4 38                        	ADD	ESP,56
   273 000001F9 83 E8 1B                        	SUB	EAX,27
   274 000001FC 50                              	PUSH	EAX
   275 000001FD 57                              	PUSH	EDI
   276 000001FE 50                              	PUSH	EAX
   277 000001FF 6A 00                           	PUSH	0
   278 00000201 6A 07                           	PUSH	7
   279 00000203 FF 75 0C                        	PUSH	DWORD [12+EBP]
   280 00000206 FF 75 08                        	PUSH	DWORD [8+EBP]
   281 00000209 E8 FFFFFF56                     	CALL	_boxfill8
   282 0000020E 8B 45 10                        	MOV	EAX,DWORD [16+EBP]
   283 00000211 48                              	DEC	EAX
   284 00000212 50                              	PUSH	EAX
   285 00000213 8B 45 10                        	MOV	EAX,DWORD [16+EBP]
   286 00000216 57                              	PUSH	EDI
   287 00000217 83 E8 1A                        	SUB	EAX,26
   288 0000021A 50                              	PUSH	EAX
   289 0000021B 6A 00                           	PUSH	0
   290 0000021D 6A 08                           	PUSH	8
   291 0000021F FF 75 0C                        	PUSH	DWORD [12+EBP]
   292 00000222 FF 75 08                        	PUSH	DWORD [8+EBP]
   293 00000225 E8 FFFFFF3A                     	CALL	_boxfill8
   294 0000022A 8B 75 10                        	MOV	ESI,DWORD [16+EBP]
   295 0000022D 83 C4 38                        	ADD	ESP,56
   296 00000230 83 EE 18                        	SUB	ESI,24
   297 00000233 56                              	PUSH	ESI
   298 00000234 6A 3B                           	PUSH	59
   299 00000236 56                              	PUSH	ESI
   300 00000237 6A 03                           	PUSH	3
   301 00000239 6A 07                           	PUSH	7
   302 0000023B FF 75 0C                        	PUSH	DWORD [12+EBP]
   303 0000023E FF 75 08                        	PUSH	DWORD [8+EBP]
   304 00000241 E8 FFFFFF1E                     	CALL	_boxfill8
   305 00000246 8B 45 10                        	MOV	EAX,DWORD [16+EBP]
   306 00000249 83 E8 04                        	SUB	EAX,4
   307 0000024C 50                              	PUSH	EAX
   308 0000024D 89 45 F0                        	MOV	DWORD [-16+EBP],EAX
   309 00000250 6A 02                           	PUSH	2
   310 00000252 56                              	PUSH	ESI
   311 00000253 6A 02                           	PUSH	2
   312 00000255 6A 07                           	PUSH	7
   313 00000257 FF 75 0C                        	PUSH	DWORD [12+EBP]
   314 0000025A FF 75 08                        	PUSH	DWORD [8+EBP]
   315 0000025D E8 FFFFFF02                     	CALL	_boxfill8
   316 00000262 83 C4 38                        	ADD	ESP,56
   317 00000265 FF 75 F0                        	PUSH	DWORD [-16+EBP]
   318 00000268 6A 3B                           	PUSH	59
   319 0000026A FF 75 F0                        	PUSH	DWORD [-16+EBP]
   320 0000026D 6A 03                           	PUSH	3
   321 0000026F 6A 0F                           	PUSH	15
   322 00000271 FF 75 0C                        	PUSH	DWORD [12+EBP]
   323 00000274 FF 75 08                        	PUSH	DWORD [8+EBP]
   324 00000277 E8 FFFFFEE8                     	CALL	_boxfill8
   325 0000027C 8B 45 10                        	MOV	EAX,DWORD [16+EBP]
   326 0000027F 83 E8 05                        	SUB	EAX,5
   327 00000282 50                              	PUSH	EAX
   328 00000283 8B 45 10                        	MOV	EAX,DWORD [16+EBP]
   329 00000286 6A 3B                           	PUSH	59
   330 00000288 83 E8 17                        	SUB	EAX,23
   331 0000028B 50                              	PUSH	EAX
   332 0000028C 89 45 EC                        	MOV	DWORD [-20+EBP],EAX
   333 0000028F 6A 3B                           	PUSH	59
   334 00000291 6A 0F                           	PUSH	15
   335 00000293 FF 75 0C                        	PUSH	DWORD [12+EBP]
   336 00000296 FF 75 08                        	PUSH	DWORD [8+EBP]
   337 00000299 E8 FFFFFEC6                     	CALL	_boxfill8
   338 0000029E 8B 45 10                        	MOV	EAX,DWORD [16+EBP]
   339 000002A1 83 C4 38                        	ADD	ESP,56
   340 000002A4 83 E8 03                        	SUB	EAX,3
   341 000002A7 89 45 E8                        	MOV	DWORD [-24+EBP],EAX
   342 000002AA 50                              	PUSH	EAX
   343 000002AB 6A 3B                           	PUSH	59
   344 000002AD 50                              	PUSH	EAX
   345 000002AE 6A 02                           	PUSH	2
   346 000002B0 6A 00                           	PUSH	0
   347 000002B2 FF 75 0C                        	PUSH	DWORD [12+EBP]
   348 000002B5 FF 75 08                        	PUSH	DWORD [8+EBP]
   349 000002B8 E8 FFFFFEA7                     	CALL	_boxfill8
   350 000002BD FF 75 E8                        	PUSH	DWORD [-24+EBP]
   351 000002C0 6A 3C                           	PUSH	60
   352 000002C2 56                              	PUSH	ESI
   353 000002C3 6A 3C                           	PUSH	60
   354 000002C5 6A 00                           	PUSH	0
   355 000002C7 FF 75 0C                        	PUSH	DWORD [12+EBP]
   356 000002CA FF 75 08                        	PUSH	DWORD [8+EBP]
   357 000002CD E8 FFFFFE92                     	CALL	_boxfill8
   358 000002D2 8B 7D 0C                        	MOV	EDI,DWORD [12+EBP]
   359 000002D5 83 C4 38                        	ADD	ESP,56
   360 000002D8 8B 5D 0C                        	MOV	EBX,DWORD [12+EBP]
   361 000002DB 83 EB 04                        	SUB	EBX,4
   362 000002DE 83 EF 2F                        	SUB	EDI,47
   363 000002E1 56                              	PUSH	ESI
   364 000002E2 53                              	PUSH	EBX
   365 000002E3 56                              	PUSH	ESI
   366 000002E4 57                              	PUSH	EDI
   367 000002E5 6A 0F                           	PUSH	15
   368 000002E7 FF 75 0C                        	PUSH	DWORD [12+EBP]
   369 000002EA FF 75 08                        	PUSH	DWORD [8+EBP]
   370 000002ED E8 FFFFFE72                     	CALL	_boxfill8
   371 000002F2 FF 75 F0                        	PUSH	DWORD [-16+EBP]
   372 000002F5 57                              	PUSH	EDI
   373 000002F6 FF 75 EC                        	PUSH	DWORD [-20+EBP]
   374 000002F9 57                              	PUSH	EDI
   375 000002FA 6A 0F                           	PUSH	15
   376 000002FC FF 75 0C                        	PUSH	DWORD [12+EBP]
   377 000002FF FF 75 08                        	PUSH	DWORD [8+EBP]
   378 00000302 E8 FFFFFE5D                     	CALL	_boxfill8
   379 00000307 83 C4 38                        	ADD	ESP,56
   380 0000030A FF 75 E8                        	PUSH	DWORD [-24+EBP]
   381 0000030D 53                              	PUSH	EBX
   382 0000030E FF 75 E8                        	PUSH	DWORD [-24+EBP]
   383 00000311 57                              	PUSH	EDI
   384 00000312 6A 07                           	PUSH	7
   385 00000314 FF 75 0C                        	PUSH	DWORD [12+EBP]
   386 00000317 FF 75 08                        	PUSH	DWORD [8+EBP]
   387 0000031A E8 FFFFFE45                     	CALL	_boxfill8
   388 0000031F 8B 45 0C                        	MOV	EAX,DWORD [12+EBP]
   389 00000322 FF 75 E8                        	PUSH	DWORD [-24+EBP]
   390 00000325 83 E8 03                        	SUB	EAX,3
   391 00000328 50                              	PUSH	EAX
   392 00000329 56                              	PUSH	ESI
   393 0000032A 50                              	PUSH	EAX
   394 0000032B 6A 07                           	PUSH	7
   395 0000032D FF 75 0C                        	PUSH	DWORD [12+EBP]
   396 00000330 FF 75 08                        	PUSH	DWORD [8+EBP]
   397 00000333 E8 FFFFFE2C                     	CALL	_boxfill8
   398 00000338 8D 65 F4                        	LEA	ESP,DWORD [-12+EBP]
   399 0000033B 5B                              	POP	EBX
   400 0000033C 5E                              	POP	ESI
   401 0000033D 5F                              	POP	EDI
   402 0000033E 5D                              	POP	EBP
   403 0000033F C3                              	RET
   404 00000340                                 	GLOBAL	_putfont8
   405 00000340                                 _putfont8:
   406 00000340 55                              	PUSH	EBP
   407 00000341 89 E5                           	MOV	EBP,ESP
   408 00000343 57                              	PUSH	EDI
   409 00000344 56                              	PUSH	ESI
   410 00000345 31 F6                           	XOR	ESI,ESI
   411 00000347 53                              	PUSH	EBX
   412 00000348 8B 7D 1C                        	MOV	EDI,DWORD [28+EBP]
   413 0000034B 8A 5D 18                        	MOV	BL,BYTE [24+EBP]
   414 0000034E                                 L43:
   415 0000034E 8B 45 14                        	MOV	EAX,DWORD [20+EBP]
   416 00000351 8B 55 10                        	MOV	EDX,DWORD [16+EBP]
   417 00000354 01 F0                           	ADD	EAX,ESI
   418 00000356 0F AF 45 0C                     	IMUL	EAX,DWORD [12+EBP]
   419 0000035A 03 45 08                        	ADD	EAX,DWORD [8+EBP]
   420 0000035D 8D 0C 02                        	LEA	ECX,DWORD [EDX+EAX*1]
   421 00000360 8A 14 3E                        	MOV	DL,BYTE [ESI+EDI*1]
   422 00000363 84 D2                           	TEST	DL,DL
   423 00000365 79 02                           	JNS	L35
   424 00000367 88 19                           	MOV	BYTE [ECX],BL
   425 00000369                                 L35:
   426 00000369 88 D0                           	MOV	AL,DL
   427 0000036B 83 E0 40                        	AND	EAX,64
   428 0000036E 84 C0                           	TEST	AL,AL
   429 00000370 74 03                           	JE	L36
   430 00000372 88 59 01                        	MOV	BYTE [1+ECX],BL
   431 00000375                                 L36:
   432 00000375 88 D0                           	MOV	AL,DL
   433 00000377 83 E0 20                        	AND	EAX,32
   434 0000037A 84 C0                           	TEST	AL,AL
   435 0000037C 74 03                           	JE	L37
   436 0000037E 88 59 02                        	MOV	BYTE [2+ECX],BL
   437 00000381                                 L37:
   438 00000381 88 D0                           	MOV	AL,DL
   439 00000383 83 E0 10                        	AND	EAX,16
   440 00000386 84 C0                           	TEST	AL,AL
   441 00000388 74 03                           	JE	L38
   442 0000038A 88 59 03                        	MOV	BYTE [3+ECX],BL
   443 0000038D                                 L38:
   444 0000038D 88 D0                           	MOV	AL,DL
   445 0000038F 83 E0 08                        	AND	EAX,8
   446 00000392 84 C0                           	TEST	AL,AL
   447 00000394 74 03                           	JE	L39
   448 00000396 88 59 04                        	MOV	BYTE [4+ECX],BL
   449 00000399                                 L39:
   450 00000399 88 D0                           	MOV	AL,DL
   451 0000039B 83 E0 04                        	AND	EAX,4
   452 0000039E 84 C0                           	TEST	AL,AL
   453 000003A0 74 03                           	JE	L40
   454 000003A2 88 59 05                        	MOV	BYTE [5+ECX],BL
   455 000003A5                                 L40:
   456 000003A5 88 D0                           	MOV	AL,DL
   457 000003A7 83 E0 02                        	AND	EAX,2
   458 000003AA 84 C0                           	TEST	AL,AL
   459 000003AC 74 03                           	JE	L41
   460 000003AE 88 59 06                        	MOV	BYTE [6+ECX],BL
   461 000003B1                                 L41:
   462 000003B1 83 E2 01                        	AND	EDX,1
   463 000003B4 84 D2                           	TEST	DL,DL
   464 000003B6 74 03                           	JE	L33
   465 000003B8 88 59 07                        	MOV	BYTE [7+ECX],BL
   466 000003BB                                 L33:
   467 000003BB 46                              	INC	ESI
   468 000003BC 83 FE 0F                        	CMP	ESI,15
   469 000003BF 7E 8D                           	JLE	L43
   470 000003C1 5B                              	POP	EBX
   471 000003C2 5E                              	POP	ESI
   472 000003C3 5F                              	POP	EDI
   473 000003C4 5D                              	POP	EBP
   474 000003C5 C3                              	RET
   475 000003C6                                 	GLOBAL	_putfont8_asc
   476 000003C6                                 _putfont8_asc:
   477 000003C6 55                              	PUSH	EBP
   478 000003C7 89 E5                           	MOV	EBP,ESP
   479 000003C9 57                              	PUSH	EDI
   480 000003CA 56                              	PUSH	ESI
   481 000003CB 53                              	PUSH	EBX
   482 000003CC 50                              	PUSH	EAX
   483 000003CD 8B 5D 1C                        	MOV	EBX,DWORD [28+EBP]
   484 000003D0 8A 45 18                        	MOV	AL,BYTE [24+EBP]
   485 000003D3 88 45 F3                        	MOV	BYTE [-13+EBP],AL
   486 000003D6 8B 75 10                        	MOV	ESI,DWORD [16+EBP]
   487 000003D9 8B 7D 14                        	MOV	EDI,DWORD [20+EBP]
   488 000003DC 80 3B 00                        	CMP	BYTE [EBX],0
   489 000003DF 75 08                           	JNE	L51
   490 000003E1                                 L53:
   491 000003E1 8D 65 F4                        	LEA	ESP,DWORD [-12+EBP]
   492 000003E4 5B                              	POP	EBX
   493 000003E5 5E                              	POP	ESI
   494 000003E6 5F                              	POP	EDI
   495 000003E7 5D                              	POP	EBP
   496 000003E8 C3                              	RET
   497 000003E9                                 L51:
   498 000003E9 0F B6 03                        	MOVZX	EAX,BYTE [EBX]
   499 000003EC C1 E0 04                        	SAL	EAX,4
   500 000003EF 43                              	INC	EBX
   501 000003F0 05 [00000000]                   	ADD	EAX,_hankaku
   502 000003F5 50                              	PUSH	EAX
   503 000003F6 0F BE 45 F3                     	MOVSX	EAX,BYTE [-13+EBP]
   504 000003FA 50                              	PUSH	EAX
   505 000003FB 57                              	PUSH	EDI
   506 000003FC 56                              	PUSH	ESI
   507 000003FD 83 C6 08                        	ADD	ESI,8
   508 00000400 FF 75 0C                        	PUSH	DWORD [12+EBP]
   509 00000403 FF 75 08                        	PUSH	DWORD [8+EBP]
   510 00000406 E8 FFFFFF35                     	CALL	_putfont8
   511 0000040B 83 C4 18                        	ADD	ESP,24
   512 0000040E 80 3B 00                        	CMP	BYTE [EBX],0
   513 00000411 75 D6                           	JNE	L51
   514 00000413 EB CC                           	JMP	L53
